CRITICAL - 2022-01-19 21:25:16 --> Maximum execution time of 120 seconds exceeded
#0 [internal function]: CodeIgniter\Debug\Exceptions->shutdownHandler()
#1 {main}
CRITICAL - 2022-01-19 23:42:14 --> syntax error, unexpected token "return"
#0 C:\xampp\htdocs\otmiza_sgc_new\system\Router\Router.php(175): CodeIgniter\Router\Router->autoRoute('usuario')
#1 C:\xampp\htdocs\otmiza_sgc_new\system\CodeIgniter.php(719): CodeIgniter\Router\Router->handle('usuario')
#2 C:\xampp\htdocs\otmiza_sgc_new\system\CodeIgniter.php(361): CodeIgniter\CodeIgniter->tryToRouteIt(Object(CodeIgniter\Router\RouteCollection))
#3 C:\xampp\htdocs\otmiza_sgc_new\system\CodeIgniter.php(320): CodeIgniter\CodeIgniter->handleRequest(NULL, Object(Config\Cache), false)
#4 C:\xampp\htdocs\otmiza_sgc_new\public\index.php(37): CodeIgniter\CodeIgniter->run()
#5 {main}
CRITICAL - 2022-01-19 23:42:53 --> Undefined variable $imagem
#0 C:\xampp\htdocs\otmiza_sgc_new\app\Views\_common\header.php(10): CodeIgniter\Debug\Exceptions->errorHandler(2, 'Undefined varia...', 'C:\\xampp\\htdocs...', 10)
#1 C:\xampp\htdocs\otmiza_sgc_new\system\View\View.php(210): include('C:\\xampp\\htdocs...')
#2 C:\xampp\htdocs\otmiza_sgc_new\system\View\View.php(213): CodeIgniter\View\View->CodeIgniter\View\{closure}()
#3 C:\xampp\htdocs\otmiza_sgc_new\system\View\View.php(424): CodeIgniter\View\View->render('_common/header', NULL, true)
#4 C:\xampp\htdocs\otmiza_sgc_new\app\Views\usuario\index.php(4): CodeIgniter\View\View->include('_common/header')
#5 C:\xampp\htdocs\otmiza_sgc_new\system\View\View.php(210): include('C:\\xampp\\htdocs...')
#6 C:\xampp\htdocs\otmiza_sgc_new\system\View\View.php(213): CodeIgniter\View\View->CodeIgniter\View\{closure}()
#7 C:\xampp\htdocs\otmiza_sgc_new\system\Common.php(1089): CodeIgniter\View\View->render('usuario/index', Array, true)
#8 C:\xampp\htdocs\otmiza_sgc_new\app\Controllers\Usuario.php(22): view('usuario/index')
#9 C:\xampp\htdocs\otmiza_sgc_new\system\CodeIgniter.php(825): App\Controllers\Usuario->index()
#10 C:\xampp\htdocs\otmiza_sgc_new\system\CodeIgniter.php(412): CodeIgniter\CodeIgniter->runController(Object(App\Controllers\Usuario))
#11 C:\xampp\htdocs\otmiza_sgc_new\system\CodeIgniter.php(320): CodeIgniter\CodeIgniter->handleRequest(NULL, Object(Config\Cache), false)
#12 C:\xampp\htdocs\otmiza_sgc_new\public\index.php(37): CodeIgniter\CodeIgniter->run()
#13 {main}
CRITICAL - 2022-01-19 23:44:27 --> Undefined variable $imagem
#0 C:\xampp\htdocs\otmiza_sgc_new\app\Views\_common\header.php(10): CodeIgniter\Debug\Exceptions->errorHandler(2, 'Undefined varia...', 'C:\\xampp\\htdocs...', 10)
#1 C:\xampp\htdocs\otmiza_sgc_new\system\View\View.php(210): include('C:\\xampp\\htdocs...')
#2 C:\xampp\htdocs\otmiza_sgc_new\system\View\View.php(213): CodeIgniter\View\View->CodeIgniter\View\{closure}()
#3 C:\xampp\htdocs\otmiza_sgc_new\system\View\View.php(424): CodeIgniter\View\View->render('_common/header', NULL, true)
#4 C:\xampp\htdocs\otmiza_sgc_new\app\Views\usuario\index.php(4): CodeIgniter\View\View->include('_common/header')
#5 C:\xampp\htdocs\otmiza_sgc_new\system\View\View.php(210): include('C:\\xampp\\htdocs...')
#6 C:\xampp\htdocs\otmiza_sgc_new\system\View\View.php(213): CodeIgniter\View\View->CodeIgniter\View\{closure}()
#7 C:\xampp\htdocs\otmiza_sgc_new\system\Common.php(1089): CodeIgniter\View\View->render('usuario/index', Array, true)
#8 C:\xampp\htdocs\otmiza_sgc_new\app\Controllers\Usuario.php(23): view('usuario/index')
#9 C:\xampp\htdocs\otmiza_sgc_new\system\CodeIgniter.php(825): App\Controllers\Usuario->index()
#10 C:\xampp\htdocs\otmiza_sgc_new\system\CodeIgniter.php(412): CodeIgniter\CodeIgniter->runController(Object(App\Controllers\Usuario))
#11 C:\xampp\htdocs\otmiza_sgc_new\system\CodeIgniter.php(320): CodeIgniter\CodeIgniter->handleRequest(NULL, Object(Config\Cache), false)
#12 C:\xampp\htdocs\otmiza_sgc_new\public\index.php(37): CodeIgniter\CodeIgniter->run()
#13 {main}
CRITICAL - 2022-01-19 23:44:45 --> Undefined variable $imagem
#0 C:\xampp\htdocs\otmiza_sgc_new\app\Views\_common\header.php(10): CodeIgniter\Debug\Exceptions->errorHandler(2, 'Undefined varia...', 'C:\\xampp\\htdocs...', 10)
#1 C:\xampp\htdocs\otmiza_sgc_new\system\View\View.php(210): include('C:\\xampp\\htdocs...')
#2 C:\xampp\htdocs\otmiza_sgc_new\system\View\View.php(213): CodeIgniter\View\View->CodeIgniter\View\{closure}()
#3 C:\xampp\htdocs\otmiza_sgc_new\system\View\View.php(424): CodeIgniter\View\View->render('_common/header', NULL, true)
#4 C:\xampp\htdocs\otmiza_sgc_new\app\Views\usuario\index.php(4): CodeIgniter\View\View->include('_common/header')
#5 C:\xampp\htdocs\otmiza_sgc_new\system\View\View.php(210): include('C:\\xampp\\htdocs...')
#6 C:\xampp\htdocs\otmiza_sgc_new\system\View\View.php(213): CodeIgniter\View\View->CodeIgniter\View\{closure}()
#7 C:\xampp\htdocs\otmiza_sgc_new\system\Common.php(1089): CodeIgniter\View\View->render('usuario/index', Array, true)
#8 C:\xampp\htdocs\otmiza_sgc_new\app\Controllers\Usuario.php(23): view('usuario/index')
#9 C:\xampp\htdocs\otmiza_sgc_new\system\CodeIgniter.php(825): App\Controllers\Usuario->index()
#10 C:\xampp\htdocs\otmiza_sgc_new\system\CodeIgniter.php(412): CodeIgniter\CodeIgniter->runController(Object(App\Controllers\Usuario))
#11 C:\xampp\htdocs\otmiza_sgc_new\system\CodeIgniter.php(320): CodeIgniter\CodeIgniter->handleRequest(NULL, Object(Config\Cache), false)
#12 C:\xampp\htdocs\otmiza_sgc_new\public\index.php(37): CodeIgniter\CodeIgniter->run()
#13 {main}
CRITICAL - 2022-01-19 23:45:22 --> Undefined variable $titulo
#0 C:\xampp\htdocs\otmiza_sgc_new\app\Views\_common\header.php(16): CodeIgniter\Debug\Exceptions->errorHandler(2, 'Undefined varia...', 'C:\\xampp\\htdocs...', 16)
#1 C:\xampp\htdocs\otmiza_sgc_new\system\View\View.php(210): include('C:\\xampp\\htdocs...')
#2 C:\xampp\htdocs\otmiza_sgc_new\system\View\View.php(213): CodeIgniter\View\View->CodeIgniter\View\{closure}()
#3 C:\xampp\htdocs\otmiza_sgc_new\system\View\View.php(424): CodeIgniter\View\View->render('_common/header', NULL, true)
#4 C:\xampp\htdocs\otmiza_sgc_new\app\Views\usuario\index.php(4): CodeIgniter\View\View->include('_common/header')
#5 C:\xampp\htdocs\otmiza_sgc_new\system\View\View.php(210): include('C:\\xampp\\htdocs...')
#6 C:\xampp\htdocs\otmiza_sgc_new\system\View\View.php(213): CodeIgniter\View\View->CodeIgniter\View\{closure}()
#7 C:\xampp\htdocs\otmiza_sgc_new\system\Common.php(1089): CodeIgniter\View\View->render('usuario/index', Array, true)
#8 C:\xampp\htdocs\otmiza_sgc_new\app\Controllers\Usuario.php(23): view('usuario/index', Array)
#9 C:\xampp\htdocs\otmiza_sgc_new\system\CodeIgniter.php(825): App\Controllers\Usuario->index()
#10 C:\xampp\htdocs\otmiza_sgc_new\system\CodeIgniter.php(412): CodeIgniter\CodeIgniter->runController(Object(App\Controllers\Usuario))
#11 C:\xampp\htdocs\otmiza_sgc_new\system\CodeIgniter.php(320): CodeIgniter\CodeIgniter->handleRequest(NULL, Object(Config\Cache), false)
#12 C:\xampp\htdocs\otmiza_sgc_new\public\index.php(37): CodeIgniter\CodeIgniter->run()
#13 {main}
CRITICAL - 2022-01-19 23:46:03 --> Undefined variable $class_1
#0 C:\xampp\htdocs\otmiza_sgc_new\app\Views\_common\header.php(20): CodeIgniter\Debug\Exceptions->errorHandler(2, 'Undefined varia...', 'C:\\xampp\\htdocs...', 20)
#1 C:\xampp\htdocs\otmiza_sgc_new\system\View\View.php(210): include('C:\\xampp\\htdocs...')
#2 C:\xampp\htdocs\otmiza_sgc_new\system\View\View.php(213): CodeIgniter\View\View->CodeIgniter\View\{closure}()
#3 C:\xampp\htdocs\otmiza_sgc_new\system\View\View.php(424): CodeIgniter\View\View->render('_common/header', NULL, true)
#4 C:\xampp\htdocs\otmiza_sgc_new\app\Views\usuario\index.php(4): CodeIgniter\View\View->include('_common/header')
#5 C:\xampp\htdocs\otmiza_sgc_new\system\View\View.php(210): include('C:\\xampp\\htdocs...')
#6 C:\xampp\htdocs\otmiza_sgc_new\system\View\View.php(213): CodeIgniter\View\View->CodeIgniter\View\{closure}()
#7 C:\xampp\htdocs\otmiza_sgc_new\system\Common.php(1089): CodeIgniter\View\View->render('usuario/index', Array, true)
#8 C:\xampp\htdocs\otmiza_sgc_new\app\Controllers\Usuario.php(24): view('usuario/index', Array)
#9 C:\xampp\htdocs\otmiza_sgc_new\system\CodeIgniter.php(825): App\Controllers\Usuario->index()
#10 C:\xampp\htdocs\otmiza_sgc_new\system\CodeIgniter.php(412): CodeIgniter\CodeIgniter->runController(Object(App\Controllers\Usuario))
#11 C:\xampp\htdocs\otmiza_sgc_new\system\CodeIgniter.php(320): CodeIgniter\CodeIgniter->handleRequest(NULL, Object(Config\Cache), false)
#12 C:\xampp\htdocs\otmiza_sgc_new\public\index.php(37): CodeIgniter\CodeIgniter->run()
#13 {main}
