CRITICAL - 2022-12-11 12:22:49 --> Undefined array key "nome_razao"
#0 C:\xampp\htdocs\otmiza_sgc_new\app\Views\modelo\visualizar.php(26): CodeIgniter\Debug\Exceptions->errorHandler(2, 'Undefined array...', 'C:\\xampp\\htdocs...', 26)
#1 C:\xampp\htdocs\otmiza_sgc_new\system\View\View.php(210): include('C:\\xampp\\htdocs...')
#2 C:\xampp\htdocs\otmiza_sgc_new\system\View\View.php(213): CodeIgniter\View\View->CodeIgniter\View\{closure}()
#3 C:\xampp\htdocs\otmiza_sgc_new\system\Common.php(1089): CodeIgniter\View\View->render('modelo/visualiz...', Array, true)
#4 C:\xampp\htdocs\otmiza_sgc_new\app\Controllers\Modelo.php(200): view('modelo/visualiz...', Array)
#5 C:\xampp\htdocs\otmiza_sgc_new\system\CodeIgniter.php(825): App\Controllers\Modelo->visualizar('20')
#6 C:\xampp\htdocs\otmiza_sgc_new\system\CodeIgniter.php(412): CodeIgniter\CodeIgniter->runController(Object(App\Controllers\Modelo))
#7 C:\xampp\htdocs\otmiza_sgc_new\system\CodeIgniter.php(320): CodeIgniter\CodeIgniter->handleRequest(NULL, Object(Config\Cache), false)
#8 C:\xampp\htdocs\otmiza_sgc_new\public\index.php(37): CodeIgniter\CodeIgniter->run()
#9 {main}
CRITICAL - 2022-12-11 12:23:27 --> Undefined array key "nome_razao"
#0 C:\xampp\htdocs\otmiza_sgc_new\app\Views\modelo\visualizar.php(26): CodeIgniter\Debug\Exceptions->errorHandler(2, 'Undefined array...', 'C:\\xampp\\htdocs...', 26)
#1 C:\xampp\htdocs\otmiza_sgc_new\system\View\View.php(210): include('C:\\xampp\\htdocs...')
#2 C:\xampp\htdocs\otmiza_sgc_new\system\View\View.php(213): CodeIgniter\View\View->CodeIgniter\View\{closure}()
#3 C:\xampp\htdocs\otmiza_sgc_new\system\Common.php(1089): CodeIgniter\View\View->render('modelo/visualiz...', Array, true)
#4 C:\xampp\htdocs\otmiza_sgc_new\app\Controllers\Modelo.php(200): view('modelo/visualiz...', Array)
#5 C:\xampp\htdocs\otmiza_sgc_new\system\CodeIgniter.php(825): App\Controllers\Modelo->visualizar('20')
#6 C:\xampp\htdocs\otmiza_sgc_new\system\CodeIgniter.php(412): CodeIgniter\CodeIgniter->runController(Object(App\Controllers\Modelo))
#7 C:\xampp\htdocs\otmiza_sgc_new\system\CodeIgniter.php(320): CodeIgniter\CodeIgniter->handleRequest(NULL, Object(Config\Cache), false)
#8 C:\xampp\htdocs\otmiza_sgc_new\public\index.php(37): CodeIgniter\CodeIgniter->run()
#9 {main}
CRITICAL - 2022-12-11 12:23:31 --> Undefined array key "nome_razao"
#0 C:\xampp\htdocs\otmiza_sgc_new\app\Views\modelo\visualizar.php(26): CodeIgniter\Debug\Exceptions->errorHandler(2, 'Undefined array...', 'C:\\xampp\\htdocs...', 26)
#1 C:\xampp\htdocs\otmiza_sgc_new\system\View\View.php(210): include('C:\\xampp\\htdocs...')
#2 C:\xampp\htdocs\otmiza_sgc_new\system\View\View.php(213): CodeIgniter\View\View->CodeIgniter\View\{closure}()
#3 C:\xampp\htdocs\otmiza_sgc_new\system\Common.php(1089): CodeIgniter\View\View->render('modelo/visualiz...', Array, true)
#4 C:\xampp\htdocs\otmiza_sgc_new\app\Controllers\Modelo.php(200): view('modelo/visualiz...', Array)
#5 C:\xampp\htdocs\otmiza_sgc_new\system\CodeIgniter.php(825): App\Controllers\Modelo->visualizar('20')
#6 C:\xampp\htdocs\otmiza_sgc_new\system\CodeIgniter.php(412): CodeIgniter\CodeIgniter->runController(Object(App\Controllers\Modelo))
#7 C:\xampp\htdocs\otmiza_sgc_new\system\CodeIgniter.php(320): CodeIgniter\CodeIgniter->handleRequest(NULL, Object(Config\Cache), false)
#8 C:\xampp\htdocs\otmiza_sgc_new\public\index.php(37): CodeIgniter\CodeIgniter->run()
#9 {main}
CRITICAL - 2022-12-11 12:24:58 --> Undefined array key "cliente_nome"
#0 C:\xampp\htdocs\otmiza_sgc_new\app\Views\modelo\visualizar.php(26): CodeIgniter\Debug\Exceptions->errorHandler(2, 'Undefined array...', 'C:\\xampp\\htdocs...', 26)
#1 C:\xampp\htdocs\otmiza_sgc_new\system\View\View.php(210): include('C:\\xampp\\htdocs...')
#2 C:\xampp\htdocs\otmiza_sgc_new\system\View\View.php(213): CodeIgniter\View\View->CodeIgniter\View\{closure}()
#3 C:\xampp\htdocs\otmiza_sgc_new\system\Common.php(1089): CodeIgniter\View\View->render('modelo/visualiz...', Array, true)
#4 C:\xampp\htdocs\otmiza_sgc_new\app\Controllers\Modelo.php(200): view('modelo/visualiz...', Array)
#5 C:\xampp\htdocs\otmiza_sgc_new\system\CodeIgniter.php(825): App\Controllers\Modelo->visualizar('20')
#6 C:\xampp\htdocs\otmiza_sgc_new\system\CodeIgniter.php(412): CodeIgniter\CodeIgniter->runController(Object(App\Controllers\Modelo))
#7 C:\xampp\htdocs\otmiza_sgc_new\system\CodeIgniter.php(320): CodeIgniter\CodeIgniter->handleRequest(NULL, Object(Config\Cache), false)
#8 C:\xampp\htdocs\otmiza_sgc_new\public\index.php(37): CodeIgniter\CodeIgniter->run()
#9 {main}
CRITICAL - 2022-12-11 12:26:47 --> Call to undefined method App\Models\ClienteModel::inputText
#0 C:\xampp\htdocs\otmiza_sgc_new\app\Controllers\Modelo.php(139): CodeIgniter\Model->__call('inputText', Array)
#1 C:\xampp\htdocs\otmiza_sgc_new\system\CodeIgniter.php(825): App\Controllers\Modelo->edit('21')
#2 C:\xampp\htdocs\otmiza_sgc_new\system\CodeIgniter.php(412): CodeIgniter\CodeIgniter->runController(Object(App\Controllers\Modelo))
#3 C:\xampp\htdocs\otmiza_sgc_new\system\CodeIgniter.php(320): CodeIgniter\CodeIgniter->handleRequest(NULL, Object(Config\Cache), false)
#4 C:\xampp\htdocs\otmiza_sgc_new\public\index.php(37): CodeIgniter\CodeIgniter->run()
#5 {main}
CRITICAL - 2022-12-11 12:50:03 --> form_input(): Argument #2 ($value) must be of type string, array given, called in C:\xampp\htdocs\otmiza_sgc_new\app\Views\modelo\visualizar.php on line 26
#0 C:\xampp\htdocs\otmiza_sgc_new\app\Views\modelo\visualizar.php(26): form_input('cliente_id', Array)
#1 C:\xampp\htdocs\otmiza_sgc_new\system\View\View.php(210): include('C:\\xampp\\htdocs...')
#2 C:\xampp\htdocs\otmiza_sgc_new\system\View\View.php(213): CodeIgniter\View\View->CodeIgniter\View\{closure}()
#3 C:\xampp\htdocs\otmiza_sgc_new\system\Common.php(1089): CodeIgniter\View\View->render('modelo/visualiz...', Array, true)
#4 C:\xampp\htdocs\otmiza_sgc_new\app\Controllers\Modelo.php(198): view('modelo/visualiz...', Array)
#5 C:\xampp\htdocs\otmiza_sgc_new\system\CodeIgniter.php(825): App\Controllers\Modelo->visualizar('21')
#6 C:\xampp\htdocs\otmiza_sgc_new\system\CodeIgniter.php(412): CodeIgniter\CodeIgniter->runController(Object(App\Controllers\Modelo))
#7 C:\xampp\htdocs\otmiza_sgc_new\system\CodeIgniter.php(320): CodeIgniter\CodeIgniter->handleRequest(NULL, Object(Config\Cache), false)
#8 C:\xampp\htdocs\otmiza_sgc_new\public\index.php(37): CodeIgniter\CodeIgniter->run()
#9 {main}
CRITICAL - 2022-12-11 12:51:19 --> Call to undefined function input()
#0 C:\xampp\htdocs\otmiza_sgc_new\system\View\View.php(210): include()
#1 C:\xampp\htdocs\otmiza_sgc_new\system\View\View.php(213): CodeIgniter\View\View->CodeIgniter\View\{closure}()
#2 C:\xampp\htdocs\otmiza_sgc_new\system\Common.php(1089): CodeIgniter\View\View->render('modelo/visualiz...', Array, true)
#3 C:\xampp\htdocs\otmiza_sgc_new\app\Controllers\Modelo.php(198): view('modelo/visualiz...', Array)
#4 C:\xampp\htdocs\otmiza_sgc_new\system\CodeIgniter.php(825): App\Controllers\Modelo->visualizar('21')
#5 C:\xampp\htdocs\otmiza_sgc_new\system\CodeIgniter.php(412): CodeIgniter\CodeIgniter->runController(Object(App\Controllers\Modelo))
#6 C:\xampp\htdocs\otmiza_sgc_new\system\CodeIgniter.php(320): CodeIgniter\CodeIgniter->handleRequest(NULL, Object(Config\Cache), false)
#7 C:\xampp\htdocs\otmiza_sgc_new\public\index.php(37): CodeIgniter\CodeIgniter->run()
#8 {main}
CRITICAL - 2022-12-11 12:52:27 --> form_input(): Argument #2 ($value) must be of type string, array given, called in C:\xampp\htdocs\otmiza_sgc_new\app\Views\modelo\visualizar.php on line 26
#0 C:\xampp\htdocs\otmiza_sgc_new\app\Views\modelo\visualizar.php(26): form_input('cliente_id', Array)
#1 C:\xampp\htdocs\otmiza_sgc_new\system\View\View.php(210): include('C:\\xampp\\htdocs...')
#2 C:\xampp\htdocs\otmiza_sgc_new\system\View\View.php(213): CodeIgniter\View\View->CodeIgniter\View\{closure}()
#3 C:\xampp\htdocs\otmiza_sgc_new\system\Common.php(1089): CodeIgniter\View\View->render('modelo/visualiz...', Array, true)
#4 C:\xampp\htdocs\otmiza_sgc_new\app\Controllers\Modelo.php(198): view('modelo/visualiz...', Array)
#5 C:\xampp\htdocs\otmiza_sgc_new\system\CodeIgniter.php(825): App\Controllers\Modelo->visualizar('21')
#6 C:\xampp\htdocs\otmiza_sgc_new\system\CodeIgniter.php(412): CodeIgniter\CodeIgniter->runController(Object(App\Controllers\Modelo))
#7 C:\xampp\htdocs\otmiza_sgc_new\system\CodeIgniter.php(320): CodeIgniter\CodeIgniter->handleRequest(NULL, Object(Config\Cache), false)
#8 C:\xampp\htdocs\otmiza_sgc_new\public\index.php(37): CodeIgniter\CodeIgniter->run()
#9 {main}
CRITICAL - 2022-12-11 12:55:04 --> form_textarea(): Argument #2 ($value) must be of type string, array given, called in C:\xampp\htdocs\otmiza_sgc_new\app\Views\modelo\visualizar.php on line 26
#0 C:\xampp\htdocs\otmiza_sgc_new\app\Views\modelo\visualizar.php(26): form_textarea('cliente_id', Array)
#1 C:\xampp\htdocs\otmiza_sgc_new\system\View\View.php(210): include('C:\\xampp\\htdocs...')
#2 C:\xampp\htdocs\otmiza_sgc_new\system\View\View.php(213): CodeIgniter\View\View->CodeIgniter\View\{closure}()
#3 C:\xampp\htdocs\otmiza_sgc_new\system\Common.php(1089): CodeIgniter\View\View->render('modelo/visualiz...', Array, true)
#4 C:\xampp\htdocs\otmiza_sgc_new\app\Controllers\Modelo.php(198): view('modelo/visualiz...', Array)
#5 C:\xampp\htdocs\otmiza_sgc_new\system\CodeIgniter.php(825): App\Controllers\Modelo->visualizar('21')
#6 C:\xampp\htdocs\otmiza_sgc_new\system\CodeIgniter.php(412): CodeIgniter\CodeIgniter->runController(Object(App\Controllers\Modelo))
#7 C:\xampp\htdocs\otmiza_sgc_new\system\CodeIgniter.php(320): CodeIgniter\CodeIgniter->handleRequest(NULL, Object(Config\Cache), false)
#8 C:\xampp\htdocs\otmiza_sgc_new\public\index.php(37): CodeIgniter\CodeIgniter->run()
#9 {main}
CRITICAL - 2022-12-11 12:55:27 --> form_input(): Argument #2 ($value) must be of type string, array given, called in C:\xampp\htdocs\otmiza_sgc_new\app\Views\modelo\visualizar.php on line 26
#0 C:\xampp\htdocs\otmiza_sgc_new\app\Views\modelo\visualizar.php(26): form_input('cliente_id', Array)
#1 C:\xampp\htdocs\otmiza_sgc_new\system\View\View.php(210): include('C:\\xampp\\htdocs...')
#2 C:\xampp\htdocs\otmiza_sgc_new\system\View\View.php(213): CodeIgniter\View\View->CodeIgniter\View\{closure}()
#3 C:\xampp\htdocs\otmiza_sgc_new\system\Common.php(1089): CodeIgniter\View\View->render('modelo/visualiz...', Array, true)
#4 C:\xampp\htdocs\otmiza_sgc_new\app\Controllers\Modelo.php(198): view('modelo/visualiz...', Array)
#5 C:\xampp\htdocs\otmiza_sgc_new\system\CodeIgniter.php(825): App\Controllers\Modelo->visualizar('21')
#6 C:\xampp\htdocs\otmiza_sgc_new\system\CodeIgniter.php(412): CodeIgniter\CodeIgniter->runController(Object(App\Controllers\Modelo))
#7 C:\xampp\htdocs\otmiza_sgc_new\system\CodeIgniter.php(320): CodeIgniter\CodeIgniter->handleRequest(NULL, Object(Config\Cache), false)
#8 C:\xampp\htdocs\otmiza_sgc_new\public\index.php(37): CodeIgniter\CodeIgniter->run()
#9 {main}
CRITICAL - 2022-12-11 12:58:06 --> form_textarea(): Argument #2 ($value) must be of type string, array given, called in C:\xampp\htdocs\otmiza_sgc_new\app\Views\modelo\visualizar.php on line 26
#0 C:\xampp\htdocs\otmiza_sgc_new\app\Views\modelo\visualizar.php(26): form_textarea('cliente_id', Array)
#1 C:\xampp\htdocs\otmiza_sgc_new\system\View\View.php(210): include('C:\\xampp\\htdocs...')
#2 C:\xampp\htdocs\otmiza_sgc_new\system\View\View.php(213): CodeIgniter\View\View->CodeIgniter\View\{closure}()
#3 C:\xampp\htdocs\otmiza_sgc_new\system\Common.php(1089): CodeIgniter\View\View->render('modelo/visualiz...', Array, true)
#4 C:\xampp\htdocs\otmiza_sgc_new\app\Controllers\Modelo.php(198): view('modelo/visualiz...', Array)
#5 C:\xampp\htdocs\otmiza_sgc_new\system\CodeIgniter.php(825): App\Controllers\Modelo->visualizar('21')
#6 C:\xampp\htdocs\otmiza_sgc_new\system\CodeIgniter.php(412): CodeIgniter\CodeIgniter->runController(Object(App\Controllers\Modelo))
#7 C:\xampp\htdocs\otmiza_sgc_new\system\CodeIgniter.php(320): CodeIgniter\CodeIgniter->handleRequest(NULL, Object(Config\Cache), false)
#8 C:\xampp\htdocs\otmiza_sgc_new\public\index.php(37): CodeIgniter\CodeIgniter->run()
#9 {main}
CRITICAL - 2022-12-11 12:59:27 --> form_input(): Argument #2 ($value) must be of type string, array given, called in C:\xampp\htdocs\otmiza_sgc_new\app\Views\modelo\visualizar.php on line 26
#0 C:\xampp\htdocs\otmiza_sgc_new\app\Views\modelo\visualizar.php(26): form_input('cliente_id', Array)
#1 C:\xampp\htdocs\otmiza_sgc_new\system\View\View.php(210): include('C:\\xampp\\htdocs...')
#2 C:\xampp\htdocs\otmiza_sgc_new\system\View\View.php(213): CodeIgniter\View\View->CodeIgniter\View\{closure}()
#3 C:\xampp\htdocs\otmiza_sgc_new\system\Common.php(1089): CodeIgniter\View\View->render('modelo/visualiz...', Array, true)
#4 C:\xampp\htdocs\otmiza_sgc_new\app\Controllers\Modelo.php(198): view('modelo/visualiz...', Array)
#5 C:\xampp\htdocs\otmiza_sgc_new\system\CodeIgniter.php(825): App\Controllers\Modelo->visualizar('21')
#6 C:\xampp\htdocs\otmiza_sgc_new\system\CodeIgniter.php(412): CodeIgniter\CodeIgniter->runController(Object(App\Controllers\Modelo))
#7 C:\xampp\htdocs\otmiza_sgc_new\system\CodeIgniter.php(320): CodeIgniter\CodeIgniter->handleRequest(NULL, Object(Config\Cache), false)
#8 C:\xampp\htdocs\otmiza_sgc_new\public\index.php(37): CodeIgniter\CodeIgniter->run()
#9 {main}
CRITICAL - 2022-12-11 13:00:13 --> form_input(): Argument #2 ($value) must be of type string, array given, called in C:\xampp\htdocs\otmiza_sgc_new\app\Views\modelo\visualizar.php on line 26
#0 C:\xampp\htdocs\otmiza_sgc_new\app\Views\modelo\visualizar.php(26): form_input(Array, Array)
#1 C:\xampp\htdocs\otmiza_sgc_new\system\View\View.php(210): include('C:\\xampp\\htdocs...')
#2 C:\xampp\htdocs\otmiza_sgc_new\system\View\View.php(213): CodeIgniter\View\View->CodeIgniter\View\{closure}()
#3 C:\xampp\htdocs\otmiza_sgc_new\system\Common.php(1089): CodeIgniter\View\View->render('modelo/visualiz...', Array, true)
#4 C:\xampp\htdocs\otmiza_sgc_new\app\Controllers\Modelo.php(198): view('modelo/visualiz...', Array)
#5 C:\xampp\htdocs\otmiza_sgc_new\system\CodeIgniter.php(825): App\Controllers\Modelo->visualizar('21')
#6 C:\xampp\htdocs\otmiza_sgc_new\system\CodeIgniter.php(412): CodeIgniter\CodeIgniter->runController(Object(App\Controllers\Modelo))
#7 C:\xampp\htdocs\otmiza_sgc_new\system\CodeIgniter.php(320): CodeIgniter\CodeIgniter->handleRequest(NULL, Object(Config\Cache), false)
#8 C:\xampp\htdocs\otmiza_sgc_new\public\index.php(37): CodeIgniter\CodeIgniter->run()
#9 {main}
CRITICAL - 2022-12-11 13:00:44 --> form_input(): Argument #2 ($value) must be of type string, array given, called in C:\xampp\htdocs\otmiza_sgc_new\app\Views\modelo\visualizar.php on line 26
#0 C:\xampp\htdocs\otmiza_sgc_new\app\Views\modelo\visualizar.php(26): form_input(Array, Array, 'cliente_id')
#1 C:\xampp\htdocs\otmiza_sgc_new\system\View\View.php(210): include('C:\\xampp\\htdocs...')
#2 C:\xampp\htdocs\otmiza_sgc_new\system\View\View.php(213): CodeIgniter\View\View->CodeIgniter\View\{closure}()
#3 C:\xampp\htdocs\otmiza_sgc_new\system\Common.php(1089): CodeIgniter\View\View->render('modelo/visualiz...', Array, true)
#4 C:\xampp\htdocs\otmiza_sgc_new\app\Controllers\Modelo.php(198): view('modelo/visualiz...', Array)
#5 C:\xampp\htdocs\otmiza_sgc_new\system\CodeIgniter.php(825): App\Controllers\Modelo->visualizar('21')
#6 C:\xampp\htdocs\otmiza_sgc_new\system\CodeIgniter.php(412): CodeIgniter\CodeIgniter->runController(Object(App\Controllers\Modelo))
#7 C:\xampp\htdocs\otmiza_sgc_new\system\CodeIgniter.php(320): CodeIgniter\CodeIgniter->handleRequest(NULL, Object(Config\Cache), false)
#8 C:\xampp\htdocs\otmiza_sgc_new\public\index.php(37): CodeIgniter\CodeIgniter->run()
#9 {main}
CRITICAL - 2022-12-11 13:00:47 --> form_input(): Argument #2 ($value) must be of type string, array given, called in C:\xampp\htdocs\otmiza_sgc_new\app\Views\modelo\visualizar.php on line 26
#0 C:\xampp\htdocs\otmiza_sgc_new\app\Views\modelo\visualizar.php(26): form_input(Array, Array, 'cliente_id')
#1 C:\xampp\htdocs\otmiza_sgc_new\system\View\View.php(210): include('C:\\xampp\\htdocs...')
#2 C:\xampp\htdocs\otmiza_sgc_new\system\View\View.php(213): CodeIgniter\View\View->CodeIgniter\View\{closure}()
#3 C:\xampp\htdocs\otmiza_sgc_new\system\Common.php(1089): CodeIgniter\View\View->render('modelo/visualiz...', Array, true)
#4 C:\xampp\htdocs\otmiza_sgc_new\app\Controllers\Modelo.php(198): view('modelo/visualiz...', Array)
#5 C:\xampp\htdocs\otmiza_sgc_new\system\CodeIgniter.php(825): App\Controllers\Modelo->visualizar('21')
#6 C:\xampp\htdocs\otmiza_sgc_new\system\CodeIgniter.php(412): CodeIgniter\CodeIgniter->runController(Object(App\Controllers\Modelo))
#7 C:\xampp\htdocs\otmiza_sgc_new\system\CodeIgniter.php(320): CodeIgniter\CodeIgniter->handleRequest(NULL, Object(Config\Cache), false)
#8 C:\xampp\htdocs\otmiza_sgc_new\public\index.php(37): CodeIgniter\CodeIgniter->run()
#9 {main}
CRITICAL - 2022-12-11 13:01:28 --> form_textarea(): Argument #2 ($value) must be of type string, array given, called in C:\xampp\htdocs\otmiza_sgc_new\app\Views\modelo\visualizar.php on line 26
#0 C:\xampp\htdocs\otmiza_sgc_new\app\Views\modelo\visualizar.php(26): form_textarea('cliente_id', Array)
#1 C:\xampp\htdocs\otmiza_sgc_new\system\View\View.php(210): include('C:\\xampp\\htdocs...')
#2 C:\xampp\htdocs\otmiza_sgc_new\system\View\View.php(213): CodeIgniter\View\View->CodeIgniter\View\{closure}()
#3 C:\xampp\htdocs\otmiza_sgc_new\system\Common.php(1089): CodeIgniter\View\View->render('modelo/visualiz...', Array, true)
#4 C:\xampp\htdocs\otmiza_sgc_new\app\Controllers\Modelo.php(198): view('modelo/visualiz...', Array)
#5 C:\xampp\htdocs\otmiza_sgc_new\system\CodeIgniter.php(825): App\Controllers\Modelo->visualizar('21')
#6 C:\xampp\htdocs\otmiza_sgc_new\system\CodeIgniter.php(412): CodeIgniter\CodeIgniter->runController(Object(App\Controllers\Modelo))
#7 C:\xampp\htdocs\otmiza_sgc_new\system\CodeIgniter.php(320): CodeIgniter\CodeIgniter->handleRequest(NULL, Object(Config\Cache), false)
#8 C:\xampp\htdocs\otmiza_sgc_new\public\index.php(37): CodeIgniter\CodeIgniter->run()
#9 {main}
CRITICAL - 2022-12-11 13:05:53 --> form_fieldset(): Argument #1 ($legendText) must be of type string, array given, called in C:\xampp\htdocs\otmiza_sgc_new\app\Views\modelo\visualizar.php on line 26
#0 C:\xampp\htdocs\otmiza_sgc_new\app\Views\modelo\visualizar.php(26): form_fieldset(Array)
#1 C:\xampp\htdocs\otmiza_sgc_new\system\View\View.php(210): include('C:\\xampp\\htdocs...')
#2 C:\xampp\htdocs\otmiza_sgc_new\system\View\View.php(213): CodeIgniter\View\View->CodeIgniter\View\{closure}()
#3 C:\xampp\htdocs\otmiza_sgc_new\system\Common.php(1089): CodeIgniter\View\View->render('modelo/visualiz...', Array, true)
#4 C:\xampp\htdocs\otmiza_sgc_new\app\Controllers\Modelo.php(198): view('modelo/visualiz...', Array)
#5 C:\xampp\htdocs\otmiza_sgc_new\system\CodeIgniter.php(825): App\Controllers\Modelo->visualizar('21')
#6 C:\xampp\htdocs\otmiza_sgc_new\system\CodeIgniter.php(412): CodeIgniter\CodeIgniter->runController(Object(App\Controllers\Modelo))
#7 C:\xampp\htdocs\otmiza_sgc_new\system\CodeIgniter.php(320): CodeIgniter\CodeIgniter->handleRequest(NULL, Object(Config\Cache), false)
#8 C:\xampp\htdocs\otmiza_sgc_new\public\index.php(37): CodeIgniter\CodeIgniter->run()
#9 {main}
CRITICAL - 2022-12-11 13:06:48 --> Undefined array key "cliente_id"
#0 C:\xampp\htdocs\otmiza_sgc_new\app\Views\modelo\visualizar.php(26): CodeIgniter\Debug\Exceptions->errorHandler(2, 'Undefined array...', 'C:\\xampp\\htdocs...', 26)
#1 C:\xampp\htdocs\otmiza_sgc_new\system\View\View.php(210): include('C:\\xampp\\htdocs...')
#2 C:\xampp\htdocs\otmiza_sgc_new\system\View\View.php(213): CodeIgniter\View\View->CodeIgniter\View\{closure}()
#3 C:\xampp\htdocs\otmiza_sgc_new\system\Common.php(1089): CodeIgniter\View\View->render('modelo/visualiz...', Array, true)
#4 C:\xampp\htdocs\otmiza_sgc_new\app\Controllers\Modelo.php(198): view('modelo/visualiz...', Array)
#5 C:\xampp\htdocs\otmiza_sgc_new\system\CodeIgniter.php(825): App\Controllers\Modelo->visualizar('21')
#6 C:\xampp\htdocs\otmiza_sgc_new\system\CodeIgniter.php(412): CodeIgniter\CodeIgniter->runController(Object(App\Controllers\Modelo))
#7 C:\xampp\htdocs\otmiza_sgc_new\system\CodeIgniter.php(320): CodeIgniter\CodeIgniter->handleRequest(NULL, Object(Config\Cache), false)
#8 C:\xampp\htdocs\otmiza_sgc_new\public\index.php(37): CodeIgniter\CodeIgniter->run()
#9 {main}
CRITICAL - 2022-12-11 13:09:57 --> Undefined array key "cliente_id"
#0 C:\xampp\htdocs\otmiza_sgc_new\app\Views\modelo\visualizar.php(26): CodeIgniter\Debug\Exceptions->errorHandler(2, 'Undefined array...', 'C:\\xampp\\htdocs...', 26)
#1 C:\xampp\htdocs\otmiza_sgc_new\system\View\View.php(210): include('C:\\xampp\\htdocs...')
#2 C:\xampp\htdocs\otmiza_sgc_new\system\View\View.php(213): CodeIgniter\View\View->CodeIgniter\View\{closure}()
#3 C:\xampp\htdocs\otmiza_sgc_new\system\Common.php(1089): CodeIgniter\View\View->render('modelo/visualiz...', Array, true)
#4 C:\xampp\htdocs\otmiza_sgc_new\app\Controllers\Modelo.php(200): view('modelo/visualiz...', Array)
#5 C:\xampp\htdocs\otmiza_sgc_new\system\CodeIgniter.php(825): App\Controllers\Modelo->visualizar('21')
#6 C:\xampp\htdocs\otmiza_sgc_new\system\CodeIgniter.php(412): CodeIgniter\CodeIgniter->runController(Object(App\Controllers\Modelo))
#7 C:\xampp\htdocs\otmiza_sgc_new\system\CodeIgniter.php(320): CodeIgniter\CodeIgniter->handleRequest(NULL, Object(Config\Cache), false)
#8 C:\xampp\htdocs\otmiza_sgc_new\public\index.php(37): CodeIgniter\CodeIgniter->run()
#9 {main}
CRITICAL - 2022-12-11 13:10:01 --> Undefined array key "cliente_id"
#0 C:\xampp\htdocs\otmiza_sgc_new\app\Views\modelo\visualizar.php(26): CodeIgniter\Debug\Exceptions->errorHandler(2, 'Undefined array...', 'C:\\xampp\\htdocs...', 26)
#1 C:\xampp\htdocs\otmiza_sgc_new\system\View\View.php(210): include('C:\\xampp\\htdocs...')
#2 C:\xampp\htdocs\otmiza_sgc_new\system\View\View.php(213): CodeIgniter\View\View->CodeIgniter\View\{closure}()
#3 C:\xampp\htdocs\otmiza_sgc_new\system\Common.php(1089): CodeIgniter\View\View->render('modelo/visualiz...', Array, true)
#4 C:\xampp\htdocs\otmiza_sgc_new\app\Controllers\Modelo.php(200): view('modelo/visualiz...', Array)
#5 C:\xampp\htdocs\otmiza_sgc_new\system\CodeIgniter.php(825): App\Controllers\Modelo->visualizar('21')
#6 C:\xampp\htdocs\otmiza_sgc_new\system\CodeIgniter.php(412): CodeIgniter\CodeIgniter->runController(Object(App\Controllers\Modelo))
#7 C:\xampp\htdocs\otmiza_sgc_new\system\CodeIgniter.php(320): CodeIgniter\CodeIgniter->handleRequest(NULL, Object(Config\Cache), false)
#8 C:\xampp\htdocs\otmiza_sgc_new\public\index.php(37): CodeIgniter\CodeIgniter->run()
#9 {main}
CRITICAL - 2022-12-11 13:33:08 --> Undefined variable $clienteModelos
#0 C:\xampp\htdocs\otmiza_sgc_new\app\Views\modelo\visualizar.php(26): CodeIgniter\Debug\Exceptions->errorHandler(2, 'Undefined varia...', 'C:\\xampp\\htdocs...', 26)
#1 C:\xampp\htdocs\otmiza_sgc_new\system\View\View.php(210): include('C:\\xampp\\htdocs...')
#2 C:\xampp\htdocs\otmiza_sgc_new\system\View\View.php(213): CodeIgniter\View\View->CodeIgniter\View\{closure}()
#3 C:\xampp\htdocs\otmiza_sgc_new\system\Common.php(1089): CodeIgniter\View\View->render('modelo/visualiz...', Array, true)
#4 C:\xampp\htdocs\otmiza_sgc_new\app\Controllers\Modelo.php(195): view('modelo/visualiz...', Array)
#5 C:\xampp\htdocs\otmiza_sgc_new\system\CodeIgniter.php(825): App\Controllers\Modelo->visualizar('20')
#6 C:\xampp\htdocs\otmiza_sgc_new\system\CodeIgniter.php(412): CodeIgniter\CodeIgniter->runController(Object(App\Controllers\Modelo))
#7 C:\xampp\htdocs\otmiza_sgc_new\system\CodeIgniter.php(320): CodeIgniter\CodeIgniter->handleRequest(NULL, Object(Config\Cache), false)
#8 C:\xampp\htdocs\otmiza_sgc_new\public\index.php(37): CodeIgniter\CodeIgniter->run()
#9 {main}
CRITICAL - 2022-12-11 13:33:33 --> Trying to access array offset on value of type null
#0 C:\xampp\htdocs\otmiza_sgc_new\app\Views\modelo\visualizar.php(26): CodeIgniter\Debug\Exceptions->errorHandler(2, 'Trying to acces...', 'C:\\xampp\\htdocs...', 26)
#1 C:\xampp\htdocs\otmiza_sgc_new\system\View\View.php(210): include('C:\\xampp\\htdocs...')
#2 C:\xampp\htdocs\otmiza_sgc_new\system\View\View.php(213): CodeIgniter\View\View->CodeIgniter\View\{closure}()
#3 C:\xampp\htdocs\otmiza_sgc_new\system\Common.php(1089): CodeIgniter\View\View->render('modelo/visualiz...', Array, true)
#4 C:\xampp\htdocs\otmiza_sgc_new\app\Controllers\Modelo.php(195): view('modelo/visualiz...', Array)
#5 C:\xampp\htdocs\otmiza_sgc_new\system\CodeIgniter.php(825): App\Controllers\Modelo->visualizar('20')
#6 C:\xampp\htdocs\otmiza_sgc_new\system\CodeIgniter.php(412): CodeIgniter\CodeIgniter->runController(Object(App\Controllers\Modelo))
#7 C:\xampp\htdocs\otmiza_sgc_new\system\CodeIgniter.php(320): CodeIgniter\CodeIgniter->handleRequest(NULL, Object(Config\Cache), false)
#8 C:\xampp\htdocs\otmiza_sgc_new\public\index.php(37): CodeIgniter\CodeIgniter->run()
#9 {main}
CRITICAL - 2022-12-11 13:33:50 --> Trying to access array offset on value of type null
#0 C:\xampp\htdocs\otmiza_sgc_new\app\Views\modelo\visualizar.php(26): CodeIgniter\Debug\Exceptions->errorHandler(2, 'Trying to acces...', 'C:\\xampp\\htdocs...', 26)
#1 C:\xampp\htdocs\otmiza_sgc_new\system\View\View.php(210): include('C:\\xampp\\htdocs...')
#2 C:\xampp\htdocs\otmiza_sgc_new\system\View\View.php(213): CodeIgniter\View\View->CodeIgniter\View\{closure}()
#3 C:\xampp\htdocs\otmiza_sgc_new\system\Common.php(1089): CodeIgniter\View\View->render('modelo/visualiz...', Array, true)
#4 C:\xampp\htdocs\otmiza_sgc_new\app\Controllers\Modelo.php(195): view('modelo/visualiz...', Array)
#5 C:\xampp\htdocs\otmiza_sgc_new\system\CodeIgniter.php(825): App\Controllers\Modelo->visualizar('20')
#6 C:\xampp\htdocs\otmiza_sgc_new\system\CodeIgniter.php(412): CodeIgniter\CodeIgniter->runController(Object(App\Controllers\Modelo))
#7 C:\xampp\htdocs\otmiza_sgc_new\system\CodeIgniter.php(320): CodeIgniter\CodeIgniter->handleRequest(NULL, Object(Config\Cache), false)
#8 C:\xampp\htdocs\otmiza_sgc_new\public\index.php(37): CodeIgniter\CodeIgniter->run()
#9 {main}
