CRITICAL - 2022-05-14 13:04:10 --> Array to string conversion
#0 C:\xampp\htdocs\otmiza_sgc_new\app\Views\modelo\form_grade.php(26): CodeIgniter\Debug\Exceptions->errorHandler(8, 'Array to string...', 'C:\\xampp\\htdocs...', 26, Array)
#1 C:\xampp\htdocs\otmiza_sgc_new\system\View\View.php(210): include('C:\\xampp\\htdocs...')
#2 C:\xampp\htdocs\otmiza_sgc_new\system\View\View.php(213): CodeIgniter\View\View->CodeIgniter\View\{closure}()
#3 C:\xampp\htdocs\otmiza_sgc_new\system\Common.php(1089): CodeIgniter\View\View->render('modelo/form_gra...', Array, true)
#4 C:\xampp\htdocs\otmiza_sgc_new\app\Controllers\Grade.php(65): view('modelo/form_gra...', Array)
#5 C:\xampp\htdocs\otmiza_sgc_new\system\CodeIgniter.php(825): App\Controllers\Grade->edit('35', '16')
#6 C:\xampp\htdocs\otmiza_sgc_new\system\CodeIgniter.php(412): CodeIgniter\CodeIgniter->runController(Object(App\Controllers\Grade))
#7 C:\xampp\htdocs\otmiza_sgc_new\system\CodeIgniter.php(320): CodeIgniter\CodeIgniter->handleRequest(NULL, Object(Config\Cache), false)
#8 C:\xampp\htdocs\otmiza_sgc_new\public\index.php(37): CodeIgniter\CodeIgniter->run()
#9 {main}
CRITICAL - 2022-05-14 17:29:34 --> Undefined index: modelo_id
#0 C:\xampp\htdocs\otmiza_sgc_new\app\Controllers\Grade.php(37): CodeIgniter\Debug\Exceptions->errorHandler(8, 'Undefined index...', 'C:\\xampp\\htdocs...', 37, Array)
#1 C:\xampp\htdocs\otmiza_sgc_new\system\CodeIgniter.php(825): App\Controllers\Grade->salvar()
#2 C:\xampp\htdocs\otmiza_sgc_new\system\CodeIgniter.php(412): CodeIgniter\CodeIgniter->runController(Object(App\Controllers\Grade))
#3 C:\xampp\htdocs\otmiza_sgc_new\system\CodeIgniter.php(320): CodeIgniter\CodeIgniter->handleRequest(NULL, Object(Config\Cache), false)
#4 C:\xampp\htdocs\otmiza_sgc_new\public\index.php(37): CodeIgniter\CodeIgniter->run()
#5 {main}
CRITICAL - 2022-05-14 17:40:24 --> Undefined index: modelo_id
#0 C:\xampp\htdocs\otmiza_sgc_new\app\Controllers\Grade.php(38): CodeIgniter\Debug\Exceptions->errorHandler(8, 'Undefined index...', 'C:\\xampp\\htdocs...', 38, Array)
#1 C:\xampp\htdocs\otmiza_sgc_new\system\CodeIgniter.php(825): App\Controllers\Grade->salvar()
#2 C:\xampp\htdocs\otmiza_sgc_new\system\CodeIgniter.php(412): CodeIgniter\CodeIgniter->runController(Object(App\Controllers\Grade))
#3 C:\xampp\htdocs\otmiza_sgc_new\system\CodeIgniter.php(320): CodeIgniter\CodeIgniter->handleRequest(NULL, Object(Config\Cache), false)
#4 C:\xampp\htdocs\otmiza_sgc_new\public\index.php(37): CodeIgniter\CodeIgniter->run()
#5 {main}
CRITICAL - 2022-05-14 17:41:19 --> Undefined index: modelo_id
#0 C:\xampp\htdocs\otmiza_sgc_new\app\Controllers\Grade.php(37): CodeIgniter\Debug\Exceptions->errorHandler(8, 'Undefined index...', 'C:\\xampp\\htdocs...', 37, Array)
#1 C:\xampp\htdocs\otmiza_sgc_new\system\CodeIgniter.php(825): App\Controllers\Grade->salvar()
#2 C:\xampp\htdocs\otmiza_sgc_new\system\CodeIgniter.php(412): CodeIgniter\CodeIgniter->runController(Object(App\Controllers\Grade))
#3 C:\xampp\htdocs\otmiza_sgc_new\system\CodeIgniter.php(320): CodeIgniter\CodeIgniter->handleRequest(NULL, Object(Config\Cache), false)
#4 C:\xampp\htdocs\otmiza_sgc_new\public\index.php(37): CodeIgniter\CodeIgniter->run()
#5 {main}
ERROR - 2022-05-14 17:42:46 --> Cannot add or update a child row: a foreign key constraint fails (`db_sgc_new`.`grade`, CONSTRAINT `grade_ibfk_1` FOREIGN KEY (`modelo_id`) REFERENCES `modelos` (`id`) ON DELETE CASCADE ON UPDATE NO ACTION)
CRITICAL - 2022-05-14 17:42:46 --> Cannot add or update a child row: a foreign key constraint fails (`db_sgc_new`.`grade`, CONSTRAINT `grade_ibfk_1` FOREIGN KEY (`modelo_id`) REFERENCES `modelos` (`id`) ON DELETE CASCADE ON UPDATE NO ACTION)
#0 C:\xampp\htdocs\otmiza_sgc_new\system\Database\MySQLi\Connection.php(292): mysqli->query('INSERT INTO `gr...', 0)
#1 C:\xampp\htdocs\otmiza_sgc_new\system\Database\BaseConnection.php(670): CodeIgniter\Database\MySQLi\Connection->execute('INSERT INTO `gr...')
#2 C:\xampp\htdocs\otmiza_sgc_new\system\Database\BaseConnection.php(598): CodeIgniter\Database\BaseConnection->simpleQuery('INSERT INTO `gr...')
#3 C:\xampp\htdocs\otmiza_sgc_new\system\Database\BaseBuilder.php(1771): CodeIgniter\Database\BaseConnection->query('INSERT INTO `gr...', Array, false)
#4 C:\xampp\htdocs\otmiza_sgc_new\system\Model.php(239): CodeIgniter\Database\BaseBuilder->insert()
#5 C:\xampp\htdocs\otmiza_sgc_new\system\BaseModel.php(738): CodeIgniter\Model->doInsert(Array)
#6 C:\xampp\htdocs\otmiza_sgc_new\system\Model.php(625): CodeIgniter\BaseModel->insert(Array, false)
#7 C:\xampp\htdocs\otmiza_sgc_new\system\BaseModel.php(658): CodeIgniter\Model->insert(Array, false)
#8 C:\xampp\htdocs\otmiza_sgc_new\app\Controllers\Grade.php(36): CodeIgniter\BaseModel->save(Array)
#9 C:\xampp\htdocs\otmiza_sgc_new\system\CodeIgniter.php(825): App\Controllers\Grade->salvar()
#10 C:\xampp\htdocs\otmiza_sgc_new\system\CodeIgniter.php(412): CodeIgniter\CodeIgniter->runController(Object(App\Controllers\Grade))
#11 C:\xampp\htdocs\otmiza_sgc_new\system\CodeIgniter.php(320): CodeIgniter\CodeIgniter->handleRequest(NULL, Object(Config\Cache), false)
#12 C:\xampp\htdocs\otmiza_sgc_new\public\index.php(37): CodeIgniter\CodeIgniter->run()
#13 {main}
ERROR - 2022-05-14 17:43:59 --> Cannot add or update a child row: a foreign key constraint fails (`db_sgc_new`.`grade`, CONSTRAINT `grade_ibfk_1` FOREIGN KEY (`modelo_id`) REFERENCES `modelos` (`id`) ON DELETE CASCADE ON UPDATE NO ACTION)
CRITICAL - 2022-05-14 17:43:59 --> Cannot add or update a child row: a foreign key constraint fails (`db_sgc_new`.`grade`, CONSTRAINT `grade_ibfk_1` FOREIGN KEY (`modelo_id`) REFERENCES `modelos` (`id`) ON DELETE CASCADE ON UPDATE NO ACTION)
#0 C:\xampp\htdocs\otmiza_sgc_new\system\Database\MySQLi\Connection.php(292): mysqli->query('INSERT INTO `gr...', 0)
#1 C:\xampp\htdocs\otmiza_sgc_new\system\Database\BaseConnection.php(670): CodeIgniter\Database\MySQLi\Connection->execute('INSERT INTO `gr...')
#2 C:\xampp\htdocs\otmiza_sgc_new\system\Database\BaseConnection.php(598): CodeIgniter\Database\BaseConnection->simpleQuery('INSERT INTO `gr...')
#3 C:\xampp\htdocs\otmiza_sgc_new\system\Database\BaseBuilder.php(1771): CodeIgniter\Database\BaseConnection->query('INSERT INTO `gr...', Array, false)
#4 C:\xampp\htdocs\otmiza_sgc_new\system\Model.php(239): CodeIgniter\Database\BaseBuilder->insert()
#5 C:\xampp\htdocs\otmiza_sgc_new\system\BaseModel.php(738): CodeIgniter\Model->doInsert(Array)
#6 C:\xampp\htdocs\otmiza_sgc_new\system\Model.php(625): CodeIgniter\BaseModel->insert(Array, false)
#7 C:\xampp\htdocs\otmiza_sgc_new\system\BaseModel.php(658): CodeIgniter\Model->insert(Array, false)
#8 C:\xampp\htdocs\otmiza_sgc_new\app\Controllers\Grade.php(36): CodeIgniter\BaseModel->save(Array)
#9 C:\xampp\htdocs\otmiza_sgc_new\system\CodeIgniter.php(825): App\Controllers\Grade->salvar()
#10 C:\xampp\htdocs\otmiza_sgc_new\system\CodeIgniter.php(412): CodeIgniter\CodeIgniter->runController(Object(App\Controllers\Grade))
#11 C:\xampp\htdocs\otmiza_sgc_new\system\CodeIgniter.php(320): CodeIgniter\CodeIgniter->handleRequest(NULL, Object(Config\Cache), false)
#12 C:\xampp\htdocs\otmiza_sgc_new\public\index.php(37): CodeIgniter\CodeIgniter->run()
#13 {main}
ERROR - 2022-05-14 17:48:00 --> Cannot add or update a child row: a foreign key constraint fails (`db_sgc_new`.`grade`, CONSTRAINT `grade_ibfk_1` FOREIGN KEY (`modelo_id`) REFERENCES `modelos` (`id`) ON DELETE CASCADE ON UPDATE NO ACTION)
CRITICAL - 2022-05-14 17:48:00 --> Cannot add or update a child row: a foreign key constraint fails (`db_sgc_new`.`grade`, CONSTRAINT `grade_ibfk_1` FOREIGN KEY (`modelo_id`) REFERENCES `modelos` (`id`) ON DELETE CASCADE ON UPDATE NO ACTION)
#0 C:\xampp\htdocs\otmiza_sgc_new\system\Database\MySQLi\Connection.php(292): mysqli->query('INSERT INTO `gr...', 0)
#1 C:\xampp\htdocs\otmiza_sgc_new\system\Database\BaseConnection.php(670): CodeIgniter\Database\MySQLi\Connection->execute('INSERT INTO `gr...')
#2 C:\xampp\htdocs\otmiza_sgc_new\system\Database\BaseConnection.php(598): CodeIgniter\Database\BaseConnection->simpleQuery('INSERT INTO `gr...')
#3 C:\xampp\htdocs\otmiza_sgc_new\system\Database\BaseBuilder.php(1771): CodeIgniter\Database\BaseConnection->query('INSERT INTO `gr...', Array, false)
#4 C:\xampp\htdocs\otmiza_sgc_new\system\Model.php(239): CodeIgniter\Database\BaseBuilder->insert()
#5 C:\xampp\htdocs\otmiza_sgc_new\system\BaseModel.php(738): CodeIgniter\Model->doInsert(Array)
#6 C:\xampp\htdocs\otmiza_sgc_new\system\Model.php(625): CodeIgniter\BaseModel->insert(Array, false)
#7 C:\xampp\htdocs\otmiza_sgc_new\system\BaseModel.php(658): CodeIgniter\Model->insert(Array, false)
#8 C:\xampp\htdocs\otmiza_sgc_new\app\Controllers\Grade.php(36): CodeIgniter\BaseModel->save(Array)
#9 C:\xampp\htdocs\otmiza_sgc_new\system\CodeIgniter.php(825): App\Controllers\Grade->salvar()
#10 C:\xampp\htdocs\otmiza_sgc_new\system\CodeIgniter.php(412): CodeIgniter\CodeIgniter->runController(Object(App\Controllers\Grade))
#11 C:\xampp\htdocs\otmiza_sgc_new\system\CodeIgniter.php(320): CodeIgniter\CodeIgniter->handleRequest(NULL, Object(Config\Cache), false)
#12 C:\xampp\htdocs\otmiza_sgc_new\public\index.php(37): CodeIgniter\CodeIgniter->run()
#13 {main}
ERROR - 2022-05-14 17:48:09 --> Cannot add or update a child row: a foreign key constraint fails (`db_sgc_new`.`grade`, CONSTRAINT `grade_ibfk_1` FOREIGN KEY (`modelo_id`) REFERENCES `modelos` (`id`) ON DELETE CASCADE ON UPDATE NO ACTION)
CRITICAL - 2022-05-14 17:48:09 --> Cannot add or update a child row: a foreign key constraint fails (`db_sgc_new`.`grade`, CONSTRAINT `grade_ibfk_1` FOREIGN KEY (`modelo_id`) REFERENCES `modelos` (`id`) ON DELETE CASCADE ON UPDATE NO ACTION)
#0 C:\xampp\htdocs\otmiza_sgc_new\system\Database\MySQLi\Connection.php(292): mysqli->query('INSERT INTO `gr...', 0)
#1 C:\xampp\htdocs\otmiza_sgc_new\system\Database\BaseConnection.php(670): CodeIgniter\Database\MySQLi\Connection->execute('INSERT INTO `gr...')
#2 C:\xampp\htdocs\otmiza_sgc_new\system\Database\BaseConnection.php(598): CodeIgniter\Database\BaseConnection->simpleQuery('INSERT INTO `gr...')
#3 C:\xampp\htdocs\otmiza_sgc_new\system\Database\BaseBuilder.php(1771): CodeIgniter\Database\BaseConnection->query('INSERT INTO `gr...', Array, false)
#4 C:\xampp\htdocs\otmiza_sgc_new\system\Model.php(239): CodeIgniter\Database\BaseBuilder->insert()
#5 C:\xampp\htdocs\otmiza_sgc_new\system\BaseModel.php(738): CodeIgniter\Model->doInsert(Array)
#6 C:\xampp\htdocs\otmiza_sgc_new\system\Model.php(625): CodeIgniter\BaseModel->insert(Array, false)
#7 C:\xampp\htdocs\otmiza_sgc_new\system\BaseModel.php(658): CodeIgniter\Model->insert(Array, false)
#8 C:\xampp\htdocs\otmiza_sgc_new\app\Controllers\Grade.php(36): CodeIgniter\BaseModel->save(Array)
#9 C:\xampp\htdocs\otmiza_sgc_new\system\CodeIgniter.php(825): App\Controllers\Grade->salvar()
#10 C:\xampp\htdocs\otmiza_sgc_new\system\CodeIgniter.php(412): CodeIgniter\CodeIgniter->runController(Object(App\Controllers\Grade))
#11 C:\xampp\htdocs\otmiza_sgc_new\system\CodeIgniter.php(320): CodeIgniter\CodeIgniter->handleRequest(NULL, Object(Config\Cache), false)
#12 C:\xampp\htdocs\otmiza_sgc_new\public\index.php(37): CodeIgniter\CodeIgniter->run()
#13 {main}
ERROR - 2022-05-14 17:53:56 --> Cannot add or update a child row: a foreign key constraint fails (`db_sgc_new`.`grade`, CONSTRAINT `grade_ibfk_1` FOREIGN KEY (`modelo_id`) REFERENCES `modelos` (`id`) ON DELETE CASCADE ON UPDATE NO ACTION)
CRITICAL - 2022-05-14 17:53:56 --> Cannot add or update a child row: a foreign key constraint fails (`db_sgc_new`.`grade`, CONSTRAINT `grade_ibfk_1` FOREIGN KEY (`modelo_id`) REFERENCES `modelos` (`id`) ON DELETE CASCADE ON UPDATE NO ACTION)
#0 C:\xampp\htdocs\otmiza_sgc_new\system\Database\MySQLi\Connection.php(292): mysqli->query('INSERT INTO `gr...', 0)
#1 C:\xampp\htdocs\otmiza_sgc_new\system\Database\BaseConnection.php(670): CodeIgniter\Database\MySQLi\Connection->execute('INSERT INTO `gr...')
#2 C:\xampp\htdocs\otmiza_sgc_new\system\Database\BaseConnection.php(598): CodeIgniter\Database\BaseConnection->simpleQuery('INSERT INTO `gr...')
#3 C:\xampp\htdocs\otmiza_sgc_new\system\Database\BaseBuilder.php(1771): CodeIgniter\Database\BaseConnection->query('INSERT INTO `gr...', Array, false)
#4 C:\xampp\htdocs\otmiza_sgc_new\system\Model.php(239): CodeIgniter\Database\BaseBuilder->insert()
#5 C:\xampp\htdocs\otmiza_sgc_new\system\BaseModel.php(738): CodeIgniter\Model->doInsert(Array)
#6 C:\xampp\htdocs\otmiza_sgc_new\system\Model.php(625): CodeIgniter\BaseModel->insert(Array, false)
#7 C:\xampp\htdocs\otmiza_sgc_new\system\BaseModel.php(658): CodeIgniter\Model->insert(Array, false)
#8 C:\xampp\htdocs\otmiza_sgc_new\app\Controllers\Grade.php(36): CodeIgniter\BaseModel->save(Array)
#9 C:\xampp\htdocs\otmiza_sgc_new\system\CodeIgniter.php(825): App\Controllers\Grade->salvar()
#10 C:\xampp\htdocs\otmiza_sgc_new\system\CodeIgniter.php(412): CodeIgniter\CodeIgniter->runController(Object(App\Controllers\Grade))
#11 C:\xampp\htdocs\otmiza_sgc_new\system\CodeIgniter.php(320): CodeIgniter\CodeIgniter->handleRequest(NULL, Object(Config\Cache), false)
#12 C:\xampp\htdocs\otmiza_sgc_new\public\index.php(37): CodeIgniter\CodeIgniter->run()
#13 {main}
ERROR - 2022-05-14 17:56:40 --> Cannot add or update a child row: a foreign key constraint fails (`db_sgc_new`.`grade`, CONSTRAINT `grade_ibfk_1` FOREIGN KEY (`modelo_id`) REFERENCES `modelos` (`id`) ON DELETE CASCADE ON UPDATE NO ACTION)
CRITICAL - 2022-05-14 17:56:40 --> Cannot add or update a child row: a foreign key constraint fails (`db_sgc_new`.`grade`, CONSTRAINT `grade_ibfk_1` FOREIGN KEY (`modelo_id`) REFERENCES `modelos` (`id`) ON DELETE CASCADE ON UPDATE NO ACTION)
#0 C:\xampp\htdocs\otmiza_sgc_new\system\Database\MySQLi\Connection.php(292): mysqli->query('INSERT INTO `gr...', 0)
#1 C:\xampp\htdocs\otmiza_sgc_new\system\Database\BaseConnection.php(670): CodeIgniter\Database\MySQLi\Connection->execute('INSERT INTO `gr...')
#2 C:\xampp\htdocs\otmiza_sgc_new\system\Database\BaseConnection.php(598): CodeIgniter\Database\BaseConnection->simpleQuery('INSERT INTO `gr...')
#3 C:\xampp\htdocs\otmiza_sgc_new\system\Database\BaseBuilder.php(1771): CodeIgniter\Database\BaseConnection->query('INSERT INTO `gr...', Array, false)
#4 C:\xampp\htdocs\otmiza_sgc_new\system\Model.php(239): CodeIgniter\Database\BaseBuilder->insert()
#5 C:\xampp\htdocs\otmiza_sgc_new\system\BaseModel.php(738): CodeIgniter\Model->doInsert(Array)
#6 C:\xampp\htdocs\otmiza_sgc_new\system\Model.php(625): CodeIgniter\BaseModel->insert(Array, false)
#7 C:\xampp\htdocs\otmiza_sgc_new\system\BaseModel.php(658): CodeIgniter\Model->insert(Array, false)
#8 C:\xampp\htdocs\otmiza_sgc_new\app\Controllers\Grade.php(36): CodeIgniter\BaseModel->save(Array)
#9 C:\xampp\htdocs\otmiza_sgc_new\system\CodeIgniter.php(825): App\Controllers\Grade->salvar()
#10 C:\xampp\htdocs\otmiza_sgc_new\system\CodeIgniter.php(412): CodeIgniter\CodeIgniter->runController(Object(App\Controllers\Grade))
#11 C:\xampp\htdocs\otmiza_sgc_new\system\CodeIgniter.php(320): CodeIgniter\CodeIgniter->handleRequest(NULL, Object(Config\Cache), false)
#12 C:\xampp\htdocs\otmiza_sgc_new\public\index.php(37): CodeIgniter\CodeIgniter->run()
#13 {main}
ERROR - 2022-05-14 18:00:25 --> Cannot add or update a child row: a foreign key constraint fails (`db_sgc_new`.`grade`, CONSTRAINT `grade_ibfk_1` FOREIGN KEY (`modelo_id`) REFERENCES `modelos` (`id`) ON DELETE CASCADE ON UPDATE NO ACTION)
CRITICAL - 2022-05-14 18:00:25 --> Cannot add or update a child row: a foreign key constraint fails (`db_sgc_new`.`grade`, CONSTRAINT `grade_ibfk_1` FOREIGN KEY (`modelo_id`) REFERENCES `modelos` (`id`) ON DELETE CASCADE ON UPDATE NO ACTION)
#0 C:\xampp\htdocs\otmiza_sgc_new\system\Database\MySQLi\Connection.php(292): mysqli->query('INSERT INTO `gr...', 0)
#1 C:\xampp\htdocs\otmiza_sgc_new\system\Database\BaseConnection.php(670): CodeIgniter\Database\MySQLi\Connection->execute('INSERT INTO `gr...')
#2 C:\xampp\htdocs\otmiza_sgc_new\system\Database\BaseConnection.php(598): CodeIgniter\Database\BaseConnection->simpleQuery('INSERT INTO `gr...')
#3 C:\xampp\htdocs\otmiza_sgc_new\system\Database\BaseBuilder.php(1771): CodeIgniter\Database\BaseConnection->query('INSERT INTO `gr...', Array, false)
#4 C:\xampp\htdocs\otmiza_sgc_new\system\Model.php(239): CodeIgniter\Database\BaseBuilder->insert()
#5 C:\xampp\htdocs\otmiza_sgc_new\system\BaseModel.php(738): CodeIgniter\Model->doInsert(Array)
#6 C:\xampp\htdocs\otmiza_sgc_new\system\Model.php(625): CodeIgniter\BaseModel->insert(Array, false)
#7 C:\xampp\htdocs\otmiza_sgc_new\system\BaseModel.php(658): CodeIgniter\Model->insert(Array, false)
#8 C:\xampp\htdocs\otmiza_sgc_new\app\Controllers\Grade.php(36): CodeIgniter\BaseModel->save(Array)
#9 C:\xampp\htdocs\otmiza_sgc_new\system\CodeIgniter.php(825): App\Controllers\Grade->salvar()
#10 C:\xampp\htdocs\otmiza_sgc_new\system\CodeIgniter.php(412): CodeIgniter\CodeIgniter->runController(Object(App\Controllers\Grade))
#11 C:\xampp\htdocs\otmiza_sgc_new\system\CodeIgniter.php(320): CodeIgniter\CodeIgniter->handleRequest(NULL, Object(Config\Cache), false)
#12 C:\xampp\htdocs\otmiza_sgc_new\public\index.php(37): CodeIgniter\CodeIgniter->run()
#13 {main}
ERROR - 2022-05-14 18:06:06 --> Cannot add or update a child row: a foreign key constraint fails (`db_sgc_new`.`grade`, CONSTRAINT `grade_ibfk_1` FOREIGN KEY (`modelo_id`) REFERENCES `modelos` (`id`) ON DELETE CASCADE ON UPDATE NO ACTION)
CRITICAL - 2022-05-14 18:06:06 --> Cannot add or update a child row: a foreign key constraint fails (`db_sgc_new`.`grade`, CONSTRAINT `grade_ibfk_1` FOREIGN KEY (`modelo_id`) REFERENCES `modelos` (`id`) ON DELETE CASCADE ON UPDATE NO ACTION)
#0 C:\xampp\htdocs\otmiza_sgc_new\system\Database\MySQLi\Connection.php(292): mysqli->query('INSERT INTO `gr...', 0)
#1 C:\xampp\htdocs\otmiza_sgc_new\system\Database\BaseConnection.php(670): CodeIgniter\Database\MySQLi\Connection->execute('INSERT INTO `gr...')
#2 C:\xampp\htdocs\otmiza_sgc_new\system\Database\BaseConnection.php(598): CodeIgniter\Database\BaseConnection->simpleQuery('INSERT INTO `gr...')
#3 C:\xampp\htdocs\otmiza_sgc_new\system\Database\BaseBuilder.php(1771): CodeIgniter\Database\BaseConnection->query('INSERT INTO `gr...', Array, false)
#4 C:\xampp\htdocs\otmiza_sgc_new\system\Model.php(239): CodeIgniter\Database\BaseBuilder->insert()
#5 C:\xampp\htdocs\otmiza_sgc_new\system\BaseModel.php(738): CodeIgniter\Model->doInsert(Array)
#6 C:\xampp\htdocs\otmiza_sgc_new\system\Model.php(625): CodeIgniter\BaseModel->insert(Array, false)
#7 C:\xampp\htdocs\otmiza_sgc_new\system\BaseModel.php(658): CodeIgniter\Model->insert(Array, false)
#8 C:\xampp\htdocs\otmiza_sgc_new\app\Controllers\Grade.php(36): CodeIgniter\BaseModel->save(Array)
#9 C:\xampp\htdocs\otmiza_sgc_new\system\CodeIgniter.php(825): App\Controllers\Grade->salvar()
#10 C:\xampp\htdocs\otmiza_sgc_new\system\CodeIgniter.php(412): CodeIgniter\CodeIgniter->runController(Object(App\Controllers\Grade))
#11 C:\xampp\htdocs\otmiza_sgc_new\system\CodeIgniter.php(320): CodeIgniter\CodeIgniter->handleRequest(NULL, Object(Config\Cache), false)
#12 C:\xampp\htdocs\otmiza_sgc_new\public\index.php(37): CodeIgniter\CodeIgniter->run()
#13 {main}
ERROR - 2022-05-14 18:16:15 --> Cannot add or update a child row: a foreign key constraint fails (`db_sgc_new`.`grade`, CONSTRAINT `grade_ibfk_1` FOREIGN KEY (`modelo_id`) REFERENCES `modelos` (`id`) ON DELETE CASCADE ON UPDATE NO ACTION)
CRITICAL - 2022-05-14 18:16:15 --> Cannot add or update a child row: a foreign key constraint fails (`db_sgc_new`.`grade`, CONSTRAINT `grade_ibfk_1` FOREIGN KEY (`modelo_id`) REFERENCES `modelos` (`id`) ON DELETE CASCADE ON UPDATE NO ACTION)
#0 C:\xampp\htdocs\otmiza_sgc_new\system\Database\MySQLi\Connection.php(292): mysqli->query('INSERT INTO `gr...', 0)
#1 C:\xampp\htdocs\otmiza_sgc_new\system\Database\BaseConnection.php(670): CodeIgniter\Database\MySQLi\Connection->execute('INSERT INTO `gr...')
#2 C:\xampp\htdocs\otmiza_sgc_new\system\Database\BaseConnection.php(598): CodeIgniter\Database\BaseConnection->simpleQuery('INSERT INTO `gr...')
#3 C:\xampp\htdocs\otmiza_sgc_new\system\Database\BaseBuilder.php(1771): CodeIgniter\Database\BaseConnection->query('INSERT INTO `gr...', Array, false)
#4 C:\xampp\htdocs\otmiza_sgc_new\system\Model.php(239): CodeIgniter\Database\BaseBuilder->insert()
#5 C:\xampp\htdocs\otmiza_sgc_new\system\BaseModel.php(738): CodeIgniter\Model->doInsert(Array)
#6 C:\xampp\htdocs\otmiza_sgc_new\system\Model.php(625): CodeIgniter\BaseModel->insert(Array, false)
#7 C:\xampp\htdocs\otmiza_sgc_new\system\BaseModel.php(658): CodeIgniter\Model->insert(Array, false)
#8 C:\xampp\htdocs\otmiza_sgc_new\app\Controllers\Grade.php(36): CodeIgniter\BaseModel->save(Array)
#9 C:\xampp\htdocs\otmiza_sgc_new\system\CodeIgniter.php(825): App\Controllers\Grade->salvar()
#10 C:\xampp\htdocs\otmiza_sgc_new\system\CodeIgniter.php(412): CodeIgniter\CodeIgniter->runController(Object(App\Controllers\Grade))
#11 C:\xampp\htdocs\otmiza_sgc_new\system\CodeIgniter.php(320): CodeIgniter\CodeIgniter->handleRequest(NULL, Object(Config\Cache), false)
#12 C:\xampp\htdocs\otmiza_sgc_new\public\index.php(37): CodeIgniter\CodeIgniter->run()
#13 {main}
CRITICAL - 2022-05-14 18:27:23 --> Undefined variable: id_modelo
#0 C:\xampp\htdocs\otmiza_sgc_new\app\Views\modelo\form_grade.php(27): CodeIgniter\Debug\Exceptions->errorHandler(8, 'Undefined varia...', 'C:\\xampp\\htdocs...', 27, Array)
#1 C:\xampp\htdocs\otmiza_sgc_new\system\View\View.php(210): include('C:\\xampp\\htdocs...')
#2 C:\xampp\htdocs\otmiza_sgc_new\system\View\View.php(213): CodeIgniter\View\View->CodeIgniter\View\{closure}()
#3 C:\xampp\htdocs\otmiza_sgc_new\system\Common.php(1089): CodeIgniter\View\View->render('modelo/form_gra...', Array, true)
#4 C:\xampp\htdocs\otmiza_sgc_new\app\Controllers\Grade.php(65): view('modelo/form_gra...', Array)
#5 C:\xampp\htdocs\otmiza_sgc_new\system\CodeIgniter.php(825): App\Controllers\Grade->edit('51', '17')
#6 C:\xampp\htdocs\otmiza_sgc_new\system\CodeIgniter.php(412): CodeIgniter\CodeIgniter->runController(Object(App\Controllers\Grade))
#7 C:\xampp\htdocs\otmiza_sgc_new\system\CodeIgniter.php(320): CodeIgniter\CodeIgniter->handleRequest(NULL, Object(Config\Cache), false)
#8 C:\xampp\htdocs\otmiza_sgc_new\public\index.php(37): CodeIgniter\CodeIgniter->run()
#9 {main}
