CRITICAL - 2022-09-18 12:50:05 --> Undefined variable $modelo
#0 C:\xampp\htdocs\otmiza_sgc_new\app\Controllers\Modelo.php(39): CodeIgniter\Debug\Exceptions->errorHandler(2, 'Undefined varia...', 'C:\\xampp\\htdocs...', 39)
#1 C:\xampp\htdocs\otmiza_sgc_new\system\CodeIgniter.php(825): App\Controllers\Modelo->index()
#2 C:\xampp\htdocs\otmiza_sgc_new\system\CodeIgniter.php(412): CodeIgniter\CodeIgniter->runController(Object(App\Controllers\Modelo))
#3 C:\xampp\htdocs\otmiza_sgc_new\system\CodeIgniter.php(320): CodeIgniter\CodeIgniter->handleRequest(NULL, Object(Config\Cache), false)
#4 C:\xampp\htdocs\otmiza_sgc_new\public\index.php(37): CodeIgniter\CodeIgniter->run()
#5 {main}
CRITICAL - 2022-09-18 12:55:09 --> Too few arguments to function App\Controllers\Modelo::index(), 0 passed in C:\xampp\htdocs\otmiza_sgc_new\system\CodeIgniter.php on line 825 and exactly 1 expected
#0 C:\xampp\htdocs\otmiza_sgc_new\system\CodeIgniter.php(825): App\Controllers\Modelo->index()
#1 C:\xampp\htdocs\otmiza_sgc_new\system\CodeIgniter.php(412): CodeIgniter\CodeIgniter->runController(Object(App\Controllers\Modelo))
#2 C:\xampp\htdocs\otmiza_sgc_new\system\CodeIgniter.php(320): CodeIgniter\CodeIgniter->handleRequest(NULL, Object(Config\Cache), false)
#3 C:\xampp\htdocs\otmiza_sgc_new\public\index.php(37): CodeIgniter\CodeIgniter->run()
#4 {main}
CRITICAL - 2022-09-18 12:55:31 --> Unclosed '{' on line 10 does not match ')'
#0 C:\xampp\htdocs\otmiza_sgc_new\system\Router\Router.php(175): CodeIgniter\Router\Router->autoRoute('modelo')
#1 C:\xampp\htdocs\otmiza_sgc_new\system\CodeIgniter.php(719): CodeIgniter\Router\Router->handle('modelo')
#2 C:\xampp\htdocs\otmiza_sgc_new\system\CodeIgniter.php(361): CodeIgniter\CodeIgniter->tryToRouteIt(Object(CodeIgniter\Router\RouteCollection))
#3 C:\xampp\htdocs\otmiza_sgc_new\system\CodeIgniter.php(320): CodeIgniter\CodeIgniter->handleRequest(NULL, Object(Config\Cache), false)
#4 C:\xampp\htdocs\otmiza_sgc_new\public\index.php(37): CodeIgniter\CodeIgniter->run()
#5 {main}
CRITICAL - 2022-09-18 12:55:47 --> Too few arguments to function App\Controllers\Modelo::index(), 0 passed in C:\xampp\htdocs\otmiza_sgc_new\system\CodeIgniter.php on line 825 and exactly 1 expected
#0 C:\xampp\htdocs\otmiza_sgc_new\system\CodeIgniter.php(825): App\Controllers\Modelo->index()
#1 C:\xampp\htdocs\otmiza_sgc_new\system\CodeIgniter.php(412): CodeIgniter\CodeIgniter->runController(Object(App\Controllers\Modelo))
#2 C:\xampp\htdocs\otmiza_sgc_new\system\CodeIgniter.php(320): CodeIgniter\CodeIgniter->handleRequest(NULL, Object(Config\Cache), false)
#3 C:\xampp\htdocs\otmiza_sgc_new\public\index.php(37): CodeIgniter\CodeIgniter->run()
#4 {main}
CRITICAL - 2022-09-18 12:55:59 --> Undefined variable $id
#0 C:\xampp\htdocs\otmiza_sgc_new\app\Controllers\Modelo.php(39): CodeIgniter\Debug\Exceptions->errorHandler(2, 'Undefined varia...', 'C:\\xampp\\htdocs...', 39)
#1 C:\xampp\htdocs\otmiza_sgc_new\system\CodeIgniter.php(825): App\Controllers\Modelo->index()
#2 C:\xampp\htdocs\otmiza_sgc_new\system\CodeIgniter.php(412): CodeIgniter\CodeIgniter->runController(Object(App\Controllers\Modelo))
#3 C:\xampp\htdocs\otmiza_sgc_new\system\CodeIgniter.php(320): CodeIgniter\CodeIgniter->handleRequest(NULL, Object(Config\Cache), false)
#4 C:\xampp\htdocs\otmiza_sgc_new\public\index.php(37): CodeIgniter\CodeIgniter->run()
#5 {main}
CRITICAL - 2022-09-18 12:56:18 --> Undefined array key "id"
#0 C:\xampp\htdocs\otmiza_sgc_new\app\Controllers\Modelo.php(40): CodeIgniter\Debug\Exceptions->errorHandler(2, 'Undefined array...', 'C:\\xampp\\htdocs...', 40)
#1 C:\xampp\htdocs\otmiza_sgc_new\system\CodeIgniter.php(825): App\Controllers\Modelo->index()
#2 C:\xampp\htdocs\otmiza_sgc_new\system\CodeIgniter.php(412): CodeIgniter\CodeIgniter->runController(Object(App\Controllers\Modelo))
#3 C:\xampp\htdocs\otmiza_sgc_new\system\CodeIgniter.php(320): CodeIgniter\CodeIgniter->handleRequest(NULL, Object(Config\Cache), false)
#4 C:\xampp\htdocs\otmiza_sgc_new\public\index.php(37): CodeIgniter\CodeIgniter->run()
#5 {main}
CRITICAL - 2022-09-18 12:56:53 --> Trying to access array offset on value of type null
#0 C:\xampp\htdocs\otmiza_sgc_new\app\Controllers\Modelo.php(40): CodeIgniter\Debug\Exceptions->errorHandler(2, 'Trying to acces...', 'C:\\xampp\\htdocs...', 40)
#1 C:\xampp\htdocs\otmiza_sgc_new\system\CodeIgniter.php(825): App\Controllers\Modelo->index()
#2 C:\xampp\htdocs\otmiza_sgc_new\system\CodeIgniter.php(412): CodeIgniter\CodeIgniter->runController(Object(App\Controllers\Modelo))
#3 C:\xampp\htdocs\otmiza_sgc_new\system\CodeIgniter.php(320): CodeIgniter\CodeIgniter->handleRequest(NULL, Object(Config\Cache), false)
#4 C:\xampp\htdocs\otmiza_sgc_new\public\index.php(37): CodeIgniter\CodeIgniter->run()
#5 {main}
CRITICAL - 2022-09-18 12:57:37 --> Undefined array key "tamanho"
#0 C:\xampp\htdocs\otmiza_sgc_new\app\Controllers\Modelo.php(40): CodeIgniter\Debug\Exceptions->errorHandler(2, 'Undefined array...', 'C:\\xampp\\htdocs...', 40)
#1 C:\xampp\htdocs\otmiza_sgc_new\system\CodeIgniter.php(825): App\Controllers\Modelo->index()
#2 C:\xampp\htdocs\otmiza_sgc_new\system\CodeIgniter.php(412): CodeIgniter\CodeIgniter->runController(Object(App\Controllers\Modelo))
#3 C:\xampp\htdocs\otmiza_sgc_new\system\CodeIgniter.php(320): CodeIgniter\CodeIgniter->handleRequest(NULL, Object(Config\Cache), false)
#4 C:\xampp\htdocs\otmiza_sgc_new\public\index.php(37): CodeIgniter\CodeIgniter->run()
#5 {main}
CRITICAL - 2022-09-18 12:58:28 --> foreach() argument must be of type array|object, null given
#0 C:\xampp\htdocs\otmiza_sgc_new\app\Views\modelo\index.php(75): CodeIgniter\Debug\Exceptions->errorHandler(2, 'foreach() argum...', 'C:\\xampp\\htdocs...', 75)
#1 C:\xampp\htdocs\otmiza_sgc_new\system\View\View.php(210): include('C:\\xampp\\htdocs...')
#2 C:\xampp\htdocs\otmiza_sgc_new\system\View\View.php(213): CodeIgniter\View\View->CodeIgniter\View\{closure}()
#3 C:\xampp\htdocs\otmiza_sgc_new\system\Common.php(1089): CodeIgniter\View\View->render('modelo/index', Array, true)
#4 C:\xampp\htdocs\otmiza_sgc_new\app\Controllers\Modelo.php(53): view('modelo/index', Array)
#5 C:\xampp\htdocs\otmiza_sgc_new\system\CodeIgniter.php(825): App\Controllers\Modelo->index()
#6 C:\xampp\htdocs\otmiza_sgc_new\system\CodeIgniter.php(412): CodeIgniter\CodeIgniter->runController(Object(App\Controllers\Modelo))
#7 C:\xampp\htdocs\otmiza_sgc_new\system\CodeIgniter.php(320): CodeIgniter\CodeIgniter->handleRequest(NULL, Object(Config\Cache), false)
#8 C:\xampp\htdocs\otmiza_sgc_new\public\index.php(37): CodeIgniter\CodeIgniter->run()
#9 {main}
CRITICAL - 2022-09-18 12:59:24 --> CodeIgniter\BaseModel::findAll(): Argument #1 ($limit) must be of type int, array given, called in C:\xampp\htdocs\otmiza_sgc_new\app\Controllers\Modelo.php on line 39
#0 C:\xampp\htdocs\otmiza_sgc_new\app\Controllers\Modelo.php(39): CodeIgniter\BaseModel->findAll(Array)
#1 C:\xampp\htdocs\otmiza_sgc_new\system\CodeIgniter.php(825): App\Controllers\Modelo->index()
#2 C:\xampp\htdocs\otmiza_sgc_new\system\CodeIgniter.php(412): CodeIgniter\CodeIgniter->runController(Object(App\Controllers\Modelo))
#3 C:\xampp\htdocs\otmiza_sgc_new\system\CodeIgniter.php(320): CodeIgniter\CodeIgniter->handleRequest(NULL, Object(Config\Cache), false)
#4 C:\xampp\htdocs\otmiza_sgc_new\public\index.php(37): CodeIgniter\CodeIgniter->run()
#5 {main}
CRITICAL - 2022-09-18 12:59:53 --> Trying to access array offset on value of type null
#0 C:\xampp\htdocs\otmiza_sgc_new\app\Controllers\Modelo.php(39): CodeIgniter\Debug\Exceptions->errorHandler(2, 'Trying to acces...', 'C:\\xampp\\htdocs...', 39)
#1 C:\xampp\htdocs\otmiza_sgc_new\system\CodeIgniter.php(825): App\Controllers\Modelo->index()
#2 C:\xampp\htdocs\otmiza_sgc_new\system\CodeIgniter.php(412): CodeIgniter\CodeIgniter->runController(Object(App\Controllers\Modelo))
#3 C:\xampp\htdocs\otmiza_sgc_new\system\CodeIgniter.php(320): CodeIgniter\CodeIgniter->handleRequest(NULL, Object(Config\Cache), false)
#4 C:\xampp\htdocs\otmiza_sgc_new\public\index.php(37): CodeIgniter\CodeIgniter->run()
#5 {main}
CRITICAL - 2022-09-18 13:00:18 --> CodeIgniter\BaseModel::findAll(): Argument #1 ($limit) must be of type int, string given, called in C:\xampp\htdocs\otmiza_sgc_new\app\Controllers\Modelo.php on line 39
#0 C:\xampp\htdocs\otmiza_sgc_new\app\Controllers\Modelo.php(39): CodeIgniter\BaseModel->findAll('id')
#1 C:\xampp\htdocs\otmiza_sgc_new\system\CodeIgniter.php(825): App\Controllers\Modelo->index()
#2 C:\xampp\htdocs\otmiza_sgc_new\system\CodeIgniter.php(412): CodeIgniter\CodeIgniter->runController(Object(App\Controllers\Modelo))
#3 C:\xampp\htdocs\otmiza_sgc_new\system\CodeIgniter.php(320): CodeIgniter\CodeIgniter->handleRequest(NULL, Object(Config\Cache), false)
#4 C:\xampp\htdocs\otmiza_sgc_new\public\index.php(37): CodeIgniter\CodeIgniter->run()
#5 {main}
CRITICAL - 2022-09-18 13:02:44 --> Undefined variable $gradeModelos
#0 C:\xampp\htdocs\otmiza_sgc_new\app\Views\modelo\index.php(75): CodeIgniter\Debug\Exceptions->errorHandler(2, 'Undefined varia...', 'C:\\xampp\\htdocs...', 75)
#1 C:\xampp\htdocs\otmiza_sgc_new\system\View\View.php(210): include('C:\\xampp\\htdocs...')
#2 C:\xampp\htdocs\otmiza_sgc_new\system\View\View.php(213): CodeIgniter\View\View->CodeIgniter\View\{closure}()
#3 C:\xampp\htdocs\otmiza_sgc_new\system\Common.php(1089): CodeIgniter\View\View->render('modelo/index', Array, true)
#4 C:\xampp\htdocs\otmiza_sgc_new\app\Controllers\Modelo.php(50): view('modelo/index', Array)
#5 C:\xampp\htdocs\otmiza_sgc_new\system\CodeIgniter.php(825): App\Controllers\Modelo->index()
#6 C:\xampp\htdocs\otmiza_sgc_new\system\CodeIgniter.php(412): CodeIgniter\CodeIgniter->runController(Object(App\Controllers\Modelo))
#7 C:\xampp\htdocs\otmiza_sgc_new\system\CodeIgniter.php(320): CodeIgniter\CodeIgniter->handleRequest(NULL, Object(Config\Cache), false)
#8 C:\xampp\htdocs\otmiza_sgc_new\public\index.php(37): CodeIgniter\CodeIgniter->run()
#9 {main}
CRITICAL - 2022-09-18 13:02:53 --> CodeIgniter\BaseModel::findAll(): Argument #1 ($limit) must be of type int, string given, called in C:\xampp\htdocs\otmiza_sgc_new\app\Controllers\Modelo.php on line 39
#0 C:\xampp\htdocs\otmiza_sgc_new\app\Controllers\Modelo.php(39): CodeIgniter\BaseModel->findAll('id')
#1 C:\xampp\htdocs\otmiza_sgc_new\system\CodeIgniter.php(825): App\Controllers\Modelo->index()
#2 C:\xampp\htdocs\otmiza_sgc_new\system\CodeIgniter.php(412): CodeIgniter\CodeIgniter->runController(Object(App\Controllers\Modelo))
#3 C:\xampp\htdocs\otmiza_sgc_new\system\CodeIgniter.php(320): CodeIgniter\CodeIgniter->handleRequest(NULL, Object(Config\Cache), false)
#4 C:\xampp\htdocs\otmiza_sgc_new\public\index.php(37): CodeIgniter\CodeIgniter->run()
#5 {main}
CRITICAL - 2022-09-18 13:04:25 --> Call to a member function getModeloByIdGrade() on array
#0 C:\xampp\htdocs\otmiza_sgc_new\system\CodeIgniter.php(825): App\Controllers\Modelo->index()
#1 C:\xampp\htdocs\otmiza_sgc_new\system\CodeIgniter.php(412): CodeIgniter\CodeIgniter->runController(Object(App\Controllers\Modelo))
#2 C:\xampp\htdocs\otmiza_sgc_new\system\CodeIgniter.php(320): CodeIgniter\CodeIgniter->handleRequest(NULL, Object(Config\Cache), false)
#3 C:\xampp\htdocs\otmiza_sgc_new\public\index.php(37): CodeIgniter\CodeIgniter->run()
#4 {main}
CRITICAL - 2022-09-18 13:04:54 --> Call to a member function getModeloByIdGrade() on array
#0 C:\xampp\htdocs\otmiza_sgc_new\system\CodeIgniter.php(825): App\Controllers\Modelo->index()
#1 C:\xampp\htdocs\otmiza_sgc_new\system\CodeIgniter.php(412): CodeIgniter\CodeIgniter->runController(Object(App\Controllers\Modelo))
#2 C:\xampp\htdocs\otmiza_sgc_new\system\CodeIgniter.php(320): CodeIgniter\CodeIgniter->handleRequest(NULL, Object(Config\Cache), false)
#3 C:\xampp\htdocs\otmiza_sgc_new\public\index.php(37): CodeIgniter\CodeIgniter->run()
#4 {main}
CRITICAL - 2022-09-18 13:04:57 --> Call to a member function getModeloByIdGrade() on array
#0 C:\xampp\htdocs\otmiza_sgc_new\system\CodeIgniter.php(825): App\Controllers\Modelo->index()
#1 C:\xampp\htdocs\otmiza_sgc_new\system\CodeIgniter.php(412): CodeIgniter\CodeIgniter->runController(Object(App\Controllers\Modelo))
#2 C:\xampp\htdocs\otmiza_sgc_new\system\CodeIgniter.php(320): CodeIgniter\CodeIgniter->handleRequest(NULL, Object(Config\Cache), false)
#3 C:\xampp\htdocs\otmiza_sgc_new\public\index.php(37): CodeIgniter\CodeIgniter->run()
#4 {main}
CRITICAL - 2022-09-18 13:06:00 --> Undefined property: App\Controllers\Modelo::$gradeloModel
#0 C:\xampp\htdocs\otmiza_sgc_new\app\Controllers\Modelo.php(32): CodeIgniter\Debug\Exceptions->errorHandler(2, 'Undefined prope...', 'C:\\xampp\\htdocs...', 32)
#1 C:\xampp\htdocs\otmiza_sgc_new\system\CodeIgniter.php(825): App\Controllers\Modelo->index()
#2 C:\xampp\htdocs\otmiza_sgc_new\system\CodeIgniter.php(412): CodeIgniter\CodeIgniter->runController(Object(App\Controllers\Modelo))
#3 C:\xampp\htdocs\otmiza_sgc_new\system\CodeIgniter.php(320): CodeIgniter\CodeIgniter->handleRequest(NULL, Object(Config\Cache), false)
#4 C:\xampp\htdocs\otmiza_sgc_new\public\index.php(37): CodeIgniter\CodeIgniter->run()
#5 {main}
CRITICAL - 2022-09-18 13:06:19 --> CodeIgniter\BaseModel::findAll(): Argument #1 ($limit) must be of type int, string given, called in C:\xampp\htdocs\otmiza_sgc_new\app\Controllers\Modelo.php on line 32
#0 C:\xampp\htdocs\otmiza_sgc_new\app\Controllers\Modelo.php(32): CodeIgniter\BaseModel->findAll('id')
#1 C:\xampp\htdocs\otmiza_sgc_new\system\CodeIgniter.php(825): App\Controllers\Modelo->index()
#2 C:\xampp\htdocs\otmiza_sgc_new\system\CodeIgniter.php(412): CodeIgniter\CodeIgniter->runController(Object(App\Controllers\Modelo))
#3 C:\xampp\htdocs\otmiza_sgc_new\system\CodeIgniter.php(320): CodeIgniter\CodeIgniter->handleRequest(NULL, Object(Config\Cache), false)
#4 C:\xampp\htdocs\otmiza_sgc_new\public\index.php(37): CodeIgniter\CodeIgniter->run()
#5 {main}
CRITICAL - 2022-09-18 13:06:55 --> foreach() argument must be of type array|object, null given
#0 C:\xampp\htdocs\otmiza_sgc_new\app\Views\modelo\index.php(75): CodeIgniter\Debug\Exceptions->errorHandler(2, 'foreach() argum...', 'C:\\xampp\\htdocs...', 75)
#1 C:\xampp\htdocs\otmiza_sgc_new\system\View\View.php(210): include('C:\\xampp\\htdocs...')
#2 C:\xampp\htdocs\otmiza_sgc_new\system\View\View.php(213): CodeIgniter\View\View->CodeIgniter\View\{closure}()
#3 C:\xampp\htdocs\otmiza_sgc_new\system\Common.php(1089): CodeIgniter\View\View->render('modelo/index', Array, true)
#4 C:\xampp\htdocs\otmiza_sgc_new\app\Controllers\Modelo.php(54): view('modelo/index', Array)
#5 C:\xampp\htdocs\otmiza_sgc_new\system\CodeIgniter.php(825): App\Controllers\Modelo->index()
#6 C:\xampp\htdocs\otmiza_sgc_new\system\CodeIgniter.php(412): CodeIgniter\CodeIgniter->runController(Object(App\Controllers\Modelo))
#7 C:\xampp\htdocs\otmiza_sgc_new\system\CodeIgniter.php(320): CodeIgniter\CodeIgniter->handleRequest(NULL, Object(Config\Cache), false)
#8 C:\xampp\htdocs\otmiza_sgc_new\public\index.php(37): CodeIgniter\CodeIgniter->run()
#9 {main}
CRITICAL - 2022-09-18 14:15:45 --> foreach() argument must be of type array|object, null given
#0 C:\xampp\htdocs\otmiza_sgc_new\app\Views\modelo\index.php(75): CodeIgniter\Debug\Exceptions->errorHandler(2, 'foreach() argum...', 'C:\\xampp\\htdocs...', 75)
#1 C:\xampp\htdocs\otmiza_sgc_new\system\View\View.php(210): include('C:\\xampp\\htdocs...')
#2 C:\xampp\htdocs\otmiza_sgc_new\system\View\View.php(213): CodeIgniter\View\View->CodeIgniter\View\{closure}()
#3 C:\xampp\htdocs\otmiza_sgc_new\system\Common.php(1089): CodeIgniter\View\View->render('modelo/index', Array, true)
#4 C:\xampp\htdocs\otmiza_sgc_new\app\Controllers\Modelo.php(52): view('modelo/index', Array)
#5 C:\xampp\htdocs\otmiza_sgc_new\system\CodeIgniter.php(825): App\Controllers\Modelo->index()
#6 C:\xampp\htdocs\otmiza_sgc_new\system\CodeIgniter.php(412): CodeIgniter\CodeIgniter->runController(Object(App\Controllers\Modelo))
#7 C:\xampp\htdocs\otmiza_sgc_new\system\CodeIgniter.php(320): CodeIgniter\CodeIgniter->handleRequest(NULL, Object(Config\Cache), false)
#8 C:\xampp\htdocs\otmiza_sgc_new\public\index.php(37): CodeIgniter\CodeIgniter->run()
#9 {main}
CRITICAL - 2022-09-18 14:16:20 --> foreach() argument must be of type array|object, null given
#0 C:\xampp\htdocs\otmiza_sgc_new\app\Views\modelo\index.php(75): CodeIgniter\Debug\Exceptions->errorHandler(2, 'foreach() argum...', 'C:\\xampp\\htdocs...', 75)
#1 C:\xampp\htdocs\otmiza_sgc_new\system\View\View.php(210): include('C:\\xampp\\htdocs...')
#2 C:\xampp\htdocs\otmiza_sgc_new\system\View\View.php(213): CodeIgniter\View\View->CodeIgniter\View\{closure}()
#3 C:\xampp\htdocs\otmiza_sgc_new\system\Common.php(1089): CodeIgniter\View\View->render('modelo/index', Array, true)
#4 C:\xampp\htdocs\otmiza_sgc_new\app\Controllers\Modelo.php(52): view('modelo/index', Array)
#5 C:\xampp\htdocs\otmiza_sgc_new\system\CodeIgniter.php(825): App\Controllers\Modelo->index()
#6 C:\xampp\htdocs\otmiza_sgc_new\system\CodeIgniter.php(412): CodeIgniter\CodeIgniter->runController(Object(App\Controllers\Modelo))
#7 C:\xampp\htdocs\otmiza_sgc_new\system\CodeIgniter.php(320): CodeIgniter\CodeIgniter->handleRequest(NULL, Object(Config\Cache), false)
#8 C:\xampp\htdocs\otmiza_sgc_new\public\index.php(37): CodeIgniter\CodeIgniter->run()
#9 {main}
CRITICAL - 2022-09-18 14:16:22 --> foreach() argument must be of type array|object, null given
#0 C:\xampp\htdocs\otmiza_sgc_new\app\Views\modelo\index.php(75): CodeIgniter\Debug\Exceptions->errorHandler(2, 'foreach() argum...', 'C:\\xampp\\htdocs...', 75)
#1 C:\xampp\htdocs\otmiza_sgc_new\system\View\View.php(210): include('C:\\xampp\\htdocs...')
#2 C:\xampp\htdocs\otmiza_sgc_new\system\View\View.php(213): CodeIgniter\View\View->CodeIgniter\View\{closure}()
#3 C:\xampp\htdocs\otmiza_sgc_new\system\Common.php(1089): CodeIgniter\View\View->render('modelo/index', Array, true)
#4 C:\xampp\htdocs\otmiza_sgc_new\app\Controllers\Modelo.php(52): view('modelo/index', Array)
#5 C:\xampp\htdocs\otmiza_sgc_new\system\CodeIgniter.php(825): App\Controllers\Modelo->index()
#6 C:\xampp\htdocs\otmiza_sgc_new\system\CodeIgniter.php(412): CodeIgniter\CodeIgniter->runController(Object(App\Controllers\Modelo))
#7 C:\xampp\htdocs\otmiza_sgc_new\system\CodeIgniter.php(320): CodeIgniter\CodeIgniter->handleRequest(NULL, Object(Config\Cache), false)
#8 C:\xampp\htdocs\otmiza_sgc_new\public\index.php(37): CodeIgniter\CodeIgniter->run()
#9 {main}
CRITICAL - 2022-09-18 14:17:08 --> Undefined variable $modelo_id
#0 C:\xampp\htdocs\otmiza_sgc_new\app\Controllers\Modelo.php(32): CodeIgniter\Debug\Exceptions->errorHandler(2, 'Undefined varia...', 'C:\\xampp\\htdocs...', 32)
#1 C:\xampp\htdocs\otmiza_sgc_new\system\CodeIgniter.php(825): App\Controllers\Modelo->index()
#2 C:\xampp\htdocs\otmiza_sgc_new\system\CodeIgniter.php(412): CodeIgniter\CodeIgniter->runController(Object(App\Controllers\Modelo))
#3 C:\xampp\htdocs\otmiza_sgc_new\system\CodeIgniter.php(320): CodeIgniter\CodeIgniter->handleRequest(NULL, Object(Config\Cache), false)
#4 C:\xampp\htdocs\otmiza_sgc_new\public\index.php(37): CodeIgniter\CodeIgniter->run()
#5 {main}
CRITICAL - 2022-09-18 14:18:59 --> Undefined property: App\Controllers\Modelo::$id_modelo
#0 C:\xampp\htdocs\otmiza_sgc_new\app\Controllers\Modelo.php(32): CodeIgniter\Debug\Exceptions->errorHandler(2, 'Undefined prope...', 'C:\\xampp\\htdocs...', 32)
#1 C:\xampp\htdocs\otmiza_sgc_new\system\CodeIgniter.php(825): App\Controllers\Modelo->index()
#2 C:\xampp\htdocs\otmiza_sgc_new\system\CodeIgniter.php(412): CodeIgniter\CodeIgniter->runController(Object(App\Controllers\Modelo))
#3 C:\xampp\htdocs\otmiza_sgc_new\system\CodeIgniter.php(320): CodeIgniter\CodeIgniter->handleRequest(NULL, Object(Config\Cache), false)
#4 C:\xampp\htdocs\otmiza_sgc_new\public\index.php(37): CodeIgniter\CodeIgniter->run()
#5 {main}
CRITICAL - 2022-09-18 14:19:02 --> Undefined property: App\Controllers\Modelo::$id_modelo
#0 C:\xampp\htdocs\otmiza_sgc_new\app\Controllers\Modelo.php(32): CodeIgniter\Debug\Exceptions->errorHandler(2, 'Undefined prope...', 'C:\\xampp\\htdocs...', 32)
#1 C:\xampp\htdocs\otmiza_sgc_new\system\CodeIgniter.php(825): App\Controllers\Modelo->index()
#2 C:\xampp\htdocs\otmiza_sgc_new\system\CodeIgniter.php(412): CodeIgniter\CodeIgniter->runController(Object(App\Controllers\Modelo))
#3 C:\xampp\htdocs\otmiza_sgc_new\system\CodeIgniter.php(320): CodeIgniter\CodeIgniter->handleRequest(NULL, Object(Config\Cache), false)
#4 C:\xampp\htdocs\otmiza_sgc_new\public\index.php(37): CodeIgniter\CodeIgniter->run()
#5 {main}
CRITICAL - 2022-09-18 14:21:03 --> Undefined property: App\Controllers\Modelo::$Id_grade
#0 C:\xampp\htdocs\otmiza_sgc_new\app\Controllers\Modelo.php(32): CodeIgniter\Debug\Exceptions->errorHandler(2, 'Undefined prope...', 'C:\\xampp\\htdocs...', 32)
#1 C:\xampp\htdocs\otmiza_sgc_new\system\CodeIgniter.php(825): App\Controllers\Modelo->index()
#2 C:\xampp\htdocs\otmiza_sgc_new\system\CodeIgniter.php(412): CodeIgniter\CodeIgniter->runController(Object(App\Controllers\Modelo))
#3 C:\xampp\htdocs\otmiza_sgc_new\system\CodeIgniter.php(320): CodeIgniter\CodeIgniter->handleRequest(NULL, Object(Config\Cache), false)
#4 C:\xampp\htdocs\otmiza_sgc_new\public\index.php(37): CodeIgniter\CodeIgniter->run()
#5 {main}
CRITICAL - 2022-09-18 14:21:14 --> Undefined variable $Id_grade
#0 C:\xampp\htdocs\otmiza_sgc_new\app\Controllers\Modelo.php(32): CodeIgniter\Debug\Exceptions->errorHandler(2, 'Undefined varia...', 'C:\\xampp\\htdocs...', 32)
#1 C:\xampp\htdocs\otmiza_sgc_new\system\CodeIgniter.php(825): App\Controllers\Modelo->index()
#2 C:\xampp\htdocs\otmiza_sgc_new\system\CodeIgniter.php(412): CodeIgniter\CodeIgniter->runController(Object(App\Controllers\Modelo))
#3 C:\xampp\htdocs\otmiza_sgc_new\system\CodeIgniter.php(320): CodeIgniter\CodeIgniter->handleRequest(NULL, Object(Config\Cache), false)
#4 C:\xampp\htdocs\otmiza_sgc_new\public\index.php(37): CodeIgniter\CodeIgniter->run()
#5 {main}
CRITICAL - 2022-09-18 14:21:35 --> Too few arguments to function App\Models\GradeModel::getModeloByIdGrade(), 0 passed in C:\xampp\htdocs\otmiza_sgc_new\app\Controllers\Modelo.php on line 32 and exactly 1 expected
#0 C:\xampp\htdocs\otmiza_sgc_new\app\Controllers\Modelo.php(32): App\Models\GradeModel->getModeloByIdGrade()
#1 C:\xampp\htdocs\otmiza_sgc_new\system\CodeIgniter.php(825): App\Controllers\Modelo->index()
#2 C:\xampp\htdocs\otmiza_sgc_new\system\CodeIgniter.php(412): CodeIgniter\CodeIgniter->runController(Object(App\Controllers\Modelo))
#3 C:\xampp\htdocs\otmiza_sgc_new\system\CodeIgniter.php(320): CodeIgniter\CodeIgniter->handleRequest(NULL, Object(Config\Cache), false)
#4 C:\xampp\htdocs\otmiza_sgc_new\public\index.php(37): CodeIgniter\CodeIgniter->run()
#5 {main}
CRITICAL - 2022-09-18 14:22:32 --> Undefined array key "modelo_id"
#0 C:\xampp\htdocs\otmiza_sgc_new\app\Models\GradeModel.php(30): CodeIgniter\Debug\Exceptions->errorHandler(2, 'Undefined array...', 'C:\\xampp\\htdocs...', 30)
#1 C:\xampp\htdocs\otmiza_sgc_new\app\Controllers\Modelo.php(32): App\Models\GradeModel->getModeloByIdGrade(Array)
#2 C:\xampp\htdocs\otmiza_sgc_new\system\CodeIgniter.php(825): App\Controllers\Modelo->index()
#3 C:\xampp\htdocs\otmiza_sgc_new\system\CodeIgniter.php(412): CodeIgniter\CodeIgniter->runController(Object(App\Controllers\Modelo))
#4 C:\xampp\htdocs\otmiza_sgc_new\system\CodeIgniter.php(320): CodeIgniter\CodeIgniter->handleRequest(NULL, Object(Config\Cache), false)
#5 C:\xampp\htdocs\otmiza_sgc_new\public\index.php(37): CodeIgniter\CodeIgniter->run()
#6 {main}
CRITICAL - 2022-09-18 14:23:04 --> Undefined array key "modelo_id"
#0 C:\xampp\htdocs\otmiza_sgc_new\app\Models\GradeModel.php(30): CodeIgniter\Debug\Exceptions->errorHandler(2, 'Undefined array...', 'C:\\xampp\\htdocs...', 30)
#1 C:\xampp\htdocs\otmiza_sgc_new\app\Controllers\Modelo.php(32): App\Models\GradeModel->getModeloByIdGrade(Array)
#2 C:\xampp\htdocs\otmiza_sgc_new\system\CodeIgniter.php(825): App\Controllers\Modelo->index()
#3 C:\xampp\htdocs\otmiza_sgc_new\system\CodeIgniter.php(412): CodeIgniter\CodeIgniter->runController(Object(App\Controllers\Modelo))
#4 C:\xampp\htdocs\otmiza_sgc_new\system\CodeIgniter.php(320): CodeIgniter\CodeIgniter->handleRequest(NULL, Object(Config\Cache), false)
#5 C:\xampp\htdocs\otmiza_sgc_new\public\index.php(37): CodeIgniter\CodeIgniter->run()
#6 {main}
CRITICAL - 2022-09-18 14:23:22 --> Too few arguments to function App\Models\GradeModel::getModeloByIdGrade(), 0 passed in C:\xampp\htdocs\otmiza_sgc_new\app\Controllers\Modelo.php on line 32 and exactly 1 expected
#0 C:\xampp\htdocs\otmiza_sgc_new\app\Controllers\Modelo.php(32): App\Models\GradeModel->getModeloByIdGrade()
#1 C:\xampp\htdocs\otmiza_sgc_new\system\CodeIgniter.php(825): App\Controllers\Modelo->index()
#2 C:\xampp\htdocs\otmiza_sgc_new\system\CodeIgniter.php(412): CodeIgniter\CodeIgniter->runController(Object(App\Controllers\Modelo))
#3 C:\xampp\htdocs\otmiza_sgc_new\system\CodeIgniter.php(320): CodeIgniter\CodeIgniter->handleRequest(NULL, Object(Config\Cache), false)
#4 C:\xampp\htdocs\otmiza_sgc_new\public\index.php(37): CodeIgniter\CodeIgniter->run()
#5 {main}
CRITICAL - 2022-09-18 14:23:44 --> Too few arguments to function App\Models\GradeModel::getByIdModelo(), 0 passed in C:\xampp\htdocs\otmiza_sgc_new\app\Controllers\Modelo.php on line 32 and exactly 1 expected
#0 C:\xampp\htdocs\otmiza_sgc_new\app\Controllers\Modelo.php(32): App\Models\GradeModel->getByIdModelo()
#1 C:\xampp\htdocs\otmiza_sgc_new\system\CodeIgniter.php(825): App\Controllers\Modelo->index()
#2 C:\xampp\htdocs\otmiza_sgc_new\system\CodeIgniter.php(412): CodeIgniter\CodeIgniter->runController(Object(App\Controllers\Modelo))
#3 C:\xampp\htdocs\otmiza_sgc_new\system\CodeIgniter.php(320): CodeIgniter\CodeIgniter->handleRequest(NULL, Object(Config\Cache), false)
#4 C:\xampp\htdocs\otmiza_sgc_new\public\index.php(37): CodeIgniter\CodeIgniter->run()
#5 {main}
CRITICAL - 2022-09-18 14:25:42 --> foreach() argument must be of type array|object, null given
#0 C:\xampp\htdocs\otmiza_sgc_new\app\Views\modelo\index.php(75): CodeIgniter\Debug\Exceptions->errorHandler(2, 'foreach() argum...', 'C:\\xampp\\htdocs...', 75)
#1 C:\xampp\htdocs\otmiza_sgc_new\system\View\View.php(210): include('C:\\xampp\\htdocs...')
#2 C:\xampp\htdocs\otmiza_sgc_new\system\View\View.php(213): CodeIgniter\View\View->CodeIgniter\View\{closure}()
#3 C:\xampp\htdocs\otmiza_sgc_new\system\Common.php(1089): CodeIgniter\View\View->render('modelo/index', Array, true)
#4 C:\xampp\htdocs\otmiza_sgc_new\app\Controllers\Modelo.php(52): view('modelo/index', Array)
#5 C:\xampp\htdocs\otmiza_sgc_new\system\CodeIgniter.php(825): App\Controllers\Modelo->index()
#6 C:\xampp\htdocs\otmiza_sgc_new\system\CodeIgniter.php(412): CodeIgniter\CodeIgniter->runController(Object(App\Controllers\Modelo))
#7 C:\xampp\htdocs\otmiza_sgc_new\system\CodeIgniter.php(320): CodeIgniter\CodeIgniter->handleRequest(NULL, Object(Config\Cache), false)
#8 C:\xampp\htdocs\otmiza_sgc_new\public\index.php(37): CodeIgniter\CodeIgniter->run()
#9 {main}
CRITICAL - 2022-09-18 14:33:25 --> Too few arguments to function App\Controllers\Modelo::index(), 0 passed in C:\xampp\htdocs\otmiza_sgc_new\system\CodeIgniter.php on line 825 and exactly 1 expected
#0 C:\xampp\htdocs\otmiza_sgc_new\system\CodeIgniter.php(825): App\Controllers\Modelo->index()
#1 C:\xampp\htdocs\otmiza_sgc_new\system\CodeIgniter.php(412): CodeIgniter\CodeIgniter->runController(Object(App\Controllers\Modelo))
#2 C:\xampp\htdocs\otmiza_sgc_new\system\CodeIgniter.php(320): CodeIgniter\CodeIgniter->handleRequest(NULL, Object(Config\Cache), false)
#3 C:\xampp\htdocs\otmiza_sgc_new\public\index.php(37): CodeIgniter\CodeIgniter->run()
#4 {main}
CRITICAL - 2022-09-18 14:33:59 --> Undefined array key "id"
#0 C:\xampp\htdocs\otmiza_sgc_new\app\Controllers\Modelo.php(42): CodeIgniter\Debug\Exceptions->errorHandler(2, 'Undefined array...', 'C:\\xampp\\htdocs...', 42)
#1 C:\xampp\htdocs\otmiza_sgc_new\system\CodeIgniter.php(825): App\Controllers\Modelo->index()
#2 C:\xampp\htdocs\otmiza_sgc_new\system\CodeIgniter.php(412): CodeIgniter\CodeIgniter->runController(Object(App\Controllers\Modelo))
#3 C:\xampp\htdocs\otmiza_sgc_new\system\CodeIgniter.php(320): CodeIgniter\CodeIgniter->handleRequest(NULL, Object(Config\Cache), false)
#4 C:\xampp\htdocs\otmiza_sgc_new\public\index.php(37): CodeIgniter\CodeIgniter->run()
#5 {main}
CRITICAL - 2022-09-18 14:34:23 --> Array to string conversion
#0 [internal function]: CodeIgniter\Debug\Exceptions->errorHandler(2, 'Array to string...', 'C:\\xampp\\htdocs...', 312)
#1 C:\xampp\htdocs\otmiza_sgc_new\system\Database\Query.php(312): implode(',', Array)
#2 C:\xampp\htdocs\otmiza_sgc_new\system\Database\Query.php(293): CodeIgniter\Database\Query->matchNamedBinds('SELECT *\nFROM `...', Array)
#3 C:\xampp\htdocs\otmiza_sgc_new\system\Database\Query.php(150): CodeIgniter\Database\Query->compileBinds()
#4 C:\xampp\htdocs\otmiza_sgc_new\system\Database\BaseConnection.php(598): CodeIgniter\Database\Query->getQuery()
#5 C:\xampp\htdocs\otmiza_sgc_new\system\Database\BaseBuilder.php(1455): CodeIgniter\Database\BaseConnection->query('SELECT *\nFROM `...', Array, false)
#6 C:\xampp\htdocs\otmiza_sgc_new\system\Model.php(183): CodeIgniter\Database\BaseBuilder->get()
#7 C:\xampp\htdocs\otmiza_sgc_new\system\BaseModel.php(584): CodeIgniter\Model->doFindAll(0, 0)
#8 C:\xampp\htdocs\otmiza_sgc_new\app\Models\GradeModel.php(23): CodeIgniter\BaseModel->findAll()
#9 C:\xampp\htdocs\otmiza_sgc_new\app\Controllers\Modelo.php(42): App\Models\GradeModel->getByIdModelo(Array)
#10 C:\xampp\htdocs\otmiza_sgc_new\system\CodeIgniter.php(825): App\Controllers\Modelo->index()
#11 C:\xampp\htdocs\otmiza_sgc_new\system\CodeIgniter.php(412): CodeIgniter\CodeIgniter->runController(Object(App\Controllers\Modelo))
#12 C:\xampp\htdocs\otmiza_sgc_new\system\CodeIgniter.php(320): CodeIgniter\CodeIgniter->handleRequest(NULL, Object(Config\Cache), false)
#13 C:\xampp\htdocs\otmiza_sgc_new\public\index.php(37): CodeIgniter\CodeIgniter->run()
#14 {main}
CRITICAL - 2022-09-18 14:35:07 --> count(): Argument #1 ($var) must be of type Countable|array, null given
#0 C:\xampp\htdocs\otmiza_sgc_new\system\View\View.php(210): include()
#1 C:\xampp\htdocs\otmiza_sgc_new\system\View\View.php(213): CodeIgniter\View\View->CodeIgniter\View\{closure}()
#2 C:\xampp\htdocs\otmiza_sgc_new\system\Common.php(1089): CodeIgniter\View\View->render('modelo/index', Array, true)
#3 C:\xampp\htdocs\otmiza_sgc_new\app\Controllers\Modelo.php(56): view('modelo/index', Array)
#4 C:\xampp\htdocs\otmiza_sgc_new\system\CodeIgniter.php(825): App\Controllers\Modelo->index()
#5 C:\xampp\htdocs\otmiza_sgc_new\system\CodeIgniter.php(412): CodeIgniter\CodeIgniter->runController(Object(App\Controllers\Modelo))
#6 C:\xampp\htdocs\otmiza_sgc_new\system\CodeIgniter.php(320): CodeIgniter\CodeIgniter->handleRequest(NULL, Object(Config\Cache), false)
#7 C:\xampp\htdocs\otmiza_sgc_new\public\index.php(37): CodeIgniter\CodeIgniter->run()
#8 {main}
CRITICAL - 2022-09-18 14:40:18 --> Undefined variable $gradeModelos
#0 C:\xampp\htdocs\otmiza_sgc_new\app\Controllers\Modelo.php(39): CodeIgniter\Debug\Exceptions->errorHandler(2, 'Undefined varia...', 'C:\\xampp\\htdocs...', 39)
#1 C:\xampp\htdocs\otmiza_sgc_new\system\CodeIgniter.php(825): App\Controllers\Modelo->index()
#2 C:\xampp\htdocs\otmiza_sgc_new\system\CodeIgniter.php(412): CodeIgniter\CodeIgniter->runController(Object(App\Controllers\Modelo))
#3 C:\xampp\htdocs\otmiza_sgc_new\system\CodeIgniter.php(320): CodeIgniter\CodeIgniter->handleRequest(NULL, Object(Config\Cache), false)
#4 C:\xampp\htdocs\otmiza_sgc_new\public\index.php(37): CodeIgniter\CodeIgniter->run()
#5 {main}
CRITICAL - 2022-09-18 14:40:31 --> Undefined variable $gradeModelos
#0 C:\xampp\htdocs\otmiza_sgc_new\app\Views\modelo\index.php(75): CodeIgniter\Debug\Exceptions->errorHandler(2, 'Undefined varia...', 'C:\\xampp\\htdocs...', 75)
#1 C:\xampp\htdocs\otmiza_sgc_new\system\View\View.php(210): include('C:\\xampp\\htdocs...')
#2 C:\xampp\htdocs\otmiza_sgc_new\system\View\View.php(213): CodeIgniter\View\View->CodeIgniter\View\{closure}()
#3 C:\xampp\htdocs\otmiza_sgc_new\system\Common.php(1089): CodeIgniter\View\View->render('modelo/index', Array, true)
#4 C:\xampp\htdocs\otmiza_sgc_new\app\Controllers\Modelo.php(48): view('modelo/index', Array)
#5 C:\xampp\htdocs\otmiza_sgc_new\system\CodeIgniter.php(825): App\Controllers\Modelo->index()
#6 C:\xampp\htdocs\otmiza_sgc_new\system\CodeIgniter.php(412): CodeIgniter\CodeIgniter->runController(Object(App\Controllers\Modelo))
#7 C:\xampp\htdocs\otmiza_sgc_new\system\CodeIgniter.php(320): CodeIgniter\CodeIgniter->handleRequest(NULL, Object(Config\Cache), false)
#8 C:\xampp\htdocs\otmiza_sgc_new\public\index.php(37): CodeIgniter\CodeIgniter->run()
#9 {main}
CRITICAL - 2022-09-18 14:42:43 --> foreach() argument must be of type array|object, null given
#0 C:\xampp\htdocs\otmiza_sgc_new\app\Views\modelo\index.php(75): CodeIgniter\Debug\Exceptions->errorHandler(2, 'foreach() argum...', 'C:\\xampp\\htdocs...', 75)
#1 C:\xampp\htdocs\otmiza_sgc_new\system\View\View.php(210): include('C:\\xampp\\htdocs...')
#2 C:\xampp\htdocs\otmiza_sgc_new\system\View\View.php(213): CodeIgniter\View\View->CodeIgniter\View\{closure}()
#3 C:\xampp\htdocs\otmiza_sgc_new\system\Common.php(1089): CodeIgniter\View\View->render('modelo/index', Array, true)
#4 C:\xampp\htdocs\otmiza_sgc_new\app\Controllers\Modelo.php(51): view('modelo/index', Array)
#5 C:\xampp\htdocs\otmiza_sgc_new\system\CodeIgniter.php(825): App\Controllers\Modelo->index()
#6 C:\xampp\htdocs\otmiza_sgc_new\system\CodeIgniter.php(412): CodeIgniter\CodeIgniter->runController(Object(App\Controllers\Modelo))
#7 C:\xampp\htdocs\otmiza_sgc_new\system\CodeIgniter.php(320): CodeIgniter\CodeIgniter->handleRequest(NULL, Object(Config\Cache), false)
#8 C:\xampp\htdocs\otmiza_sgc_new\public\index.php(37): CodeIgniter\CodeIgniter->run()
#9 {main}
CRITICAL - 2022-09-18 14:42:47 --> foreach() argument must be of type array|object, null given
#0 C:\xampp\htdocs\otmiza_sgc_new\app\Views\modelo\index.php(75): CodeIgniter\Debug\Exceptions->errorHandler(2, 'foreach() argum...', 'C:\\xampp\\htdocs...', 75)
#1 C:\xampp\htdocs\otmiza_sgc_new\system\View\View.php(210): include('C:\\xampp\\htdocs...')
#2 C:\xampp\htdocs\otmiza_sgc_new\system\View\View.php(213): CodeIgniter\View\View->CodeIgniter\View\{closure}()
#3 C:\xampp\htdocs\otmiza_sgc_new\system\Common.php(1089): CodeIgniter\View\View->render('modelo/index', Array, true)
#4 C:\xampp\htdocs\otmiza_sgc_new\app\Controllers\Modelo.php(51): view('modelo/index', Array)
#5 C:\xampp\htdocs\otmiza_sgc_new\system\CodeIgniter.php(825): App\Controllers\Modelo->index()
#6 C:\xampp\htdocs\otmiza_sgc_new\system\CodeIgniter.php(412): CodeIgniter\CodeIgniter->runController(Object(App\Controllers\Modelo))
#7 C:\xampp\htdocs\otmiza_sgc_new\system\CodeIgniter.php(320): CodeIgniter\CodeIgniter->handleRequest(NULL, Object(Config\Cache), false)
#8 C:\xampp\htdocs\otmiza_sgc_new\public\index.php(37): CodeIgniter\CodeIgniter->run()
#9 {main}
CRITICAL - 2022-09-18 14:44:07 --> Too few arguments to function App\Controllers\Modelo::index(), 0 passed in C:\xampp\htdocs\otmiza_sgc_new\system\CodeIgniter.php on line 825 and exactly 1 expected
#0 C:\xampp\htdocs\otmiza_sgc_new\system\CodeIgniter.php(825): App\Controllers\Modelo->index()
#1 C:\xampp\htdocs\otmiza_sgc_new\system\CodeIgniter.php(412): CodeIgniter\CodeIgniter->runController(Object(App\Controllers\Modelo))
#2 C:\xampp\htdocs\otmiza_sgc_new\system\CodeIgniter.php(320): CodeIgniter\CodeIgniter->handleRequest(NULL, Object(Config\Cache), false)
#3 C:\xampp\htdocs\otmiza_sgc_new\public\index.php(37): CodeIgniter\CodeIgniter->run()
#4 {main}
CRITICAL - 2022-09-18 14:46:11 --> Array to string conversion
#0 [internal function]: CodeIgniter\Debug\Exceptions->errorHandler(2, 'Array to string...', 'C:\\xampp\\htdocs...', 312)
#1 C:\xampp\htdocs\otmiza_sgc_new\system\Database\Query.php(312): implode(',', Array)
#2 C:\xampp\htdocs\otmiza_sgc_new\system\Database\Query.php(293): CodeIgniter\Database\Query->matchNamedBinds('SELECT *\nFROM `...', Array)
#3 C:\xampp\htdocs\otmiza_sgc_new\system\Database\Query.php(150): CodeIgniter\Database\Query->compileBinds()
#4 C:\xampp\htdocs\otmiza_sgc_new\system\Database\BaseConnection.php(598): CodeIgniter\Database\Query->getQuery()
#5 C:\xampp\htdocs\otmiza_sgc_new\system\Database\BaseBuilder.php(1455): CodeIgniter\Database\BaseConnection->query('SELECT *\nFROM `...', Array, false)
#6 C:\xampp\htdocs\otmiza_sgc_new\system\Model.php(183): CodeIgniter\Database\BaseBuilder->get()
#7 C:\xampp\htdocs\otmiza_sgc_new\system\BaseModel.php(584): CodeIgniter\Model->doFindAll(0, 0)
#8 C:\xampp\htdocs\otmiza_sgc_new\app\Controllers\Modelo.php(33): CodeIgniter\BaseModel->findAll()
#9 C:\xampp\htdocs\otmiza_sgc_new\system\CodeIgniter.php(825): App\Controllers\Modelo->index()
#10 C:\xampp\htdocs\otmiza_sgc_new\system\CodeIgniter.php(412): CodeIgniter\CodeIgniter->runController(Object(App\Controllers\Modelo))
#11 C:\xampp\htdocs\otmiza_sgc_new\system\CodeIgniter.php(320): CodeIgniter\CodeIgniter->handleRequest(NULL, Object(Config\Cache), false)
#12 C:\xampp\htdocs\otmiza_sgc_new\public\index.php(37): CodeIgniter\CodeIgniter->run()
#13 {main}
CRITICAL - 2022-09-18 14:46:17 --> Array to string conversion
#0 [internal function]: CodeIgniter\Debug\Exceptions->errorHandler(2, 'Array to string...', 'C:\\xampp\\htdocs...', 312)
#1 C:\xampp\htdocs\otmiza_sgc_new\system\Database\Query.php(312): implode(',', Array)
#2 C:\xampp\htdocs\otmiza_sgc_new\system\Database\Query.php(293): CodeIgniter\Database\Query->matchNamedBinds('SELECT *\nFROM `...', Array)
#3 C:\xampp\htdocs\otmiza_sgc_new\system\Database\Query.php(150): CodeIgniter\Database\Query->compileBinds()
#4 C:\xampp\htdocs\otmiza_sgc_new\system\Database\BaseConnection.php(598): CodeIgniter\Database\Query->getQuery()
#5 C:\xampp\htdocs\otmiza_sgc_new\system\Database\BaseBuilder.php(1455): CodeIgniter\Database\BaseConnection->query('SELECT *\nFROM `...', Array, false)
#6 C:\xampp\htdocs\otmiza_sgc_new\system\Model.php(183): CodeIgniter\Database\BaseBuilder->get()
#7 C:\xampp\htdocs\otmiza_sgc_new\system\BaseModel.php(584): CodeIgniter\Model->doFindAll(0, 0)
#8 C:\xampp\htdocs\otmiza_sgc_new\app\Controllers\Modelo.php(33): CodeIgniter\BaseModel->findAll()
#9 C:\xampp\htdocs\otmiza_sgc_new\system\CodeIgniter.php(825): App\Controllers\Modelo->index()
#10 C:\xampp\htdocs\otmiza_sgc_new\system\CodeIgniter.php(412): CodeIgniter\CodeIgniter->runController(Object(App\Controllers\Modelo))
#11 C:\xampp\htdocs\otmiza_sgc_new\system\CodeIgniter.php(320): CodeIgniter\CodeIgniter->handleRequest(NULL, Object(Config\Cache), false)
#12 C:\xampp\htdocs\otmiza_sgc_new\public\index.php(37): CodeIgniter\CodeIgniter->run()
#13 {main}
CRITICAL - 2022-09-18 14:48:12 --> Array to string conversion
#0 [internal function]: CodeIgniter\Debug\Exceptions->errorHandler(2, 'Array to string...', 'C:\\xampp\\htdocs...', 312)
#1 C:\xampp\htdocs\otmiza_sgc_new\system\Database\Query.php(312): implode(',', Array)
#2 C:\xampp\htdocs\otmiza_sgc_new\system\Database\Query.php(293): CodeIgniter\Database\Query->matchNamedBinds('SELECT *\nFROM `...', Array)
#3 C:\xampp\htdocs\otmiza_sgc_new\system\Database\Query.php(150): CodeIgniter\Database\Query->compileBinds()
#4 C:\xampp\htdocs\otmiza_sgc_new\system\Database\BaseConnection.php(598): CodeIgniter\Database\Query->getQuery()
#5 C:\xampp\htdocs\otmiza_sgc_new\system\Database\BaseBuilder.php(1455): CodeIgniter\Database\BaseConnection->query('SELECT *\nFROM `...', Array, false)
#6 C:\xampp\htdocs\otmiza_sgc_new\system\Model.php(183): CodeIgniter\Database\BaseBuilder->get()
#7 C:\xampp\htdocs\otmiza_sgc_new\system\BaseModel.php(584): CodeIgniter\Model->doFindAll(0, 0)
#8 C:\xampp\htdocs\otmiza_sgc_new\app\Controllers\Modelo.php(33): CodeIgniter\BaseModel->findAll()
#9 C:\xampp\htdocs\otmiza_sgc_new\system\CodeIgniter.php(825): App\Controllers\Modelo->index()
#10 C:\xampp\htdocs\otmiza_sgc_new\system\CodeIgniter.php(412): CodeIgniter\CodeIgniter->runController(Object(App\Controllers\Modelo))
#11 C:\xampp\htdocs\otmiza_sgc_new\system\CodeIgniter.php(320): CodeIgniter\CodeIgniter->handleRequest(NULL, Object(Config\Cache), false)
#12 C:\xampp\htdocs\otmiza_sgc_new\public\index.php(37): CodeIgniter\CodeIgniter->run()
#13 {main}
CRITICAL - 2022-09-18 14:48:33 --> Array to string conversion
#0 [internal function]: CodeIgniter\Debug\Exceptions->errorHandler(2, 'Array to string...', 'C:\\xampp\\htdocs...', 312)
#1 C:\xampp\htdocs\otmiza_sgc_new\system\Database\Query.php(312): implode(',', Array)
#2 C:\xampp\htdocs\otmiza_sgc_new\system\Database\Query.php(293): CodeIgniter\Database\Query->matchNamedBinds('SELECT *\nFROM `...', Array)
#3 C:\xampp\htdocs\otmiza_sgc_new\system\Database\Query.php(150): CodeIgniter\Database\Query->compileBinds()
#4 C:\xampp\htdocs\otmiza_sgc_new\system\Database\BaseConnection.php(598): CodeIgniter\Database\Query->getQuery()
#5 C:\xampp\htdocs\otmiza_sgc_new\system\Database\BaseBuilder.php(1455): CodeIgniter\Database\BaseConnection->query('SELECT *\nFROM `...', Array, false)
#6 C:\xampp\htdocs\otmiza_sgc_new\system\Model.php(183): CodeIgniter\Database\BaseBuilder->get()
#7 C:\xampp\htdocs\otmiza_sgc_new\system\BaseModel.php(584): CodeIgniter\Model->doFindAll(0, 0)
#8 C:\xampp\htdocs\otmiza_sgc_new\app\Controllers\Modelo.php(33): CodeIgniter\BaseModel->findAll()
#9 C:\xampp\htdocs\otmiza_sgc_new\system\CodeIgniter.php(825): App\Controllers\Modelo->index()
#10 C:\xampp\htdocs\otmiza_sgc_new\system\CodeIgniter.php(412): CodeIgniter\CodeIgniter->runController(Object(App\Controllers\Modelo))
#11 C:\xampp\htdocs\otmiza_sgc_new\system\CodeIgniter.php(320): CodeIgniter\CodeIgniter->handleRequest(NULL, Object(Config\Cache), false)
#12 C:\xampp\htdocs\otmiza_sgc_new\public\index.php(37): CodeIgniter\CodeIgniter->run()
#13 {main}
CRITICAL - 2022-09-18 14:48:35 --> Array to string conversion
#0 [internal function]: CodeIgniter\Debug\Exceptions->errorHandler(2, 'Array to string...', 'C:\\xampp\\htdocs...', 312)
#1 C:\xampp\htdocs\otmiza_sgc_new\system\Database\Query.php(312): implode(',', Array)
#2 C:\xampp\htdocs\otmiza_sgc_new\system\Database\Query.php(293): CodeIgniter\Database\Query->matchNamedBinds('SELECT *\nFROM `...', Array)
#3 C:\xampp\htdocs\otmiza_sgc_new\system\Database\Query.php(150): CodeIgniter\Database\Query->compileBinds()
#4 C:\xampp\htdocs\otmiza_sgc_new\system\Database\BaseConnection.php(598): CodeIgniter\Database\Query->getQuery()
#5 C:\xampp\htdocs\otmiza_sgc_new\system\Database\BaseBuilder.php(1455): CodeIgniter\Database\BaseConnection->query('SELECT *\nFROM `...', Array, false)
#6 C:\xampp\htdocs\otmiza_sgc_new\system\Model.php(183): CodeIgniter\Database\BaseBuilder->get()
#7 C:\xampp\htdocs\otmiza_sgc_new\system\BaseModel.php(584): CodeIgniter\Model->doFindAll(0, 0)
#8 C:\xampp\htdocs\otmiza_sgc_new\app\Controllers\Modelo.php(33): CodeIgniter\BaseModel->findAll()
#9 C:\xampp\htdocs\otmiza_sgc_new\system\CodeIgniter.php(825): App\Controllers\Modelo->index()
#10 C:\xampp\htdocs\otmiza_sgc_new\system\CodeIgniter.php(412): CodeIgniter\CodeIgniter->runController(Object(App\Controllers\Modelo))
#11 C:\xampp\htdocs\otmiza_sgc_new\system\CodeIgniter.php(320): CodeIgniter\CodeIgniter->handleRequest(NULL, Object(Config\Cache), false)
#12 C:\xampp\htdocs\otmiza_sgc_new\public\index.php(37): CodeIgniter\CodeIgniter->run()
#13 {main}
ERROR - 2022-09-18 21:01:54 --> Table 'db_sgc_new.tec_marca' doesn't exist
CRITICAL - 2022-09-18 21:01:54 --> Table 'db_sgc_new.tec_marca' doesn't exist
#0 C:\xampp\htdocs\otmiza_sgc_new\system\Database\MySQLi\Connection.php(292): mysqli->query('SELECT `tecidos...', 0)
#1 C:\xampp\htdocs\otmiza_sgc_new\system\Database\BaseConnection.php(670): CodeIgniter\Database\MySQLi\Connection->execute('SELECT `tecidos...')
#2 C:\xampp\htdocs\otmiza_sgc_new\system\Database\BaseConnection.php(598): CodeIgniter\Database\BaseConnection->simpleQuery('SELECT `tecidos...')
#3 C:\xampp\htdocs\otmiza_sgc_new\system\Database\BaseBuilder.php(1455): CodeIgniter\Database\BaseConnection->query('SELECT `tecidos...', Array, false)
#4 C:\xampp\htdocs\otmiza_sgc_new\system\Model.php(183): CodeIgniter\Database\BaseBuilder->get()
#5 C:\xampp\htdocs\otmiza_sgc_new\system\BaseModel.php(584): CodeIgniter\Model->doFindAll(0, 0)
#6 C:\xampp\htdocs\otmiza_sgc_new\app\Models\TecidoModel.php(53): CodeIgniter\BaseModel->findAll()
#7 C:\xampp\htdocs\otmiza_sgc_new\app\Controllers\Tecido.php(31): App\Models\TecidoModel->getAllTec_Marca()
#8 C:\xampp\htdocs\otmiza_sgc_new\system\CodeIgniter.php(825): App\Controllers\Tecido->index()
#9 C:\xampp\htdocs\otmiza_sgc_new\system\CodeIgniter.php(412): CodeIgniter\CodeIgniter->runController(Object(App\Controllers\Tecido))
#10 C:\xampp\htdocs\otmiza_sgc_new\system\CodeIgniter.php(320): CodeIgniter\CodeIgniter->handleRequest(NULL, Object(Config\Cache), false)
#11 C:\xampp\htdocs\otmiza_sgc_new\public\index.php(37): CodeIgniter\CodeIgniter->run()
#12 {main}
CRITICAL - 2022-09-18 21:04:47 --> Undefined array key "tec_marca"
#0 C:\xampp\htdocs\otmiza_sgc_new\app\Views\tecido\index.php(65): CodeIgniter\Debug\Exceptions->errorHandler(2, 'Undefined array...', 'C:\\xampp\\htdocs...', 65)
#1 C:\xampp\htdocs\otmiza_sgc_new\system\View\View.php(210): include('C:\\xampp\\htdocs...')
#2 C:\xampp\htdocs\otmiza_sgc_new\system\View\View.php(213): CodeIgniter\View\View->CodeIgniter\View\{closure}()
#3 C:\xampp\htdocs\otmiza_sgc_new\system\Common.php(1089): CodeIgniter\View\View->render('tecido/index', Array, true)
#4 C:\xampp\htdocs\otmiza_sgc_new\app\Controllers\Tecido.php(44): view('tecido/index', Array)
#5 C:\xampp\htdocs\otmiza_sgc_new\system\CodeIgniter.php(825): App\Controllers\Tecido->index()
#6 C:\xampp\htdocs\otmiza_sgc_new\system\CodeIgniter.php(412): CodeIgniter\CodeIgniter->runController(Object(App\Controllers\Tecido))
#7 C:\xampp\htdocs\otmiza_sgc_new\system\CodeIgniter.php(320): CodeIgniter\CodeIgniter->handleRequest(NULL, Object(Config\Cache), false)
#8 C:\xampp\htdocs\otmiza_sgc_new\public\index.php(37): CodeIgniter\CodeIgniter->run()
#9 {main}
CRITICAL - 2022-09-18 21:06:10 --> Undefined array key "tecicos_marca"
#0 C:\xampp\htdocs\otmiza_sgc_new\app\Views\tecido\index.php(65): CodeIgniter\Debug\Exceptions->errorHandler(2, 'Undefined array...', 'C:\\xampp\\htdocs...', 65)
#1 C:\xampp\htdocs\otmiza_sgc_new\system\View\View.php(210): include('C:\\xampp\\htdocs...')
#2 C:\xampp\htdocs\otmiza_sgc_new\system\View\View.php(213): CodeIgniter\View\View->CodeIgniter\View\{closure}()
#3 C:\xampp\htdocs\otmiza_sgc_new\system\Common.php(1089): CodeIgniter\View\View->render('tecido/index', Array, true)
#4 C:\xampp\htdocs\otmiza_sgc_new\app\Controllers\Tecido.php(44): view('tecido/index', Array)
#5 C:\xampp\htdocs\otmiza_sgc_new\system\CodeIgniter.php(825): App\Controllers\Tecido->index()
#6 C:\xampp\htdocs\otmiza_sgc_new\system\CodeIgniter.php(412): CodeIgniter\CodeIgniter->runController(Object(App\Controllers\Tecido))
#7 C:\xampp\htdocs\otmiza_sgc_new\system\CodeIgniter.php(320): CodeIgniter\CodeIgniter->handleRequest(NULL, Object(Config\Cache), false)
#8 C:\xampp\htdocs\otmiza_sgc_new\public\index.php(37): CodeIgniter\CodeIgniter->run()
#9 {main}
ERROR - 2022-09-18 21:18:35 --> Table 'db_sgc_new.marca' doesn't exist
CRITICAL - 2022-09-18 21:18:35 --> Table 'db_sgc_new.marca' doesn't exist
#0 C:\xampp\htdocs\otmiza_sgc_new\system\Database\MySQLi\Connection.php(292): mysqli->query('SELECT `id`, `m...', 0)
#1 C:\xampp\htdocs\otmiza_sgc_new\system\Database\BaseConnection.php(670): CodeIgniter\Database\MySQLi\Connection->execute('SELECT `id`, `m...')
#2 C:\xampp\htdocs\otmiza_sgc_new\system\Database\BaseConnection.php(598): CodeIgniter\Database\BaseConnection->simpleQuery('SELECT `id`, `m...')
#3 C:\xampp\htdocs\otmiza_sgc_new\system\Database\BaseBuilder.php(1455): CodeIgniter\Database\BaseConnection->query('SELECT `id`, `m...', Array, false)
#4 C:\xampp\htdocs\otmiza_sgc_new\system\Model.php(183): CodeIgniter\Database\BaseBuilder->get()
#5 C:\xampp\htdocs\otmiza_sgc_new\system\BaseModel.php(584): CodeIgniter\Model->doFindAll(0, 0)
#6 C:\xampp\htdocs\otmiza_sgc_new\app\Models\MarcaModel.php(43): CodeIgniter\BaseModel->findAll()
#7 C:\xampp\htdocs\otmiza_sgc_new\app\Controllers\Tecido.php(58): App\Models\MarcaModel->formDropDown(Array)
#8 C:\xampp\htdocs\otmiza_sgc_new\system\CodeIgniter.php(825): App\Controllers\Tecido->formulario()
#9 C:\xampp\htdocs\otmiza_sgc_new\system\CodeIgniter.php(412): CodeIgniter\CodeIgniter->runController(Object(App\Controllers\Tecido))
#10 C:\xampp\htdocs\otmiza_sgc_new\system\CodeIgniter.php(320): CodeIgniter\CodeIgniter->handleRequest(NULL, Object(Config\Cache), false)
#11 C:\xampp\htdocs\otmiza_sgc_new\public\index.php(37): CodeIgniter\CodeIgniter->run()
#12 {main}
