CRITICAL - 2022-02-28 11:48:45 --> Undefined index: nome
#0 C:\xampp\htdocs\otmiza_sgc_new\app\Views\cliente\index.php(69): CodeIgniter\Debug\Exceptions->errorHandler(8, 'Undefined index...', 'C:\\xampp\\htdocs...', 69, Array)
#1 C:\xampp\htdocs\otmiza_sgc_new\system\View\View.php(210): include('C:\\xampp\\htdocs...')
#2 C:\xampp\htdocs\otmiza_sgc_new\system\View\View.php(213): CodeIgniter\View\View->CodeIgniter\View\{closure}()
#3 C:\xampp\htdocs\otmiza_sgc_new\system\Common.php(1089): CodeIgniter\View\View->render('cliente/index', Array, true)
#4 C:\xampp\htdocs\otmiza_sgc_new\app\Controllers\Cliente.php(41): view('cliente/index', Array)
#5 C:\xampp\htdocs\otmiza_sgc_new\system\CodeIgniter.php(825): App\Controllers\Cliente->index()
#6 C:\xampp\htdocs\otmiza_sgc_new\system\CodeIgniter.php(412): CodeIgniter\CodeIgniter->runController(Object(App\Controllers\Cliente))
#7 C:\xampp\htdocs\otmiza_sgc_new\system\CodeIgniter.php(320): CodeIgniter\CodeIgniter->handleRequest(NULL, Object(Config\Cache), false)
#8 C:\xampp\htdocs\otmiza_sgc_new\public\index.php(37): CodeIgniter\CodeIgniter->run()
#9 {main}
CRITICAL - 2022-02-28 12:43:03 --> Arquivo inválido: cliente/form.php
#0 C:\xampp\htdocs\otmiza_sgc_new\system\View\View.php(198): CodeIgniter\Exceptions\FrameworkException::forInvalidFile('cliente/form.ph...')
#1 C:\xampp\htdocs\otmiza_sgc_new\system\Common.php(1089): CodeIgniter\View\View->render('cliente/form', Array, true)
#2 C:\xampp\htdocs\otmiza_sgc_new\app\Controllers\Cliente.php(58): view('cliente/form', Array)
#3 C:\xampp\htdocs\otmiza_sgc_new\system\CodeIgniter.php(825): App\Controllers\Cliente->formulario_pf()
#4 C:\xampp\htdocs\otmiza_sgc_new\system\CodeIgniter.php(412): CodeIgniter\CodeIgniter->runController(Object(App\Controllers\Cliente))
#5 C:\xampp\htdocs\otmiza_sgc_new\system\CodeIgniter.php(320): CodeIgniter\CodeIgniter->handleRequest(NULL, Object(Config\Cache), false)
#6 C:\xampp\htdocs\otmiza_sgc_new\public\index.php(37): CodeIgniter\CodeIgniter->run()
#7 {main}
CRITICAL - 2022-02-28 13:47:15 --> Arquivo inválido: cliente/form.php
#0 C:\xampp\htdocs\otmiza_sgc_new\system\View\View.php(198): CodeIgniter\Exceptions\FrameworkException::forInvalidFile('cliente/form.ph...')
#1 C:\xampp\htdocs\otmiza_sgc_new\system\Common.php(1089): CodeIgniter\View\View->render('cliente/form', Array, true)
#2 C:\xampp\htdocs\otmiza_sgc_new\app\Controllers\Cliente.php(112): view('cliente/form', Array)
#3 C:\xampp\htdocs\otmiza_sgc_new\system\CodeIgniter.php(825): App\Controllers\Cliente->edit('2')
#4 C:\xampp\htdocs\otmiza_sgc_new\system\CodeIgniter.php(412): CodeIgniter\CodeIgniter->runController(Object(App\Controllers\Cliente))
#5 C:\xampp\htdocs\otmiza_sgc_new\system\CodeIgniter.php(320): CodeIgniter\CodeIgniter->handleRequest(NULL, Object(Config\Cache), false)
#6 C:\xampp\htdocs\otmiza_sgc_new\public\index.php(37): CodeIgniter\CodeIgniter->run()
#7 {main}
ERROR - 2022-02-28 19:19:54 --> Cannot add or update a child row: a foreign key constraint fails (`db_sgc_new`.`clientes`, CONSTRAINT `clientes_ibfk_1` FOREIGN KEY (`usuario_id`) REFERENCES `usuarios` (`id`) ON DELETE CASCADE ON UPDATE NO ACTION)
CRITICAL - 2022-02-28 19:19:54 --> Cannot add or update a child row: a foreign key constraint fails (`db_sgc_new`.`clientes`, CONSTRAINT `clientes_ibfk_1` FOREIGN KEY (`usuario_id`) REFERENCES `usuarios` (`id`) ON DELETE CASCADE ON UPDATE NO ACTION)
#0 C:\xampp\htdocs\otmiza_sgc_new\system\Database\MySQLi\Connection.php(292): mysqli->query('INSERT INTO `cl...', 0)
#1 C:\xampp\htdocs\otmiza_sgc_new\system\Database\BaseConnection.php(670): CodeIgniter\Database\MySQLi\Connection->execute('INSERT INTO `cl...')
#2 C:\xampp\htdocs\otmiza_sgc_new\system\Database\BaseConnection.php(598): CodeIgniter\Database\BaseConnection->simpleQuery('INSERT INTO `cl...')
#3 C:\xampp\htdocs\otmiza_sgc_new\system\Database\BaseBuilder.php(1771): CodeIgniter\Database\BaseConnection->query('INSERT INTO `cl...', Array, false)
#4 C:\xampp\htdocs\otmiza_sgc_new\system\Model.php(239): CodeIgniter\Database\BaseBuilder->insert()
#5 C:\xampp\htdocs\otmiza_sgc_new\system\BaseModel.php(738): CodeIgniter\Model->doInsert(Array)
#6 C:\xampp\htdocs\otmiza_sgc_new\system\Model.php(625): CodeIgniter\BaseModel->insert(Array, false)
#7 C:\xampp\htdocs\otmiza_sgc_new\system\BaseModel.php(658): CodeIgniter\Model->insert(Array, false)
#8 C:\xampp\htdocs\otmiza_sgc_new\app\Controllers\Cliente.php(89): CodeIgniter\BaseModel->save(Array)
#9 C:\xampp\htdocs\otmiza_sgc_new\system\CodeIgniter.php(825): App\Controllers\Cliente->salvar()
#10 C:\xampp\htdocs\otmiza_sgc_new\system\CodeIgniter.php(412): CodeIgniter\CodeIgniter->runController(Object(App\Controllers\Cliente))
#11 C:\xampp\htdocs\otmiza_sgc_new\system\CodeIgniter.php(320): CodeIgniter\CodeIgniter->handleRequest(NULL, Object(Config\Cache), false)
#12 C:\xampp\htdocs\otmiza_sgc_new\public\index.php(37): CodeIgniter\CodeIgniter->run()
#13 {main}
ERROR - 2022-02-28 19:22:14 --> Cannot add or update a child row: a foreign key constraint fails (`db_sgc_new`.`clientes`, CONSTRAINT `clientes_ibfk_1` FOREIGN KEY (`usuario_id`) REFERENCES `usuarios` (`id`) ON DELETE CASCADE ON UPDATE NO ACTION)
CRITICAL - 2022-02-28 19:22:14 --> Cannot add or update a child row: a foreign key constraint fails (`db_sgc_new`.`clientes`, CONSTRAINT `clientes_ibfk_1` FOREIGN KEY (`usuario_id`) REFERENCES `usuarios` (`id`) ON DELETE CASCADE ON UPDATE NO ACTION)
#0 C:\xampp\htdocs\otmiza_sgc_new\system\Database\MySQLi\Connection.php(292): mysqli->query('INSERT INTO `cl...', 0)
#1 C:\xampp\htdocs\otmiza_sgc_new\system\Database\BaseConnection.php(670): CodeIgniter\Database\MySQLi\Connection->execute('INSERT INTO `cl...')
#2 C:\xampp\htdocs\otmiza_sgc_new\system\Database\BaseConnection.php(598): CodeIgniter\Database\BaseConnection->simpleQuery('INSERT INTO `cl...')
#3 C:\xampp\htdocs\otmiza_sgc_new\system\Database\BaseBuilder.php(1771): CodeIgniter\Database\BaseConnection->query('INSERT INTO `cl...', Array, false)
#4 C:\xampp\htdocs\otmiza_sgc_new\system\Model.php(239): CodeIgniter\Database\BaseBuilder->insert()
#5 C:\xampp\htdocs\otmiza_sgc_new\system\BaseModel.php(738): CodeIgniter\Model->doInsert(Array)
#6 C:\xampp\htdocs\otmiza_sgc_new\system\Model.php(625): CodeIgniter\BaseModel->insert(Array, false)
#7 C:\xampp\htdocs\otmiza_sgc_new\system\BaseModel.php(658): CodeIgniter\Model->insert(Array, false)
#8 C:\xampp\htdocs\otmiza_sgc_new\app\Controllers\Cliente.php(89): CodeIgniter\BaseModel->save(Array)
#9 C:\xampp\htdocs\otmiza_sgc_new\system\CodeIgniter.php(825): App\Controllers\Cliente->salvar()
#10 C:\xampp\htdocs\otmiza_sgc_new\system\CodeIgniter.php(412): CodeIgniter\CodeIgniter->runController(Object(App\Controllers\Cliente))
#11 C:\xampp\htdocs\otmiza_sgc_new\system\CodeIgniter.php(320): CodeIgniter\CodeIgniter->handleRequest(NULL, Object(Config\Cache), false)
#12 C:\xampp\htdocs\otmiza_sgc_new\public\index.php(37): CodeIgniter\CodeIgniter->run()
#13 {main}
ERROR - 2022-02-28 19:22:31 --> Cannot add or update a child row: a foreign key constraint fails (`db_sgc_new`.`clientes`, CONSTRAINT `clientes_ibfk_1` FOREIGN KEY (`usuario_id`) REFERENCES `usuarios` (`id`) ON DELETE CASCADE ON UPDATE NO ACTION)
CRITICAL - 2022-02-28 19:22:31 --> Cannot add or update a child row: a foreign key constraint fails (`db_sgc_new`.`clientes`, CONSTRAINT `clientes_ibfk_1` FOREIGN KEY (`usuario_id`) REFERENCES `usuarios` (`id`) ON DELETE CASCADE ON UPDATE NO ACTION)
#0 C:\xampp\htdocs\otmiza_sgc_new\system\Database\MySQLi\Connection.php(292): mysqli->query('INSERT INTO `cl...', 0)
#1 C:\xampp\htdocs\otmiza_sgc_new\system\Database\BaseConnection.php(670): CodeIgniter\Database\MySQLi\Connection->execute('INSERT INTO `cl...')
#2 C:\xampp\htdocs\otmiza_sgc_new\system\Database\BaseConnection.php(598): CodeIgniter\Database\BaseConnection->simpleQuery('INSERT INTO `cl...')
#3 C:\xampp\htdocs\otmiza_sgc_new\system\Database\BaseBuilder.php(1771): CodeIgniter\Database\BaseConnection->query('INSERT INTO `cl...', Array, false)
#4 C:\xampp\htdocs\otmiza_sgc_new\system\Model.php(239): CodeIgniter\Database\BaseBuilder->insert()
#5 C:\xampp\htdocs\otmiza_sgc_new\system\BaseModel.php(738): CodeIgniter\Model->doInsert(Array)
#6 C:\xampp\htdocs\otmiza_sgc_new\system\Model.php(625): CodeIgniter\BaseModel->insert(Array, false)
#7 C:\xampp\htdocs\otmiza_sgc_new\system\BaseModel.php(658): CodeIgniter\Model->insert(Array, false)
#8 C:\xampp\htdocs\otmiza_sgc_new\app\Controllers\Cliente.php(89): CodeIgniter\BaseModel->save(Array)
#9 C:\xampp\htdocs\otmiza_sgc_new\system\CodeIgniter.php(825): App\Controllers\Cliente->salvar()
#10 C:\xampp\htdocs\otmiza_sgc_new\system\CodeIgniter.php(412): CodeIgniter\CodeIgniter->runController(Object(App\Controllers\Cliente))
#11 C:\xampp\htdocs\otmiza_sgc_new\system\CodeIgniter.php(320): CodeIgniter\CodeIgniter->handleRequest(NULL, Object(Config\Cache), false)
#12 C:\xampp\htdocs\otmiza_sgc_new\public\index.php(37): CodeIgniter\CodeIgniter->run()
#13 {main}
ERROR - 2022-02-28 19:23:12 --> Cannot add or update a child row: a foreign key constraint fails (`db_sgc_new`.`clientes`, CONSTRAINT `clientes_ibfk_1` FOREIGN KEY (`usuario_id`) REFERENCES `usuarios` (`id`) ON DELETE CASCADE ON UPDATE NO ACTION)
CRITICAL - 2022-02-28 19:23:12 --> Cannot add or update a child row: a foreign key constraint fails (`db_sgc_new`.`clientes`, CONSTRAINT `clientes_ibfk_1` FOREIGN KEY (`usuario_id`) REFERENCES `usuarios` (`id`) ON DELETE CASCADE ON UPDATE NO ACTION)
#0 C:\xampp\htdocs\otmiza_sgc_new\system\Database\MySQLi\Connection.php(292): mysqli->query('INSERT INTO `cl...', 0)
#1 C:\xampp\htdocs\otmiza_sgc_new\system\Database\BaseConnection.php(670): CodeIgniter\Database\MySQLi\Connection->execute('INSERT INTO `cl...')
#2 C:\xampp\htdocs\otmiza_sgc_new\system\Database\BaseConnection.php(598): CodeIgniter\Database\BaseConnection->simpleQuery('INSERT INTO `cl...')
#3 C:\xampp\htdocs\otmiza_sgc_new\system\Database\BaseBuilder.php(1771): CodeIgniter\Database\BaseConnection->query('INSERT INTO `cl...', Array, false)
#4 C:\xampp\htdocs\otmiza_sgc_new\system\Model.php(239): CodeIgniter\Database\BaseBuilder->insert()
#5 C:\xampp\htdocs\otmiza_sgc_new\system\BaseModel.php(738): CodeIgniter\Model->doInsert(Array)
#6 C:\xampp\htdocs\otmiza_sgc_new\system\Model.php(625): CodeIgniter\BaseModel->insert(Array, false)
#7 C:\xampp\htdocs\otmiza_sgc_new\system\BaseModel.php(658): CodeIgniter\Model->insert(Array, false)
#8 C:\xampp\htdocs\otmiza_sgc_new\app\Controllers\Cliente.php(89): CodeIgniter\BaseModel->save(Array)
#9 C:\xampp\htdocs\otmiza_sgc_new\system\CodeIgniter.php(825): App\Controllers\Cliente->salvar()
#10 C:\xampp\htdocs\otmiza_sgc_new\system\CodeIgniter.php(412): CodeIgniter\CodeIgniter->runController(Object(App\Controllers\Cliente))
#11 C:\xampp\htdocs\otmiza_sgc_new\system\CodeIgniter.php(320): CodeIgniter\CodeIgniter->handleRequest(NULL, Object(Config\Cache), false)
#12 C:\xampp\htdocs\otmiza_sgc_new\public\index.php(37): CodeIgniter\CodeIgniter->run()
#13 {main}
ERROR - 2022-02-28 19:23:20 --> Cannot add or update a child row: a foreign key constraint fails (`db_sgc_new`.`clientes`, CONSTRAINT `clientes_ibfk_1` FOREIGN KEY (`usuario_id`) REFERENCES `usuarios` (`id`) ON DELETE CASCADE ON UPDATE NO ACTION)
CRITICAL - 2022-02-28 19:23:20 --> Cannot add or update a child row: a foreign key constraint fails (`db_sgc_new`.`clientes`, CONSTRAINT `clientes_ibfk_1` FOREIGN KEY (`usuario_id`) REFERENCES `usuarios` (`id`) ON DELETE CASCADE ON UPDATE NO ACTION)
#0 C:\xampp\htdocs\otmiza_sgc_new\system\Database\MySQLi\Connection.php(292): mysqli->query('INSERT INTO `cl...', 0)
#1 C:\xampp\htdocs\otmiza_sgc_new\system\Database\BaseConnection.php(670): CodeIgniter\Database\MySQLi\Connection->execute('INSERT INTO `cl...')
#2 C:\xampp\htdocs\otmiza_sgc_new\system\Database\BaseConnection.php(598): CodeIgniter\Database\BaseConnection->simpleQuery('INSERT INTO `cl...')
#3 C:\xampp\htdocs\otmiza_sgc_new\system\Database\BaseBuilder.php(1771): CodeIgniter\Database\BaseConnection->query('INSERT INTO `cl...', Array, false)
#4 C:\xampp\htdocs\otmiza_sgc_new\system\Model.php(239): CodeIgniter\Database\BaseBuilder->insert()
#5 C:\xampp\htdocs\otmiza_sgc_new\system\BaseModel.php(738): CodeIgniter\Model->doInsert(Array)
#6 C:\xampp\htdocs\otmiza_sgc_new\system\Model.php(625): CodeIgniter\BaseModel->insert(Array, false)
#7 C:\xampp\htdocs\otmiza_sgc_new\system\BaseModel.php(658): CodeIgniter\Model->insert(Array, false)
#8 C:\xampp\htdocs\otmiza_sgc_new\app\Controllers\Cliente.php(89): CodeIgniter\BaseModel->save(Array)
#9 C:\xampp\htdocs\otmiza_sgc_new\system\CodeIgniter.php(825): App\Controllers\Cliente->salvar()
#10 C:\xampp\htdocs\otmiza_sgc_new\system\CodeIgniter.php(412): CodeIgniter\CodeIgniter->runController(Object(App\Controllers\Cliente))
#11 C:\xampp\htdocs\otmiza_sgc_new\system\CodeIgniter.php(320): CodeIgniter\CodeIgniter->handleRequest(NULL, Object(Config\Cache), false)
#12 C:\xampp\htdocs\otmiza_sgc_new\public\index.php(37): CodeIgniter\CodeIgniter->run()
#13 {main}
ERROR - 2022-02-28 19:24:42 --> Cannot add or update a child row: a foreign key constraint fails (`db_sgc_new`.`clientes`, CONSTRAINT `clientes_ibfk_1` FOREIGN KEY (`usuario_id`) REFERENCES `usuarios` (`id`) ON DELETE CASCADE ON UPDATE NO ACTION)
CRITICAL - 2022-02-28 19:24:42 --> Cannot add or update a child row: a foreign key constraint fails (`db_sgc_new`.`clientes`, CONSTRAINT `clientes_ibfk_1` FOREIGN KEY (`usuario_id`) REFERENCES `usuarios` (`id`) ON DELETE CASCADE ON UPDATE NO ACTION)
#0 C:\xampp\htdocs\otmiza_sgc_new\system\Database\MySQLi\Connection.php(292): mysqli->query('INSERT INTO `cl...', 0)
#1 C:\xampp\htdocs\otmiza_sgc_new\system\Database\BaseConnection.php(670): CodeIgniter\Database\MySQLi\Connection->execute('INSERT INTO `cl...')
#2 C:\xampp\htdocs\otmiza_sgc_new\system\Database\BaseConnection.php(598): CodeIgniter\Database\BaseConnection->simpleQuery('INSERT INTO `cl...')
#3 C:\xampp\htdocs\otmiza_sgc_new\system\Database\BaseBuilder.php(1771): CodeIgniter\Database\BaseConnection->query('INSERT INTO `cl...', Array, false)
#4 C:\xampp\htdocs\otmiza_sgc_new\system\Model.php(239): CodeIgniter\Database\BaseBuilder->insert()
#5 C:\xampp\htdocs\otmiza_sgc_new\system\BaseModel.php(738): CodeIgniter\Model->doInsert(Array)
#6 C:\xampp\htdocs\otmiza_sgc_new\system\Model.php(625): CodeIgniter\BaseModel->insert(Array, false)
#7 C:\xampp\htdocs\otmiza_sgc_new\system\BaseModel.php(658): CodeIgniter\Model->insert(Array, false)
#8 C:\xampp\htdocs\otmiza_sgc_new\app\Controllers\Cliente.php(89): CodeIgniter\BaseModel->save(Array)
#9 C:\xampp\htdocs\otmiza_sgc_new\system\CodeIgniter.php(825): App\Controllers\Cliente->salvar()
#10 C:\xampp\htdocs\otmiza_sgc_new\system\CodeIgniter.php(412): CodeIgniter\CodeIgniter->runController(Object(App\Controllers\Cliente))
#11 C:\xampp\htdocs\otmiza_sgc_new\system\CodeIgniter.php(320): CodeIgniter\CodeIgniter->handleRequest(NULL, Object(Config\Cache), false)
#12 C:\xampp\htdocs\otmiza_sgc_new\public\index.php(37): CodeIgniter\CodeIgniter->run()
#13 {main}
ERROR - 2022-02-28 19:26:42 --> Cannot add or update a child row: a foreign key constraint fails (`db_sgc_new`.`clientes`, CONSTRAINT `clientes_ibfk_1` FOREIGN KEY (`usuario_id`) REFERENCES `usuarios` (`id`) ON DELETE CASCADE ON UPDATE NO ACTION)
CRITICAL - 2022-02-28 19:26:42 --> Cannot add or update a child row: a foreign key constraint fails (`db_sgc_new`.`clientes`, CONSTRAINT `clientes_ibfk_1` FOREIGN KEY (`usuario_id`) REFERENCES `usuarios` (`id`) ON DELETE CASCADE ON UPDATE NO ACTION)
#0 C:\xampp\htdocs\otmiza_sgc_new\system\Database\MySQLi\Connection.php(292): mysqli->query('INSERT INTO `cl...', 0)
#1 C:\xampp\htdocs\otmiza_sgc_new\system\Database\BaseConnection.php(670): CodeIgniter\Database\MySQLi\Connection->execute('INSERT INTO `cl...')
#2 C:\xampp\htdocs\otmiza_sgc_new\system\Database\BaseConnection.php(598): CodeIgniter\Database\BaseConnection->simpleQuery('INSERT INTO `cl...')
#3 C:\xampp\htdocs\otmiza_sgc_new\system\Database\BaseBuilder.php(1771): CodeIgniter\Database\BaseConnection->query('INSERT INTO `cl...', Array, false)
#4 C:\xampp\htdocs\otmiza_sgc_new\system\Model.php(239): CodeIgniter\Database\BaseBuilder->insert()
#5 C:\xampp\htdocs\otmiza_sgc_new\system\BaseModel.php(738): CodeIgniter\Model->doInsert(Array)
#6 C:\xampp\htdocs\otmiza_sgc_new\system\Model.php(625): CodeIgniter\BaseModel->insert(Array, false)
#7 C:\xampp\htdocs\otmiza_sgc_new\system\BaseModel.php(658): CodeIgniter\Model->insert(Array, false)
#8 C:\xampp\htdocs\otmiza_sgc_new\app\Controllers\Cliente.php(89): CodeIgniter\BaseModel->save(Array)
#9 C:\xampp\htdocs\otmiza_sgc_new\system\CodeIgniter.php(825): App\Controllers\Cliente->salvar()
#10 C:\xampp\htdocs\otmiza_sgc_new\system\CodeIgniter.php(412): CodeIgniter\CodeIgniter->runController(Object(App\Controllers\Cliente))
#11 C:\xampp\htdocs\otmiza_sgc_new\system\CodeIgniter.php(320): CodeIgniter\CodeIgniter->handleRequest(NULL, Object(Config\Cache), false)
#12 C:\xampp\htdocs\otmiza_sgc_new\public\index.php(37): CodeIgniter\CodeIgniter->run()
#13 {main}
ERROR - 2022-02-28 19:27:13 --> Cannot add or update a child row: a foreign key constraint fails (`db_sgc_new`.`clientes`, CONSTRAINT `clientes_ibfk_1` FOREIGN KEY (`usuario_id`) REFERENCES `usuarios` (`id`) ON DELETE CASCADE ON UPDATE NO ACTION)
CRITICAL - 2022-02-28 19:27:13 --> Cannot add or update a child row: a foreign key constraint fails (`db_sgc_new`.`clientes`, CONSTRAINT `clientes_ibfk_1` FOREIGN KEY (`usuario_id`) REFERENCES `usuarios` (`id`) ON DELETE CASCADE ON UPDATE NO ACTION)
#0 C:\xampp\htdocs\otmiza_sgc_new\system\Database\MySQLi\Connection.php(292): mysqli->query('INSERT INTO `cl...', 0)
#1 C:\xampp\htdocs\otmiza_sgc_new\system\Database\BaseConnection.php(670): CodeIgniter\Database\MySQLi\Connection->execute('INSERT INTO `cl...')
#2 C:\xampp\htdocs\otmiza_sgc_new\system\Database\BaseConnection.php(598): CodeIgniter\Database\BaseConnection->simpleQuery('INSERT INTO `cl...')
#3 C:\xampp\htdocs\otmiza_sgc_new\system\Database\BaseBuilder.php(1771): CodeIgniter\Database\BaseConnection->query('INSERT INTO `cl...', Array, false)
#4 C:\xampp\htdocs\otmiza_sgc_new\system\Model.php(239): CodeIgniter\Database\BaseBuilder->insert()
#5 C:\xampp\htdocs\otmiza_sgc_new\system\BaseModel.php(738): CodeIgniter\Model->doInsert(Array)
#6 C:\xampp\htdocs\otmiza_sgc_new\system\Model.php(625): CodeIgniter\BaseModel->insert(Array, false)
#7 C:\xampp\htdocs\otmiza_sgc_new\system\BaseModel.php(658): CodeIgniter\Model->insert(Array, false)
#8 C:\xampp\htdocs\otmiza_sgc_new\app\Controllers\Cliente.php(89): CodeIgniter\BaseModel->save(Array)
#9 C:\xampp\htdocs\otmiza_sgc_new\system\CodeIgniter.php(825): App\Controllers\Cliente->salvar()
#10 C:\xampp\htdocs\otmiza_sgc_new\system\CodeIgniter.php(412): CodeIgniter\CodeIgniter->runController(Object(App\Controllers\Cliente))
#11 C:\xampp\htdocs\otmiza_sgc_new\system\CodeIgniter.php(320): CodeIgniter\CodeIgniter->handleRequest(NULL, Object(Config\Cache), false)
#12 C:\xampp\htdocs\otmiza_sgc_new\public\index.php(37): CodeIgniter\CodeIgniter->run()
#13 {main}
ERROR - 2022-02-28 20:15:24 --> Cannot add or update a child row: a foreign key constraint fails (`db_sgc_new`.`clientes`, CONSTRAINT `clientes_ibfk_1` FOREIGN KEY (`usuario_id`) REFERENCES `usuarios` (`id`) ON DELETE CASCADE ON UPDATE NO ACTION)
CRITICAL - 2022-02-28 20:15:24 --> Cannot add or update a child row: a foreign key constraint fails (`db_sgc_new`.`clientes`, CONSTRAINT `clientes_ibfk_1` FOREIGN KEY (`usuario_id`) REFERENCES `usuarios` (`id`) ON DELETE CASCADE ON UPDATE NO ACTION)
#0 C:\xampp\htdocs\otmiza_sgc_new\system\Database\MySQLi\Connection.php(292): mysqli->query('INSERT INTO `cl...', 0)
#1 C:\xampp\htdocs\otmiza_sgc_new\system\Database\BaseConnection.php(670): CodeIgniter\Database\MySQLi\Connection->execute('INSERT INTO `cl...')
#2 C:\xampp\htdocs\otmiza_sgc_new\system\Database\BaseConnection.php(598): CodeIgniter\Database\BaseConnection->simpleQuery('INSERT INTO `cl...')
#3 C:\xampp\htdocs\otmiza_sgc_new\system\Database\BaseBuilder.php(1771): CodeIgniter\Database\BaseConnection->query('INSERT INTO `cl...', Array, false)
#4 C:\xampp\htdocs\otmiza_sgc_new\system\Model.php(239): CodeIgniter\Database\BaseBuilder->insert()
#5 C:\xampp\htdocs\otmiza_sgc_new\system\BaseModel.php(738): CodeIgniter\Model->doInsert(Array)
#6 C:\xampp\htdocs\otmiza_sgc_new\system\Model.php(625): CodeIgniter\BaseModel->insert(Array, false)
#7 C:\xampp\htdocs\otmiza_sgc_new\system\BaseModel.php(658): CodeIgniter\Model->insert(Array, false)
#8 C:\xampp\htdocs\otmiza_sgc_new\app\Controllers\Cliente.php(89): CodeIgniter\BaseModel->save(Array)
#9 C:\xampp\htdocs\otmiza_sgc_new\system\CodeIgniter.php(825): App\Controllers\Cliente->salvar()
#10 C:\xampp\htdocs\otmiza_sgc_new\system\CodeIgniter.php(412): CodeIgniter\CodeIgniter->runController(Object(App\Controllers\Cliente))
#11 C:\xampp\htdocs\otmiza_sgc_new\system\CodeIgniter.php(320): CodeIgniter\CodeIgniter->handleRequest(NULL, Object(Config\Cache), false)
#12 C:\xampp\htdocs\otmiza_sgc_new\public\index.php(37): CodeIgniter\CodeIgniter->run()
#13 {main}
ERROR - 2022-02-28 20:36:33 --> Unknown column 'cliente.usuarios.id' in 'on clause'
CRITICAL - 2022-02-28 20:36:33 --> Unknown column 'cliente.usuarios.id' in 'on clause'
#0 C:\xampp\htdocs\otmiza_sgc_new\system\Database\MySQLi\Connection.php(292): mysqli->query('SELECT *\nFROM `...', 0)
#1 C:\xampp\htdocs\otmiza_sgc_new\system\Database\BaseConnection.php(670): CodeIgniter\Database\MySQLi\Connection->execute('SELECT *\nFROM `...')
#2 C:\xampp\htdocs\otmiza_sgc_new\system\Database\BaseConnection.php(598): CodeIgniter\Database\BaseConnection->simpleQuery('SELECT *\nFROM `...')
#3 C:\xampp\htdocs\otmiza_sgc_new\system\Database\BaseBuilder.php(1455): CodeIgniter\Database\BaseConnection->query('SELECT *\nFROM `...', Array, false)
#4 C:\xampp\htdocs\otmiza_sgc_new\system\Model.php(183): CodeIgniter\Database\BaseBuilder->get()
#5 C:\xampp\htdocs\otmiza_sgc_new\system\BaseModel.php(584): CodeIgniter\Model->doFindAll(0, 0)
#6 C:\xampp\htdocs\otmiza_sgc_new\app\Models\ClienteModel.php(48): CodeIgniter\BaseModel->findAll()
#7 C:\xampp\htdocs\otmiza_sgc_new\app\Controllers\Cliente.php(28): App\Models\ClienteModel->getAllWithUsuarios()
#8 C:\xampp\htdocs\otmiza_sgc_new\system\CodeIgniter.php(825): App\Controllers\Cliente->index()
#9 C:\xampp\htdocs\otmiza_sgc_new\system\CodeIgniter.php(412): CodeIgniter\CodeIgniter->runController(Object(App\Controllers\Cliente))
#10 C:\xampp\htdocs\otmiza_sgc_new\system\CodeIgniter.php(320): CodeIgniter\CodeIgniter->handleRequest(NULL, Object(Config\Cache), false)
#11 C:\xampp\htdocs\otmiza_sgc_new\public\index.php(37): CodeIgniter\CodeIgniter->run()
#12 {main}
ERROR - 2022-02-28 20:36:55 --> Unknown column 'cliente.usuarios.id' in 'on clause'
CRITICAL - 2022-02-28 20:36:55 --> Unknown column 'cliente.usuarios.id' in 'on clause'
#0 C:\xampp\htdocs\otmiza_sgc_new\system\Database\MySQLi\Connection.php(292): mysqli->query('SELECT *\nFROM `...', 0)
#1 C:\xampp\htdocs\otmiza_sgc_new\system\Database\BaseConnection.php(670): CodeIgniter\Database\MySQLi\Connection->execute('SELECT *\nFROM `...')
#2 C:\xampp\htdocs\otmiza_sgc_new\system\Database\BaseConnection.php(598): CodeIgniter\Database\BaseConnection->simpleQuery('SELECT *\nFROM `...')
#3 C:\xampp\htdocs\otmiza_sgc_new\system\Database\BaseBuilder.php(1455): CodeIgniter\Database\BaseConnection->query('SELECT *\nFROM `...', Array, false)
#4 C:\xampp\htdocs\otmiza_sgc_new\system\Model.php(183): CodeIgniter\Database\BaseBuilder->get()
#5 C:\xampp\htdocs\otmiza_sgc_new\system\BaseModel.php(584): CodeIgniter\Model->doFindAll(0, 0)
#6 C:\xampp\htdocs\otmiza_sgc_new\app\Models\ClienteModel.php(48): CodeIgniter\BaseModel->findAll()
#7 C:\xampp\htdocs\otmiza_sgc_new\app\Controllers\Cliente.php(28): App\Models\ClienteModel->getAllWithUsuarios()
#8 C:\xampp\htdocs\otmiza_sgc_new\system\CodeIgniter.php(825): App\Controllers\Cliente->index()
#9 C:\xampp\htdocs\otmiza_sgc_new\system\CodeIgniter.php(412): CodeIgniter\CodeIgniter->runController(Object(App\Controllers\Cliente))
#10 C:\xampp\htdocs\otmiza_sgc_new\system\CodeIgniter.php(320): CodeIgniter\CodeIgniter->handleRequest(NULL, Object(Config\Cache), false)
#11 C:\xampp\htdocs\otmiza_sgc_new\public\index.php(37): CodeIgniter\CodeIgniter->run()
#12 {main}
ERROR - 2022-02-28 20:43:51 --> Unknown column 'cliente.usuarios.id' in 'on clause'
CRITICAL - 2022-02-28 20:43:51 --> Unknown column 'cliente.usuarios.id' in 'on clause'
#0 C:\xampp\htdocs\otmiza_sgc_new\system\Database\MySQLi\Connection.php(292): mysqli->query('SELECT *\nFROM `...', 0)
#1 C:\xampp\htdocs\otmiza_sgc_new\system\Database\BaseConnection.php(670): CodeIgniter\Database\MySQLi\Connection->execute('SELECT *\nFROM `...')
#2 C:\xampp\htdocs\otmiza_sgc_new\system\Database\BaseConnection.php(598): CodeIgniter\Database\BaseConnection->simpleQuery('SELECT *\nFROM `...')
#3 C:\xampp\htdocs\otmiza_sgc_new\system\Database\BaseBuilder.php(1455): CodeIgniter\Database\BaseConnection->query('SELECT *\nFROM `...', Array, false)
#4 C:\xampp\htdocs\otmiza_sgc_new\system\Model.php(183): CodeIgniter\Database\BaseBuilder->get()
#5 C:\xampp\htdocs\otmiza_sgc_new\system\BaseModel.php(584): CodeIgniter\Model->doFindAll(0, 0)
#6 C:\xampp\htdocs\otmiza_sgc_new\app\Models\ClienteModel.php(49): CodeIgniter\BaseModel->findAll()
#7 C:\xampp\htdocs\otmiza_sgc_new\app\Controllers\Cliente.php(28): App\Models\ClienteModel->getAllWithUsuarios()
#8 C:\xampp\htdocs\otmiza_sgc_new\system\CodeIgniter.php(825): App\Controllers\Cliente->index()
#9 C:\xampp\htdocs\otmiza_sgc_new\system\CodeIgniter.php(412): CodeIgniter\CodeIgniter->runController(Object(App\Controllers\Cliente))
#10 C:\xampp\htdocs\otmiza_sgc_new\system\CodeIgniter.php(320): CodeIgniter\CodeIgniter->handleRequest(NULL, Object(Config\Cache), false)
#11 C:\xampp\htdocs\otmiza_sgc_new\public\index.php(37): CodeIgniter\CodeIgniter->run()
#12 {main}
ERROR - 2022-02-28 20:43:59 --> Unknown column 'cliente.usuarios.id' in 'on clause'
CRITICAL - 2022-02-28 20:43:59 --> Unknown column 'cliente.usuarios.id' in 'on clause'
#0 C:\xampp\htdocs\otmiza_sgc_new\system\Database\MySQLi\Connection.php(292): mysqli->query('SELECT *\nFROM `...', 0)
#1 C:\xampp\htdocs\otmiza_sgc_new\system\Database\BaseConnection.php(670): CodeIgniter\Database\MySQLi\Connection->execute('SELECT *\nFROM `...')
#2 C:\xampp\htdocs\otmiza_sgc_new\system\Database\BaseConnection.php(598): CodeIgniter\Database\BaseConnection->simpleQuery('SELECT *\nFROM `...')
#3 C:\xampp\htdocs\otmiza_sgc_new\system\Database\BaseBuilder.php(1455): CodeIgniter\Database\BaseConnection->query('SELECT *\nFROM `...', Array, false)
#4 C:\xampp\htdocs\otmiza_sgc_new\system\Model.php(183): CodeIgniter\Database\BaseBuilder->get()
#5 C:\xampp\htdocs\otmiza_sgc_new\system\BaseModel.php(584): CodeIgniter\Model->doFindAll(0, 0)
#6 C:\xampp\htdocs\otmiza_sgc_new\app\Models\ClienteModel.php(49): CodeIgniter\BaseModel->findAll()
#7 C:\xampp\htdocs\otmiza_sgc_new\app\Controllers\Cliente.php(28): App\Models\ClienteModel->getAllWithUsuarios()
#8 C:\xampp\htdocs\otmiza_sgc_new\system\CodeIgniter.php(825): App\Controllers\Cliente->index()
#9 C:\xampp\htdocs\otmiza_sgc_new\system\CodeIgniter.php(412): CodeIgniter\CodeIgniter->runController(Object(App\Controllers\Cliente))
#10 C:\xampp\htdocs\otmiza_sgc_new\system\CodeIgniter.php(320): CodeIgniter\CodeIgniter->handleRequest(NULL, Object(Config\Cache), false)
#11 C:\xampp\htdocs\otmiza_sgc_new\public\index.php(37): CodeIgniter\CodeIgniter->run()
#12 {main}
CRITICAL - 2022-02-28 20:48:16 --> Call to a member function addUserId() on array
#0 C:\xampp\htdocs\otmiza_sgc_new\system\CodeIgniter.php(825): App\Controllers\Cliente->index()
#1 C:\xampp\htdocs\otmiza_sgc_new\system\CodeIgniter.php(412): CodeIgniter\CodeIgniter->runController(Object(App\Controllers\Cliente))
#2 C:\xampp\htdocs\otmiza_sgc_new\system\CodeIgniter.php(320): CodeIgniter\CodeIgniter->handleRequest(NULL, Object(Config\Cache), false)
#3 C:\xampp\htdocs\otmiza_sgc_new\public\index.php(37): CodeIgniter\CodeIgniter->run()
#4 {main}
CRITICAL - 2022-02-28 20:49:07 --> Call to a member function orderBy() on array
#0 C:\xampp\htdocs\otmiza_sgc_new\system\CodeIgniter.php(825): App\Controllers\Cliente->index()
#1 C:\xampp\htdocs\otmiza_sgc_new\system\CodeIgniter.php(412): CodeIgniter\CodeIgniter->runController(Object(App\Controllers\Cliente))
#2 C:\xampp\htdocs\otmiza_sgc_new\system\CodeIgniter.php(320): CodeIgniter\CodeIgniter->handleRequest(NULL, Object(Config\Cache), false)
#3 C:\xampp\htdocs\otmiza_sgc_new\public\index.php(37): CodeIgniter\CodeIgniter->run()
#4 {main}
CRITICAL - 2022-02-28 20:49:33 --> syntax error, unexpected '->' (T_OBJECT_OPERATOR)
#0 C:\xampp\htdocs\otmiza_sgc_new\system\Router\Router.php(175): CodeIgniter\Router\Router->autoRoute('cliente')
#1 C:\xampp\htdocs\otmiza_sgc_new\system\CodeIgniter.php(719): CodeIgniter\Router\Router->handle('cliente')
#2 C:\xampp\htdocs\otmiza_sgc_new\system\CodeIgniter.php(361): CodeIgniter\CodeIgniter->tryToRouteIt(Object(CodeIgniter\Router\RouteCollection))
#3 C:\xampp\htdocs\otmiza_sgc_new\system\CodeIgniter.php(320): CodeIgniter\CodeIgniter->handleRequest(NULL, Object(Config\Cache), false)
#4 C:\xampp\htdocs\otmiza_sgc_new\public\index.php(37): CodeIgniter\CodeIgniter->run()
#5 {main}
CRITICAL - 2022-02-28 20:51:13 --> Call to a member function getAllWithUsuarios() on array
#0 C:\xampp\htdocs\otmiza_sgc_new\system\CodeIgniter.php(825): App\Controllers\Cliente->index()
#1 C:\xampp\htdocs\otmiza_sgc_new\system\CodeIgniter.php(412): CodeIgniter\CodeIgniter->runController(Object(App\Controllers\Cliente))
#2 C:\xampp\htdocs\otmiza_sgc_new\system\CodeIgniter.php(320): CodeIgniter\CodeIgniter->handleRequest(NULL, Object(Config\Cache), false)
#3 C:\xampp\htdocs\otmiza_sgc_new\public\index.php(37): CodeIgniter\CodeIgniter->run()
#4 {main}
CRITICAL - 2022-02-28 20:52:05 --> Call to a member function addPesquisar() on array
#0 C:\xampp\htdocs\otmiza_sgc_new\system\CodeIgniter.php(825): App\Controllers\Cliente->index()
#1 C:\xampp\htdocs\otmiza_sgc_new\system\CodeIgniter.php(412): CodeIgniter\CodeIgniter->runController(Object(App\Controllers\Cliente))
#2 C:\xampp\htdocs\otmiza_sgc_new\system\CodeIgniter.php(320): CodeIgniter\CodeIgniter->handleRequest(NULL, Object(Config\Cache), false)
#3 C:\xampp\htdocs\otmiza_sgc_new\public\index.php(37): CodeIgniter\CodeIgniter->run()
#4 {main}
CRITICAL - 2022-02-28 20:52:15 --> Call to a member function addPesquisar() on array
#0 C:\xampp\htdocs\otmiza_sgc_new\system\CodeIgniter.php(825): App\Controllers\Cliente->index()
#1 C:\xampp\htdocs\otmiza_sgc_new\system\CodeIgniter.php(412): CodeIgniter\CodeIgniter->runController(Object(App\Controllers\Cliente))
#2 C:\xampp\htdocs\otmiza_sgc_new\system\CodeIgniter.php(320): CodeIgniter\CodeIgniter->handleRequest(NULL, Object(Config\Cache), false)
#3 C:\xampp\htdocs\otmiza_sgc_new\public\index.php(37): CodeIgniter\CodeIgniter->run()
#4 {main}
CRITICAL - 2022-02-28 20:53:03 --> Call to a member function addPesquisar() on array
#0 C:\xampp\htdocs\otmiza_sgc_new\system\CodeIgniter.php(825): App\Controllers\Cliente->index()
#1 C:\xampp\htdocs\otmiza_sgc_new\system\CodeIgniter.php(412): CodeIgniter\CodeIgniter->runController(Object(App\Controllers\Cliente))
#2 C:\xampp\htdocs\otmiza_sgc_new\system\CodeIgniter.php(320): CodeIgniter\CodeIgniter->handleRequest(NULL, Object(Config\Cache), false)
#3 C:\xampp\htdocs\otmiza_sgc_new\public\index.php(37): CodeIgniter\CodeIgniter->run()
#4 {main}
CRITICAL - 2022-02-28 20:55:04 --> Call to a member function addPesquisar() on array
#0 C:\xampp\htdocs\otmiza_sgc_new\system\CodeIgniter.php(825): App\Controllers\Cliente->index()
#1 C:\xampp\htdocs\otmiza_sgc_new\system\CodeIgniter.php(412): CodeIgniter\CodeIgniter->runController(Object(App\Controllers\Cliente))
#2 C:\xampp\htdocs\otmiza_sgc_new\system\CodeIgniter.php(320): CodeIgniter\CodeIgniter->handleRequest(NULL, Object(Config\Cache), false)
#3 C:\xampp\htdocs\otmiza_sgc_new\public\index.php(37): CodeIgniter\CodeIgniter->run()
#4 {main}
CRITICAL - 2022-02-28 20:56:17 --> Call to undefined method App\Models\ClienteModel::getAllWithUsuario
#0 C:\xampp\htdocs\otmiza_sgc_new\app\Controllers\Cliente.php(27): CodeIgniter\Model->__call('getAllWithUsuar...', Array)
#1 C:\xampp\htdocs\otmiza_sgc_new\system\CodeIgniter.php(825): App\Controllers\Cliente->index()
#2 C:\xampp\htdocs\otmiza_sgc_new\system\CodeIgniter.php(412): CodeIgniter\CodeIgniter->runController(Object(App\Controllers\Cliente))
#3 C:\xampp\htdocs\otmiza_sgc_new\system\CodeIgniter.php(320): CodeIgniter\CodeIgniter->handleRequest(NULL, Object(Config\Cache), false)
#4 C:\xampp\htdocs\otmiza_sgc_new\public\index.php(37): CodeIgniter\CodeIgniter->run()
#5 {main}
CRITICAL - 2022-02-28 20:56:46 --> Call to a member function addPesquisar() on array
#0 C:\xampp\htdocs\otmiza_sgc_new\system\CodeIgniter.php(825): App\Controllers\Cliente->index()
#1 C:\xampp\htdocs\otmiza_sgc_new\system\CodeIgniter.php(412): CodeIgniter\CodeIgniter->runController(Object(App\Controllers\Cliente))
#2 C:\xampp\htdocs\otmiza_sgc_new\system\CodeIgniter.php(320): CodeIgniter\CodeIgniter->handleRequest(NULL, Object(Config\Cache), false)
#3 C:\xampp\htdocs\otmiza_sgc_new\public\index.php(37): CodeIgniter\CodeIgniter->run()
#4 {main}
CRITICAL - 2022-02-28 20:57:34 --> Call to a member function addPesquisar() on array
#0 C:\xampp\htdocs\otmiza_sgc_new\system\CodeIgniter.php(825): App\Controllers\Cliente->index()
#1 C:\xampp\htdocs\otmiza_sgc_new\system\CodeIgniter.php(412): CodeIgniter\CodeIgniter->runController(Object(App\Controllers\Cliente))
#2 C:\xampp\htdocs\otmiza_sgc_new\system\CodeIgniter.php(320): CodeIgniter\CodeIgniter->handleRequest(NULL, Object(Config\Cache), false)
#3 C:\xampp\htdocs\otmiza_sgc_new\public\index.php(37): CodeIgniter\CodeIgniter->run()
#4 {main}
CRITICAL - 2022-02-28 20:57:40 --> Call to a member function addPesquisar() on array
#0 C:\xampp\htdocs\otmiza_sgc_new\system\CodeIgniter.php(825): App\Controllers\Cliente->index()
#1 C:\xampp\htdocs\otmiza_sgc_new\system\CodeIgniter.php(412): CodeIgniter\CodeIgniter->runController(Object(App\Controllers\Cliente))
#2 C:\xampp\htdocs\otmiza_sgc_new\system\CodeIgniter.php(320): CodeIgniter\CodeIgniter->handleRequest(NULL, Object(Config\Cache), false)
#3 C:\xampp\htdocs\otmiza_sgc_new\public\index.php(37): CodeIgniter\CodeIgniter->run()
#4 {main}
CRITICAL - 2022-02-28 20:58:49 --> Call to a member function links() on null
#0 C:\xampp\htdocs\otmiza_sgc_new\system\View\View.php(210): include()
#1 C:\xampp\htdocs\otmiza_sgc_new\system\View\View.php(213): CodeIgniter\View\View->CodeIgniter\View\{closure}()
#2 C:\xampp\htdocs\otmiza_sgc_new\system\Common.php(1089): CodeIgniter\View\View->render('cliente/index', Array, true)
#3 C:\xampp\htdocs\otmiza_sgc_new\app\Controllers\Cliente.php(43): view('cliente/index', Array)
#4 C:\xampp\htdocs\otmiza_sgc_new\system\CodeIgniter.php(825): App\Controllers\Cliente->index()
#5 C:\xampp\htdocs\otmiza_sgc_new\system\CodeIgniter.php(412): CodeIgniter\CodeIgniter->runController(Object(App\Controllers\Cliente))
#6 C:\xampp\htdocs\otmiza_sgc_new\system\CodeIgniter.php(320): CodeIgniter\CodeIgniter->handleRequest(NULL, Object(Config\Cache), false)
#7 C:\xampp\htdocs\otmiza_sgc_new\public\index.php(37): CodeIgniter\CodeIgniter->run()
#8 {main}
