CRITICAL - 2022-01-24 13:33:55 --> The framework needs the following extension(s) installed and loaded: intl.
#0 C:\xampp\htdocs\otmiza_sgc_new\system\CodeIgniter.php(219): CodeIgniter\Exceptions\FrameworkException::forMissingExtension('intl')
#1 C:\xampp\htdocs\otmiza_sgc_new\system\CodeIgniter.php(177): CodeIgniter\CodeIgniter->resolvePlatformExtensions()
#2 C:\xampp\htdocs\otmiza_sgc_new\system\bootstrap.php(146): CodeIgniter\CodeIgniter->initialize()
#3 C:\xampp\htdocs\otmiza_sgc_new\public\index.php(28): require('C:\\xampp\\htdocs...')
#4 {main}
CRITICAL - 2022-01-24 14:20:09 --> The framework needs the following extension(s) installed and loaded: intl.
#0 C:\xampp\htdocs\otmiza_sgc_new\system\CodeIgniter.php(219): CodeIgniter\Exceptions\FrameworkException::forMissingExtension('intl')
#1 C:\xampp\htdocs\otmiza_sgc_new\system\CodeIgniter.php(177): CodeIgniter\CodeIgniter->resolvePlatformExtensions()
#2 C:\xampp\htdocs\otmiza_sgc_new\system\bootstrap.php(146): CodeIgniter\CodeIgniter->initialize()
#3 C:\xampp\htdocs\otmiza_sgc_new\public\index.php(28): require('C:\\xampp\\htdocs...')
#4 {main}
CRITICAL - 2022-01-24 18:42:48 --> The framework needs the following extension(s) installed and loaded: intl.
#0 C:\xampp\htdocs\otmiza_sgc_new\system\CodeIgniter.php(219): CodeIgniter\Exceptions\FrameworkException::forMissingExtension('intl')
#1 C:\xampp\htdocs\otmiza_sgc_new\system\CodeIgniter.php(177): CodeIgniter\CodeIgniter->resolvePlatformExtensions()
#2 C:\xampp\htdocs\otmiza_sgc_new\system\bootstrap.php(146): CodeIgniter\CodeIgniter->initialize()
#3 C:\xampp\htdocs\otmiza_sgc_new\public\index.php(28): require('C:\\xampp\\htdocs...')
#4 {main}
CRITICAL - 2022-01-24 18:45:55 --> The framework needs the following extension(s) installed and loaded: intl.
#0 C:\xampp\htdocs\otmiza_sgc_new\system\CodeIgniter.php(219): CodeIgniter\Exceptions\FrameworkException::forMissingExtension('intl')
#1 C:\xampp\htdocs\otmiza_sgc_new\system\CodeIgniter.php(177): CodeIgniter\CodeIgniter->resolvePlatformExtensions()
#2 C:\xampp\htdocs\otmiza_sgc_new\system\bootstrap.php(146): CodeIgniter\CodeIgniter->initialize()
#3 C:\xampp\htdocs\otmiza_sgc_new\public\index.php(28): require('C:\\xampp\\htdocs...')
#4 {main}
CRITICAL - 2022-01-24 18:58:21 --> The framework needs the following extension(s) installed and loaded: intl.
#0 C:\xampp\htdocs\otmiza_sgc_new\system\CodeIgniter.php(219): CodeIgniter\Exceptions\FrameworkException::forMissingExtension('intl')
#1 C:\xampp\htdocs\otmiza_sgc_new\system\CodeIgniter.php(177): CodeIgniter\CodeIgniter->resolvePlatformExtensions()
#2 C:\xampp\htdocs\otmiza_sgc_new\system\bootstrap.php(146): CodeIgniter\CodeIgniter->initialize()
#3 C:\xampp\htdocs\otmiza_sgc_new\public\index.php(28): require('C:\\xampp\\htdocs...')
#4 {main}
CRITICAL - 2022-01-24 19:08:20 --> The framework needs the following extension(s) installed and loaded: intl.
#0 C:\xampp\htdocs\otmiza_sgc_new\system\CodeIgniter.php(219): CodeIgniter\Exceptions\FrameworkException::forMissingExtension('intl')
#1 C:\xampp\htdocs\otmiza_sgc_new\system\CodeIgniter.php(177): CodeIgniter\CodeIgniter->resolvePlatformExtensions()
#2 C:\xampp\htdocs\otmiza_sgc_new\system\bootstrap.php(146): CodeIgniter\CodeIgniter->initialize()
#3 C:\xampp\htdocs\otmiza_sgc_new\public\index.php(28): require('C:\\xampp\\htdocs...')
#4 {main}
CRITICAL - 2022-01-24 19:08:22 --> The framework needs the following extension(s) installed and loaded: intl.
#0 C:\xampp\htdocs\otmiza_sgc_new\system\CodeIgniter.php(219): CodeIgniter\Exceptions\FrameworkException::forMissingExtension('intl')
#1 C:\xampp\htdocs\otmiza_sgc_new\system\CodeIgniter.php(177): CodeIgniter\CodeIgniter->resolvePlatformExtensions()
#2 C:\xampp\htdocs\otmiza_sgc_new\system\bootstrap.php(146): CodeIgniter\CodeIgniter->initialize()
#3 C:\xampp\htdocs\otmiza_sgc_new\public\index.php(28): require('C:\\xampp\\htdocs...')
#4 {main}
CRITICAL - 2022-01-24 19:08:27 --> The framework needs the following extension(s) installed and loaded: intl.
#0 C:\xampp\htdocs\otmiza_sgc_new\system\CodeIgniter.php(219): CodeIgniter\Exceptions\FrameworkException::forMissingExtension('intl')
#1 C:\xampp\htdocs\otmiza_sgc_new\system\CodeIgniter.php(177): CodeIgniter\CodeIgniter->resolvePlatformExtensions()
#2 C:\xampp\htdocs\otmiza_sgc_new\system\bootstrap.php(146): CodeIgniter\CodeIgniter->initialize()
#3 C:\xampp\htdocs\otmiza_sgc_new\public\index.php(28): require('C:\\xampp\\htdocs...')
#4 {main}
CRITICAL - 2022-01-24 19:16:23 --> The framework needs the following extension(s) installed and loaded: intl.
#0 C:\xampp\htdocs\otmiza_sgc_new\system\CodeIgniter.php(219): CodeIgniter\Exceptions\FrameworkException::forMissingExtension('intl')
#1 C:\xampp\htdocs\otmiza_sgc_new\system\CodeIgniter.php(177): CodeIgniter\CodeIgniter->resolvePlatformExtensions()
#2 C:\xampp\htdocs\otmiza_sgc_new\system\bootstrap.php(146): CodeIgniter\CodeIgniter->initialize()
#3 C:\xampp\htdocs\otmiza_sgc_new\public\index.php(28): require('C:\\xampp\\htdocs...')
#4 {main}
CRITICAL - 2022-01-24 19:20:54 --> The framework needs the following extension(s) installed and loaded: intl.
#0 C:\xampp\htdocs\otmiza_sgc_new\system\CodeIgniter.php(219): CodeIgniter\Exceptions\FrameworkException::forMissingExtension('intl')
#1 C:\xampp\htdocs\otmiza_sgc_new\system\CodeIgniter.php(177): CodeIgniter\CodeIgniter->resolvePlatformExtensions()
#2 C:\xampp\htdocs\otmiza_sgc_new\system\bootstrap.php(146): CodeIgniter\CodeIgniter->initialize()
#3 C:\xampp\htdocs\otmiza_sgc_new\public\index.php(28): require('C:\\xampp\\htdocs...')
#4 {main}
CRITICAL - 2022-01-24 19:43:23 --> The framework needs the following extension(s) installed and loaded: intl.
#0 C:\xampp\htdocs\otmiza_sgc_new\system\CodeIgniter.php(219): CodeIgniter\Exceptions\FrameworkException::forMissingExtension('intl')
#1 C:\xampp\htdocs\otmiza_sgc_new\system\CodeIgniter.php(177): CodeIgniter\CodeIgniter->resolvePlatformExtensions()
#2 C:\xampp\htdocs\otmiza_sgc_new\system\bootstrap.php(146): CodeIgniter\CodeIgniter->initialize()
#3 C:\xampp\htdocs\otmiza_sgc_new\public\index.php(28): require('C:\\xampp\\htdocs...')
#4 {main}
ERROR - 2022-01-24 22:11:31 --> Error connecting to the database: Unknown database 'db_sgc_new'
CRITICAL - 2022-01-24 22:11:31 --> Unable to connect to the database.
Main connection [MySQLi]: Unknown database 'db_sgc_new'
#0 C:\xampp\htdocs\otmiza_sgc_new\system\Database\BaseConnection.php(577): CodeIgniter\Database\BaseConnection->initialize()
#1 C:\xampp\htdocs\otmiza_sgc_new\system\Database\BaseBuilder.php(1539): CodeIgniter\Database\BaseConnection->query('SELECT COUNT(*)...', Array, false)
#2 C:\xampp\htdocs\otmiza_sgc_new\system\Model.php(509): CodeIgniter\Database\BaseBuilder->countAllResults(false)
#3 C:\xampp\htdocs\otmiza_sgc_new\system\BaseModel.php(1084): CodeIgniter\Model->countAllResults(false)
#4 C:\xampp\htdocs\otmiza_sgc_new\app\Controllers\Usuario.php(25): CodeIgniter\BaseModel->paginate(5)
#5 C:\xampp\htdocs\otmiza_sgc_new\system\CodeIgniter.php(825): App\Controllers\Usuario->index()
#6 C:\xampp\htdocs\otmiza_sgc_new\system\CodeIgniter.php(412): CodeIgniter\CodeIgniter->runController(Object(App\Controllers\Usuario))
#7 C:\xampp\htdocs\otmiza_sgc_new\system\CodeIgniter.php(320): CodeIgniter\CodeIgniter->handleRequest(NULL, Object(Config\Cache), false)
#8 C:\xampp\htdocs\otmiza_sgc_new\public\index.php(37): CodeIgniter\CodeIgniter->run()
#9 {main}
