CRITICAL - 2022-04-11 20:20:42 --> Undefined variable: totalTime
#0 C:\xampp\htdocs\otmiza_sgc_new\system\Debug\Toolbar\Views\toolbar.tpl.php(40): CodeIgniter\Debug\Exceptions->errorHandler(8, 'Undefined varia...', 'C:\\xampp\\htdocs...', 40, Array)
#1 C:\xampp\htdocs\otmiza_sgc_new\system\Debug\Toolbar.php(501): include('C:\\xampp\\htdocs...')
#2 C:\xampp\htdocs\otmiza_sgc_new\system\Debug\Toolbar.php(464): CodeIgniter\Debug\Toolbar->format(Array, 'html')
#3 C:\xampp\htdocs\otmiza_sgc_new\app\Config\Events.php(48): CodeIgniter\Debug\Toolbar->respond()
#4 C:\xampp\htdocs\otmiza_sgc_new\system\Events\Events.php(149): CodeIgniter\Events\Events::Config\{closure}()
#5 C:\xampp\htdocs\otmiza_sgc_new\system\CodeIgniter.php(302): CodeIgniter\Events\Events::trigger('pre_system')
#6 C:\xampp\htdocs\otmiza_sgc_new\public\index.php(37): CodeIgniter\CodeIgniter->run()
#7 {main}
ERROR - 2022-04-11 20:23:34 --> Unknown column 'clientes_id' in 'order clause'
CRITICAL - 2022-04-11 20:23:34 --> Unknown column 'clientes_id' in 'order clause'
#0 C:\xampp\htdocs\otmiza_sgc_new\system\Database\MySQLi\Connection.php(292): mysqli->query('SELECT *\nFROM `...', 0)
#1 C:\xampp\htdocs\otmiza_sgc_new\system\Database\BaseConnection.php(670): CodeIgniter\Database\MySQLi\Connection->execute('SELECT *\nFROM `...')
#2 C:\xampp\htdocs\otmiza_sgc_new\system\Database\BaseConnection.php(598): CodeIgniter\Database\BaseConnection->simpleQuery('SELECT *\nFROM `...')
#3 C:\xampp\htdocs\otmiza_sgc_new\system\Database\BaseBuilder.php(1455): CodeIgniter\Database\BaseConnection->query('SELECT *\nFROM `...', Array, false)
#4 C:\xampp\htdocs\otmiza_sgc_new\system\Model.php(183): CodeIgniter\Database\BaseBuilder->get()
#5 C:\xampp\htdocs\otmiza_sgc_new\system\BaseModel.php(584): CodeIgniter\Model->doFindAll(5, 0)
#6 C:\xampp\htdocs\otmiza_sgc_new\system\BaseModel.php(1088): CodeIgniter\BaseModel->findAll(5, 0)
#7 C:\xampp\htdocs\otmiza_sgc_new\app\Controllers\Cliente.php(30): CodeIgniter\BaseModel->paginate(5)
#8 C:\xampp\htdocs\otmiza_sgc_new\system\CodeIgniter.php(825): App\Controllers\Cliente->index()
#9 C:\xampp\htdocs\otmiza_sgc_new\system\CodeIgniter.php(412): CodeIgniter\CodeIgniter->runController(Object(App\Controllers\Cliente))
#10 C:\xampp\htdocs\otmiza_sgc_new\system\CodeIgniter.php(320): CodeIgniter\CodeIgniter->handleRequest(NULL, Object(Config\Cache), false)
#11 C:\xampp\htdocs\otmiza_sgc_new\public\index.php(37): CodeIgniter\CodeIgniter->run()
#12 {main}
CRITICAL - 2022-04-11 20:24:05 --> Call to a member function paginate() on array
#0 C:\xampp\htdocs\otmiza_sgc_new\system\CodeIgniter.php(825): App\Controllers\Cliente->index()
#1 C:\xampp\htdocs\otmiza_sgc_new\system\CodeIgniter.php(412): CodeIgniter\CodeIgniter->runController(Object(App\Controllers\Cliente))
#2 C:\xampp\htdocs\otmiza_sgc_new\system\CodeIgniter.php(320): CodeIgniter\CodeIgniter->handleRequest(NULL, Object(Config\Cache), false)
#3 C:\xampp\htdocs\otmiza_sgc_new\public\index.php(37): CodeIgniter\CodeIgniter->run()
#4 {main}
CRITICAL - 2022-04-11 20:24:08 --> Call to a member function paginate() on array
#0 C:\xampp\htdocs\otmiza_sgc_new\system\CodeIgniter.php(825): App\Controllers\Cliente->index()
#1 C:\xampp\htdocs\otmiza_sgc_new\system\CodeIgniter.php(412): CodeIgniter\CodeIgniter->runController(Object(App\Controllers\Cliente))
#2 C:\xampp\htdocs\otmiza_sgc_new\system\CodeIgniter.php(320): CodeIgniter\CodeIgniter->handleRequest(NULL, Object(Config\Cache), false)
#3 C:\xampp\htdocs\otmiza_sgc_new\public\index.php(37): CodeIgniter\CodeIgniter->run()
#4 {main}
CRITICAL - 2022-04-11 20:27:12 --> Call to a member function addUserId() on array
#0 C:\xampp\htdocs\otmiza_sgc_new\system\CodeIgniter.php(825): App\Controllers\Cliente->index()
#1 C:\xampp\htdocs\otmiza_sgc_new\system\CodeIgniter.php(412): CodeIgniter\CodeIgniter->runController(Object(App\Controllers\Cliente))
#2 C:\xampp\htdocs\otmiza_sgc_new\system\CodeIgniter.php(320): CodeIgniter\CodeIgniter->handleRequest(NULL, Object(Config\Cache), false)
#3 C:\xampp\htdocs\otmiza_sgc_new\public\index.php(37): CodeIgniter\CodeIgniter->run()
#4 {main}
CRITICAL - 2022-04-11 20:27:14 --> Call to a member function addUserId() on array
#0 C:\xampp\htdocs\otmiza_sgc_new\system\CodeIgniter.php(825): App\Controllers\Cliente->index()
#1 C:\xampp\htdocs\otmiza_sgc_new\system\CodeIgniter.php(412): CodeIgniter\CodeIgniter->runController(Object(App\Controllers\Cliente))
#2 C:\xampp\htdocs\otmiza_sgc_new\system\CodeIgniter.php(320): CodeIgniter\CodeIgniter->handleRequest(NULL, Object(Config\Cache), false)
#3 C:\xampp\htdocs\otmiza_sgc_new\public\index.php(37): CodeIgniter\CodeIgniter->run()
#4 {main}
CRITICAL - 2022-04-11 20:30:43 --> Call to a member function paginate() on array
#0 C:\xampp\htdocs\otmiza_sgc_new\system\CodeIgniter.php(825): App\Controllers\Cliente->index()
#1 C:\xampp\htdocs\otmiza_sgc_new\system\CodeIgniter.php(412): CodeIgniter\CodeIgniter->runController(Object(App\Controllers\Cliente))
#2 C:\xampp\htdocs\otmiza_sgc_new\system\CodeIgniter.php(320): CodeIgniter\CodeIgniter->handleRequest(NULL, Object(Config\Cache), false)
#3 C:\xampp\htdocs\otmiza_sgc_new\public\index.php(37): CodeIgniter\CodeIgniter->run()
#4 {main}
CRITICAL - 2022-04-11 20:31:00 --> Call to a member function paginate() on array
#0 C:\xampp\htdocs\otmiza_sgc_new\system\CodeIgniter.php(825): App\Controllers\Cliente->index()
#1 C:\xampp\htdocs\otmiza_sgc_new\system\CodeIgniter.php(412): CodeIgniter\CodeIgniter->runController(Object(App\Controllers\Cliente))
#2 C:\xampp\htdocs\otmiza_sgc_new\system\CodeIgniter.php(320): CodeIgniter\CodeIgniter->handleRequest(NULL, Object(Config\Cache), false)
#3 C:\xampp\htdocs\otmiza_sgc_new\public\index.php(37): CodeIgniter\CodeIgniter->run()
#4 {main}
CRITICAL - 2022-04-11 20:31:57 --> Call to a member function paginate() on array
#0 C:\xampp\htdocs\otmiza_sgc_new\system\CodeIgniter.php(825): App\Controllers\Cliente->index()
#1 C:\xampp\htdocs\otmiza_sgc_new\system\CodeIgniter.php(412): CodeIgniter\CodeIgniter->runController(Object(App\Controllers\Cliente))
#2 C:\xampp\htdocs\otmiza_sgc_new\system\CodeIgniter.php(320): CodeIgniter\CodeIgniter->handleRequest(NULL, Object(Config\Cache), false)
#3 C:\xampp\htdocs\otmiza_sgc_new\public\index.php(37): CodeIgniter\CodeIgniter->run()
#4 {main}
CRITICAL - 2022-04-11 20:32:10 --> Call to a member function paginate() on array
#0 C:\xampp\htdocs\otmiza_sgc_new\system\CodeIgniter.php(825): App\Controllers\Cliente->index()
#1 C:\xampp\htdocs\otmiza_sgc_new\system\CodeIgniter.php(412): CodeIgniter\CodeIgniter->runController(Object(App\Controllers\Cliente))
#2 C:\xampp\htdocs\otmiza_sgc_new\system\CodeIgniter.php(320): CodeIgniter\CodeIgniter->handleRequest(NULL, Object(Config\Cache), false)
#3 C:\xampp\htdocs\otmiza_sgc_new\public\index.php(37): CodeIgniter\CodeIgniter->run()
#4 {main}
CRITICAL - 2022-04-11 20:32:12 --> Call to a member function paginate() on array
#0 C:\xampp\htdocs\otmiza_sgc_new\system\CodeIgniter.php(825): App\Controllers\Cliente->index()
#1 C:\xampp\htdocs\otmiza_sgc_new\system\CodeIgniter.php(412): CodeIgniter\CodeIgniter->runController(Object(App\Controllers\Cliente))
#2 C:\xampp\htdocs\otmiza_sgc_new\system\CodeIgniter.php(320): CodeIgniter\CodeIgniter->handleRequest(NULL, Object(Config\Cache), false)
#3 C:\xampp\htdocs\otmiza_sgc_new\public\index.php(37): CodeIgniter\CodeIgniter->run()
#4 {main}
CRITICAL - 2022-04-11 20:32:38 --> Call to a member function paginate() on array
#0 C:\xampp\htdocs\otmiza_sgc_new\system\CodeIgniter.php(825): App\Controllers\Cliente->index()
#1 C:\xampp\htdocs\otmiza_sgc_new\system\CodeIgniter.php(412): CodeIgniter\CodeIgniter->runController(Object(App\Controllers\Cliente))
#2 C:\xampp\htdocs\otmiza_sgc_new\system\CodeIgniter.php(320): CodeIgniter\CodeIgniter->handleRequest(NULL, Object(Config\Cache), false)
#3 C:\xampp\htdocs\otmiza_sgc_new\public\index.php(37): CodeIgniter\CodeIgniter->run()
#4 {main}
CRITICAL - 2022-04-11 20:33:30 --> Call to a member function paginate() on array
#0 C:\xampp\htdocs\otmiza_sgc_new\system\CodeIgniter.php(825): App\Controllers\Cliente->index()
#1 C:\xampp\htdocs\otmiza_sgc_new\system\CodeIgniter.php(412): CodeIgniter\CodeIgniter->runController(Object(App\Controllers\Cliente))
#2 C:\xampp\htdocs\otmiza_sgc_new\system\CodeIgniter.php(320): CodeIgniter\CodeIgniter->handleRequest(NULL, Object(Config\Cache), false)
#3 C:\xampp\htdocs\otmiza_sgc_new\public\index.php(37): CodeIgniter\CodeIgniter->run()
#4 {main}
ERROR - 2022-04-11 20:33:57 --> Unknown column 'clientes_id' in 'order clause'
CRITICAL - 2022-04-11 20:33:57 --> Unknown column 'clientes_id' in 'order clause'
#0 C:\xampp\htdocs\otmiza_sgc_new\system\Database\MySQLi\Connection.php(292): mysqli->query('SELECT *\nFROM `...', 0)
#1 C:\xampp\htdocs\otmiza_sgc_new\system\Database\BaseConnection.php(670): CodeIgniter\Database\MySQLi\Connection->execute('SELECT *\nFROM `...')
#2 C:\xampp\htdocs\otmiza_sgc_new\system\Database\BaseConnection.php(598): CodeIgniter\Database\BaseConnection->simpleQuery('SELECT *\nFROM `...')
#3 C:\xampp\htdocs\otmiza_sgc_new\system\Database\BaseBuilder.php(1455): CodeIgniter\Database\BaseConnection->query('SELECT *\nFROM `...', Array, false)
#4 C:\xampp\htdocs\otmiza_sgc_new\system\Model.php(183): CodeIgniter\Database\BaseBuilder->get()
#5 C:\xampp\htdocs\otmiza_sgc_new\system\BaseModel.php(584): CodeIgniter\Model->doFindAll(5, 0)
#6 C:\xampp\htdocs\otmiza_sgc_new\system\BaseModel.php(1088): CodeIgniter\BaseModel->findAll(5, 0)
#7 C:\xampp\htdocs\otmiza_sgc_new\app\Controllers\Cliente.php(31): CodeIgniter\BaseModel->paginate(5)
#8 C:\xampp\htdocs\otmiza_sgc_new\system\CodeIgniter.php(825): App\Controllers\Cliente->index()
#9 C:\xampp\htdocs\otmiza_sgc_new\system\CodeIgniter.php(412): CodeIgniter\CodeIgniter->runController(Object(App\Controllers\Cliente))
#10 C:\xampp\htdocs\otmiza_sgc_new\system\CodeIgniter.php(320): CodeIgniter\CodeIgniter->handleRequest(NULL, Object(Config\Cache), false)
#11 C:\xampp\htdocs\otmiza_sgc_new\public\index.php(37): CodeIgniter\CodeIgniter->run()
#12 {main}
CRITICAL - 2022-04-11 20:34:13 --> Call to a member function paginate() on array
#0 C:\xampp\htdocs\otmiza_sgc_new\system\CodeIgniter.php(825): App\Controllers\Cliente->index()
#1 C:\xampp\htdocs\otmiza_sgc_new\system\CodeIgniter.php(412): CodeIgniter\CodeIgniter->runController(Object(App\Controllers\Cliente))
#2 C:\xampp\htdocs\otmiza_sgc_new\system\CodeIgniter.php(320): CodeIgniter\CodeIgniter->handleRequest(NULL, Object(Config\Cache), false)
#3 C:\xampp\htdocs\otmiza_sgc_new\public\index.php(37): CodeIgniter\CodeIgniter->run()
#4 {main}
CRITICAL - 2022-04-11 20:34:54 --> Call to a member function paginate() on array
#0 C:\xampp\htdocs\otmiza_sgc_new\system\CodeIgniter.php(825): App\Controllers\Cliente->index()
#1 C:\xampp\htdocs\otmiza_sgc_new\system\CodeIgniter.php(412): CodeIgniter\CodeIgniter->runController(Object(App\Controllers\Cliente))
#2 C:\xampp\htdocs\otmiza_sgc_new\system\CodeIgniter.php(320): CodeIgniter\CodeIgniter->handleRequest(NULL, Object(Config\Cache), false)
#3 C:\xampp\htdocs\otmiza_sgc_new\public\index.php(37): CodeIgniter\CodeIgniter->run()
#4 {main}
CRITICAL - 2022-04-11 20:34:57 --> Call to a member function paginate() on array
#0 C:\xampp\htdocs\otmiza_sgc_new\system\CodeIgniter.php(825): App\Controllers\Cliente->index()
#1 C:\xampp\htdocs\otmiza_sgc_new\system\CodeIgniter.php(412): CodeIgniter\CodeIgniter->runController(Object(App\Controllers\Cliente))
#2 C:\xampp\htdocs\otmiza_sgc_new\system\CodeIgniter.php(320): CodeIgniter\CodeIgniter->handleRequest(NULL, Object(Config\Cache), false)
#3 C:\xampp\htdocs\otmiza_sgc_new\public\index.php(37): CodeIgniter\CodeIgniter->run()
#4 {main}
CRITICAL - 2022-04-11 20:39:56 --> Call to a member function links() on null
#0 C:\xampp\htdocs\otmiza_sgc_new\system\View\View.php(210): include()
#1 C:\xampp\htdocs\otmiza_sgc_new\system\View\View.php(213): CodeIgniter\View\View->CodeIgniter\View\{closure}()
#2 C:\xampp\htdocs\otmiza_sgc_new\system\Common.php(1089): CodeIgniter\View\View->render('cliente/index', Array, true)
#3 C:\xampp\htdocs\otmiza_sgc_new\app\Controllers\Cliente.php(43): view('cliente/index', Array)
#4 C:\xampp\htdocs\otmiza_sgc_new\system\CodeIgniter.php(825): App\Controllers\Cliente->index()
#5 C:\xampp\htdocs\otmiza_sgc_new\system\CodeIgniter.php(412): CodeIgniter\CodeIgniter->runController(Object(App\Controllers\Cliente))
#6 C:\xampp\htdocs\otmiza_sgc_new\system\CodeIgniter.php(320): CodeIgniter\CodeIgniter->handleRequest(NULL, Object(Config\Cache), false)
#7 C:\xampp\htdocs\otmiza_sgc_new\public\index.php(37): CodeIgniter\CodeIgniter->run()
#8 {main}
