CRITICAL - 2023-01-18 00:07:27 --> Undefined variable $estoque
#0 C:\xampp\htdocs\otmiza_sgc_new\app\Controllers\Estoque.php(41): CodeIgniter\Debug\Exceptions->errorHandler(2, 'Undefined varia...', 'C:\\xampp\\htdocs...', 41)
#1 C:\xampp\htdocs\otmiza_sgc_new\system\CodeIgniter.php(825): App\Controllers\Estoque->index()
#2 C:\xampp\htdocs\otmiza_sgc_new\system\CodeIgniter.php(412): CodeIgniter\CodeIgniter->runController(Object(App\Controllers\Estoque))
#3 C:\xampp\htdocs\otmiza_sgc_new\system\CodeIgniter.php(320): CodeIgniter\CodeIgniter->handleRequest(NULL, Object(Config\Cache), false)
#4 C:\xampp\htdocs\otmiza_sgc_new\public\index.php(37): CodeIgniter\CodeIgniter->run()
#5 {main}
CRITICAL - 2023-01-18 00:08:14 --> Undefined array key "id_estoque"
#0 C:\xampp\htdocs\otmiza_sgc_new\app\Controllers\Estoque.php(41): CodeIgniter\Debug\Exceptions->errorHandler(2, 'Undefined array...', 'C:\\xampp\\htdocs...', 41)
#1 C:\xampp\htdocs\otmiza_sgc_new\system\CodeIgniter.php(825): App\Controllers\Estoque->index()
#2 C:\xampp\htdocs\otmiza_sgc_new\system\CodeIgniter.php(412): CodeIgniter\CodeIgniter->runController(Object(App\Controllers\Estoque))
#3 C:\xampp\htdocs\otmiza_sgc_new\system\CodeIgniter.php(320): CodeIgniter\CodeIgniter->handleRequest(NULL, Object(Config\Cache), false)
#4 C:\xampp\htdocs\otmiza_sgc_new\public\index.php(37): CodeIgniter\CodeIgniter->run()
#5 {main}
CRITICAL - 2023-01-18 00:08:35 --> Undefined array key "id"
#0 C:\xampp\htdocs\otmiza_sgc_new\app\Controllers\Estoque.php(41): CodeIgniter\Debug\Exceptions->errorHandler(2, 'Undefined array...', 'C:\\xampp\\htdocs...', 41)
#1 C:\xampp\htdocs\otmiza_sgc_new\system\CodeIgniter.php(825): App\Controllers\Estoque->index()
#2 C:\xampp\htdocs\otmiza_sgc_new\system\CodeIgniter.php(412): CodeIgniter\CodeIgniter->runController(Object(App\Controllers\Estoque))
#3 C:\xampp\htdocs\otmiza_sgc_new\system\CodeIgniter.php(320): CodeIgniter\CodeIgniter->handleRequest(NULL, Object(Config\Cache), false)
#4 C:\xampp\htdocs\otmiza_sgc_new\public\index.php(37): CodeIgniter\CodeIgniter->run()
#5 {main}
CRITICAL - 2023-01-18 00:11:53 --> syntax error, unexpected token ";", expecting "]"
#0 C:\xampp\htdocs\otmiza_sgc_new\system\Router\Router.php(175): CodeIgniter\Router\Router->autoRoute('estoque')
#1 C:\xampp\htdocs\otmiza_sgc_new\system\CodeIgniter.php(719): CodeIgniter\Router\Router->handle('estoque')
#2 C:\xampp\htdocs\otmiza_sgc_new\system\CodeIgniter.php(361): CodeIgniter\CodeIgniter->tryToRouteIt(Object(CodeIgniter\Router\RouteCollection))
#3 C:\xampp\htdocs\otmiza_sgc_new\system\CodeIgniter.php(320): CodeIgniter\CodeIgniter->handleRequest(NULL, Object(Config\Cache), false)
#4 C:\xampp\htdocs\otmiza_sgc_new\public\index.php(37): CodeIgniter\CodeIgniter->run()
#5 {main}
CRITICAL - 2023-01-18 00:15:21 --> syntax error, unexpected token "echo", expecting "function" or "const"
#0 C:\xampp\htdocs\otmiza_sgc_new\system\Router\Router.php(175): CodeIgniter\Router\Router->autoRoute('estoque')
#1 C:\xampp\htdocs\otmiza_sgc_new\system\CodeIgniter.php(719): CodeIgniter\Router\Router->handle('estoque')
#2 C:\xampp\htdocs\otmiza_sgc_new\system\CodeIgniter.php(361): CodeIgniter\CodeIgniter->tryToRouteIt(Object(CodeIgniter\Router\RouteCollection))
#3 C:\xampp\htdocs\otmiza_sgc_new\system\CodeIgniter.php(320): CodeIgniter\CodeIgniter->handleRequest(NULL, Object(Config\Cache), false)
#4 C:\xampp\htdocs\otmiza_sgc_new\public\index.php(37): CodeIgniter\CodeIgniter->run()
#5 {main}
CRITICAL - 2023-01-18 00:15:45 --> Undefined array key "id_estoque"
#0 C:\xampp\htdocs\otmiza_sgc_new\app\Controllers\Estoque.php(43): CodeIgniter\Debug\Exceptions->errorHandler(2, 'Undefined array...', 'C:\\xampp\\htdocs...', 43)
#1 C:\xampp\htdocs\otmiza_sgc_new\system\CodeIgniter.php(825): App\Controllers\Estoque->index()
#2 C:\xampp\htdocs\otmiza_sgc_new\system\CodeIgniter.php(412): CodeIgniter\CodeIgniter->runController(Object(App\Controllers\Estoque))
#3 C:\xampp\htdocs\otmiza_sgc_new\system\CodeIgniter.php(320): CodeIgniter\CodeIgniter->handleRequest(NULL, Object(Config\Cache), false)
#4 C:\xampp\htdocs\otmiza_sgc_new\public\index.php(37): CodeIgniter\CodeIgniter->run()
#5 {main}
CRITICAL - 2023-01-18 12:58:48 --> Unclosed '{' on line 10
#0 C:\xampp\htdocs\otmiza_sgc_new\system\Router\Router.php(175): CodeIgniter\Router\Router->autoRoute('estoque')
#1 C:\xampp\htdocs\otmiza_sgc_new\system\CodeIgniter.php(719): CodeIgniter\Router\Router->handle('estoque')
#2 C:\xampp\htdocs\otmiza_sgc_new\system\CodeIgniter.php(361): CodeIgniter\CodeIgniter->tryToRouteIt(Object(CodeIgniter\Router\RouteCollection))
#3 C:\xampp\htdocs\otmiza_sgc_new\system\CodeIgniter.php(320): CodeIgniter\CodeIgniter->handleRequest(NULL, Object(Config\Cache), false)
#4 C:\xampp\htdocs\otmiza_sgc_new\public\index.php(37): CodeIgniter\CodeIgniter->run()
#5 {main}
CRITICAL - 2023-01-18 18:44:03 --> Unmatched '}'
#0 C:\xampp\htdocs\otmiza_sgc_new\system\Router\Router.php(175): CodeIgniter\Router\Router->autoRoute('estoque')
#1 C:\xampp\htdocs\otmiza_sgc_new\system\CodeIgniter.php(719): CodeIgniter\Router\Router->handle('estoque')
#2 C:\xampp\htdocs\otmiza_sgc_new\system\CodeIgniter.php(361): CodeIgniter\CodeIgniter->tryToRouteIt(Object(CodeIgniter\Router\RouteCollection))
#3 C:\xampp\htdocs\otmiza_sgc_new\system\CodeIgniter.php(320): CodeIgniter\CodeIgniter->handleRequest(NULL, Object(Config\Cache), false)
#4 C:\xampp\htdocs\otmiza_sgc_new\public\index.php(37): CodeIgniter\CodeIgniter->run()
#5 {main}
CRITICAL - 2023-01-18 22:03:53 --> syntax error, unexpected token "}"
#0 C:\xampp\htdocs\otmiza_sgc_new\system\Router\Router.php(175): CodeIgniter\Router\Router->autoRoute('estoque')
#1 C:\xampp\htdocs\otmiza_sgc_new\system\CodeIgniter.php(719): CodeIgniter\Router\Router->handle('estoque')
#2 C:\xampp\htdocs\otmiza_sgc_new\system\CodeIgniter.php(361): CodeIgniter\CodeIgniter->tryToRouteIt(Object(CodeIgniter\Router\RouteCollection))
#3 C:\xampp\htdocs\otmiza_sgc_new\system\CodeIgniter.php(320): CodeIgniter\CodeIgniter->handleRequest(NULL, Object(Config\Cache), false)
#4 C:\xampp\htdocs\otmiza_sgc_new\public\index.php(37): CodeIgniter\CodeIgniter->run()
#5 {main}
