CRITICAL - 2023-01-11 12:35:21 --> Undefined property: App\Controllers\Estoque::$modeloModel
#0 C:\xampp\htdocs\otmiza_sgc_new\app\Controllers\Estoque.php(23): CodeIgniter\Debug\Exceptions->errorHandler(2, 'Undefined prope...', 'C:\\xampp\\htdocs...', 23)
#1 C:\xampp\htdocs\otmiza_sgc_new\system\CodeIgniter.php(825): App\Controllers\Estoque->index()
#2 C:\xampp\htdocs\otmiza_sgc_new\system\CodeIgniter.php(412): CodeIgniter\CodeIgniter->runController(Object(App\Controllers\Estoque))
#3 C:\xampp\htdocs\otmiza_sgc_new\system\CodeIgniter.php(320): CodeIgniter\CodeIgniter->handleRequest(NULL, Object(Config\Cache), false)
#4 C:\xampp\htdocs\otmiza_sgc_new\public\index.php(37): CodeIgniter\CodeIgniter->run()
#5 {main}
CRITICAL - 2023-01-11 12:36:36 --> Call to undefined method App\Models\EstoqueModel::getAllClientes
#0 C:\xampp\htdocs\otmiza_sgc_new\app\Controllers\Estoque.php(28): CodeIgniter\Model->__call('getAllClientes', Array)
#1 C:\xampp\htdocs\otmiza_sgc_new\system\CodeIgniter.php(825): App\Controllers\Estoque->index()
#2 C:\xampp\htdocs\otmiza_sgc_new\system\CodeIgniter.php(412): CodeIgniter\CodeIgniter->runController(Object(App\Controllers\Estoque))
#3 C:\xampp\htdocs\otmiza_sgc_new\system\CodeIgniter.php(320): CodeIgniter\CodeIgniter->handleRequest(NULL, Object(Config\Cache), false)
#4 C:\xampp\htdocs\otmiza_sgc_new\public\index.php(37): CodeIgniter\CodeIgniter->run()
#5 {main}
CRITICAL - 2023-01-11 12:50:45 --> Call to a member function getAllTecidos() on array
#0 C:\xampp\htdocs\otmiza_sgc_new\system\CodeIgniter.php(825): App\Controllers\Estoque->index()
#1 C:\xampp\htdocs\otmiza_sgc_new\system\CodeIgniter.php(412): CodeIgniter\CodeIgniter->runController(Object(App\Controllers\Estoque))
#2 C:\xampp\htdocs\otmiza_sgc_new\system\CodeIgniter.php(320): CodeIgniter\CodeIgniter->handleRequest(NULL, Object(Config\Cache), false)
#3 C:\xampp\htdocs\otmiza_sgc_new\public\index.php(37): CodeIgniter\CodeIgniter->run()
#4 {main}
CRITICAL - 2023-01-11 12:51:44 --> Call to a member function getAllTecidos() on array
#0 C:\xampp\htdocs\otmiza_sgc_new\system\CodeIgniter.php(825): App\Controllers\Estoque->index()
#1 C:\xampp\htdocs\otmiza_sgc_new\system\CodeIgniter.php(412): CodeIgniter\CodeIgniter->runController(Object(App\Controllers\Estoque))
#2 C:\xampp\htdocs\otmiza_sgc_new\system\CodeIgniter.php(320): CodeIgniter\CodeIgniter->handleRequest(NULL, Object(Config\Cache), false)
#3 C:\xampp\htdocs\otmiza_sgc_new\public\index.php(37): CodeIgniter\CodeIgniter->run()
#4 {main}
CRITICAL - 2023-01-11 12:57:01 --> Call to a member function getAllTecidos() on array
#0 C:\xampp\htdocs\otmiza_sgc_new\system\CodeIgniter.php(825): App\Controllers\Estoque->index()
#1 C:\xampp\htdocs\otmiza_sgc_new\system\CodeIgniter.php(412): CodeIgniter\CodeIgniter->runController(Object(App\Controllers\Estoque))
#2 C:\xampp\htdocs\otmiza_sgc_new\system\CodeIgniter.php(320): CodeIgniter\CodeIgniter->handleRequest(NULL, Object(Config\Cache), false)
#3 C:\xampp\htdocs\otmiza_sgc_new\public\index.php(37): CodeIgniter\CodeIgniter->run()
#4 {main}
CRITICAL - 2023-01-11 13:24:49 --> Call to a member function getAllTecidos() on array
#0 C:\xampp\htdocs\otmiza_sgc_new\system\CodeIgniter.php(825): App\Controllers\Estoque->index()
#1 C:\xampp\htdocs\otmiza_sgc_new\system\CodeIgniter.php(412): CodeIgniter\CodeIgniter->runController(Object(App\Controllers\Estoque))
#2 C:\xampp\htdocs\otmiza_sgc_new\system\CodeIgniter.php(320): CodeIgniter\CodeIgniter->handleRequest(NULL, Object(Config\Cache), false)
#3 C:\xampp\htdocs\otmiza_sgc_new\public\index.php(37): CodeIgniter\CodeIgniter->run()
#4 {main}
CRITICAL - 2023-01-11 13:24:53 --> Call to a member function getAllTecidos() on array
#0 C:\xampp\htdocs\otmiza_sgc_new\system\CodeIgniter.php(825): App\Controllers\Estoque->index()
#1 C:\xampp\htdocs\otmiza_sgc_new\system\CodeIgniter.php(412): CodeIgniter\CodeIgniter->runController(Object(App\Controllers\Estoque))
#2 C:\xampp\htdocs\otmiza_sgc_new\system\CodeIgniter.php(320): CodeIgniter\CodeIgniter->handleRequest(NULL, Object(Config\Cache), false)
#3 C:\xampp\htdocs\otmiza_sgc_new\public\index.php(37): CodeIgniter\CodeIgniter->run()
#4 {main}
CRITICAL - 2023-01-11 13:26:03 --> Call to a member function getAllTecidos() on array
#0 C:\xampp\htdocs\otmiza_sgc_new\system\CodeIgniter.php(825): App\Controllers\Estoque->index()
#1 C:\xampp\htdocs\otmiza_sgc_new\system\CodeIgniter.php(412): CodeIgniter\CodeIgniter->runController(Object(App\Controllers\Estoque))
#2 C:\xampp\htdocs\otmiza_sgc_new\system\CodeIgniter.php(320): CodeIgniter\CodeIgniter->handleRequest(NULL, Object(Config\Cache), false)
#3 C:\xampp\htdocs\otmiza_sgc_new\public\index.php(37): CodeIgniter\CodeIgniter->run()
#4 {main}
CRITICAL - 2023-01-11 13:26:06 --> Call to a member function getAllTecidos() on array
#0 C:\xampp\htdocs\otmiza_sgc_new\system\CodeIgniter.php(825): App\Controllers\Estoque->index()
#1 C:\xampp\htdocs\otmiza_sgc_new\system\CodeIgniter.php(412): CodeIgniter\CodeIgniter->runController(Object(App\Controllers\Estoque))
#2 C:\xampp\htdocs\otmiza_sgc_new\system\CodeIgniter.php(320): CodeIgniter\CodeIgniter->handleRequest(NULL, Object(Config\Cache), false)
#3 C:\xampp\htdocs\otmiza_sgc_new\public\index.php(37): CodeIgniter\CodeIgniter->run()
#4 {main}
CRITICAL - 2023-01-11 13:26:15 --> Undefined property: App\Controllers\Estoque::$modeloModel
#0 C:\xampp\htdocs\otmiza_sgc_new\app\Controllers\Estoque.php(42): CodeIgniter\Debug\Exceptions->errorHandler(2, 'Undefined prope...', 'C:\\xampp\\htdocs...', 42)
#1 C:\xampp\htdocs\otmiza_sgc_new\system\CodeIgniter.php(825): App\Controllers\Estoque->index()
#2 C:\xampp\htdocs\otmiza_sgc_new\system\CodeIgniter.php(412): CodeIgniter\CodeIgniter->runController(Object(App\Controllers\Estoque))
#3 C:\xampp\htdocs\otmiza_sgc_new\system\CodeIgniter.php(320): CodeIgniter\CodeIgniter->handleRequest(NULL, Object(Config\Cache), false)
#4 C:\xampp\htdocs\otmiza_sgc_new\public\index.php(37): CodeIgniter\CodeIgniter->run()
#5 {main}
CRITICAL - 2023-01-11 13:27:50 --> Call to a member function getAllClientes() on array
#0 C:\xampp\htdocs\otmiza_sgc_new\system\CodeIgniter.php(825): App\Controllers\Estoque->index()
#1 C:\xampp\htdocs\otmiza_sgc_new\system\CodeIgniter.php(412): CodeIgniter\CodeIgniter->runController(Object(App\Controllers\Estoque))
#2 C:\xampp\htdocs\otmiza_sgc_new\system\CodeIgniter.php(320): CodeIgniter\CodeIgniter->handleRequest(NULL, Object(Config\Cache), false)
#3 C:\xampp\htdocs\otmiza_sgc_new\public\index.php(37): CodeIgniter\CodeIgniter->run()
#4 {main}
CRITICAL - 2023-01-11 13:32:39 --> count(): Argument #1 ($var) must be of type Countable|array, null given
#0 C:\xampp\htdocs\otmiza_sgc_new\system\View\View.php(210): include()
#1 C:\xampp\htdocs\otmiza_sgc_new\system\View\View.php(213): CodeIgniter\View\View->CodeIgniter\View\{closure}()
#2 C:\xampp\htdocs\otmiza_sgc_new\system\Common.php(1089): CodeIgniter\View\View->render('modelo/index', Array, true)
#3 C:\xampp\htdocs\otmiza_sgc_new\app\Controllers\Estoque.php(50): view('modelo/index', Array)
#4 C:\xampp\htdocs\otmiza_sgc_new\system\CodeIgniter.php(825): App\Controllers\Estoque->index()
#5 C:\xampp\htdocs\otmiza_sgc_new\system\CodeIgniter.php(412): CodeIgniter\CodeIgniter->runController(Object(App\Controllers\Estoque))
#6 C:\xampp\htdocs\otmiza_sgc_new\system\CodeIgniter.php(320): CodeIgniter\CodeIgniter->handleRequest(NULL, Object(Config\Cache), false)
#7 C:\xampp\htdocs\otmiza_sgc_new\public\index.php(37): CodeIgniter\CodeIgniter->run()
#8 {main}
CRITICAL - 2023-01-11 13:33:58 --> count(): Argument #1 ($var) must be of type Countable|array, null given
#0 C:\xampp\htdocs\otmiza_sgc_new\system\View\View.php(210): include()
#1 C:\xampp\htdocs\otmiza_sgc_new\system\View\View.php(213): CodeIgniter\View\View->CodeIgniter\View\{closure}()
#2 C:\xampp\htdocs\otmiza_sgc_new\system\Common.php(1089): CodeIgniter\View\View->render('modelo/index', Array, true)
#3 C:\xampp\htdocs\otmiza_sgc_new\app\Controllers\Estoque.php(50): view('modelo/index', Array)
#4 C:\xampp\htdocs\otmiza_sgc_new\system\CodeIgniter.php(825): App\Controllers\Estoque->index()
#5 C:\xampp\htdocs\otmiza_sgc_new\system\CodeIgniter.php(412): CodeIgniter\CodeIgniter->runController(Object(App\Controllers\Estoque))
#6 C:\xampp\htdocs\otmiza_sgc_new\system\CodeIgniter.php(320): CodeIgniter\CodeIgniter->handleRequest(NULL, Object(Config\Cache), false)
#7 C:\xampp\htdocs\otmiza_sgc_new\public\index.php(37): CodeIgniter\CodeIgniter->run()
#8 {main}
CRITICAL - 2023-01-11 13:34:47 --> count(): Argument #1 ($var) must be of type Countable|array, null given
#0 C:\xampp\htdocs\otmiza_sgc_new\system\View\View.php(210): include()
#1 C:\xampp\htdocs\otmiza_sgc_new\system\View\View.php(213): CodeIgniter\View\View->CodeIgniter\View\{closure}()
#2 C:\xampp\htdocs\otmiza_sgc_new\system\Common.php(1089): CodeIgniter\View\View->render('modelo/index', Array, true)
#3 C:\xampp\htdocs\otmiza_sgc_new\app\Controllers\Estoque.php(50): view('modelo/index', Array)
#4 C:\xampp\htdocs\otmiza_sgc_new\system\CodeIgniter.php(825): App\Controllers\Estoque->index()
#5 C:\xampp\htdocs\otmiza_sgc_new\system\CodeIgniter.php(412): CodeIgniter\CodeIgniter->runController(Object(App\Controllers\Estoque))
#6 C:\xampp\htdocs\otmiza_sgc_new\system\CodeIgniter.php(320): CodeIgniter\CodeIgniter->handleRequest(NULL, Object(Config\Cache), false)
#7 C:\xampp\htdocs\otmiza_sgc_new\public\index.php(37): CodeIgniter\CodeIgniter->run()
#8 {main}
ERROR - 2023-01-11 13:40:54 --> Unknown column 'clientes.nome_razao as estoque_cliente_nome marcas.descricao' in 'field list'
CRITICAL - 2023-01-11 13:40:54 --> Unknown column 'clientes.nome_razao as estoque_cliente_nome marcas.descricao' in 'field list'
#0 C:\xampp\htdocs\otmiza_sgc_new\system\Database\MySQLi\Connection.php(292): mysqli->query('SELECT `estoque...', 0)
#1 C:\xampp\htdocs\otmiza_sgc_new\system\Database\BaseConnection.php(670): CodeIgniter\Database\MySQLi\Connection->execute('SELECT `estoque...')
#2 C:\xampp\htdocs\otmiza_sgc_new\system\Database\BaseConnection.php(598): CodeIgniter\Database\BaseConnection->simpleQuery('SELECT `estoque...')
#3 C:\xampp\htdocs\otmiza_sgc_new\system\Database\BaseBuilder.php(1455): CodeIgniter\Database\BaseConnection->query('SELECT `estoque...', Array, false)
#4 C:\xampp\htdocs\otmiza_sgc_new\system\Model.php(183): CodeIgniter\Database\BaseBuilder->get()
#5 C:\xampp\htdocs\otmiza_sgc_new\system\BaseModel.php(584): CodeIgniter\Model->doFindAll(0, 0)
#6 C:\xampp\htdocs\otmiza_sgc_new\app\Models\EstoqueModel.php(47): CodeIgniter\BaseModel->findAll()
#7 C:\xampp\htdocs\otmiza_sgc_new\app\Controllers\Estoque.php(34): App\Models\EstoqueModel->getAllClientes()
#8 C:\xampp\htdocs\otmiza_sgc_new\system\CodeIgniter.php(825): App\Controllers\Estoque->index()
#9 C:\xampp\htdocs\otmiza_sgc_new\system\CodeIgniter.php(412): CodeIgniter\CodeIgniter->runController(Object(App\Controllers\Estoque))
#10 C:\xampp\htdocs\otmiza_sgc_new\system\CodeIgniter.php(320): CodeIgniter\CodeIgniter->handleRequest(NULL, Object(Config\Cache), false)
#11 C:\xampp\htdocs\otmiza_sgc_new\public\index.php(37): CodeIgniter\CodeIgniter->run()
#12 {main}
ERROR - 2023-01-11 13:41:19 --> Unknown column 'marcas.descricao' in 'field list'
CRITICAL - 2023-01-11 13:41:19 --> Unknown column 'marcas.descricao' in 'field list'
#0 C:\xampp\htdocs\otmiza_sgc_new\system\Database\MySQLi\Connection.php(292): mysqli->query('SELECT `estoque...', 0)
#1 C:\xampp\htdocs\otmiza_sgc_new\system\Database\BaseConnection.php(670): CodeIgniter\Database\MySQLi\Connection->execute('SELECT `estoque...')
#2 C:\xampp\htdocs\otmiza_sgc_new\system\Database\BaseConnection.php(598): CodeIgniter\Database\BaseConnection->simpleQuery('SELECT `estoque...')
#3 C:\xampp\htdocs\otmiza_sgc_new\system\Database\BaseBuilder.php(1455): CodeIgniter\Database\BaseConnection->query('SELECT `estoque...', Array, false)
#4 C:\xampp\htdocs\otmiza_sgc_new\system\Model.php(183): CodeIgniter\Database\BaseBuilder->get()
#5 C:\xampp\htdocs\otmiza_sgc_new\system\BaseModel.php(584): CodeIgniter\Model->doFindAll(0, 0)
#6 C:\xampp\htdocs\otmiza_sgc_new\app\Models\EstoqueModel.php(47): CodeIgniter\BaseModel->findAll()
#7 C:\xampp\htdocs\otmiza_sgc_new\app\Controllers\Estoque.php(34): App\Models\EstoqueModel->getAllClientes()
#8 C:\xampp\htdocs\otmiza_sgc_new\system\CodeIgniter.php(825): App\Controllers\Estoque->index()
#9 C:\xampp\htdocs\otmiza_sgc_new\system\CodeIgniter.php(412): CodeIgniter\CodeIgniter->runController(Object(App\Controllers\Estoque))
#10 C:\xampp\htdocs\otmiza_sgc_new\system\CodeIgniter.php(320): CodeIgniter\CodeIgniter->handleRequest(NULL, Object(Config\Cache), false)
#11 C:\xampp\htdocs\otmiza_sgc_new\public\index.php(37): CodeIgniter\CodeIgniter->run()
#12 {main}
ERROR - 2023-01-11 13:41:39 --> Unknown column 'marca.descricao' in 'field list'
CRITICAL - 2023-01-11 13:41:39 --> Unknown column 'marca.descricao' in 'field list'
#0 C:\xampp\htdocs\otmiza_sgc_new\system\Database\MySQLi\Connection.php(292): mysqli->query('SELECT `estoque...', 0)
#1 C:\xampp\htdocs\otmiza_sgc_new\system\Database\BaseConnection.php(670): CodeIgniter\Database\MySQLi\Connection->execute('SELECT `estoque...')
#2 C:\xampp\htdocs\otmiza_sgc_new\system\Database\BaseConnection.php(598): CodeIgniter\Database\BaseConnection->simpleQuery('SELECT `estoque...')
#3 C:\xampp\htdocs\otmiza_sgc_new\system\Database\BaseBuilder.php(1455): CodeIgniter\Database\BaseConnection->query('SELECT `estoque...', Array, false)
#4 C:\xampp\htdocs\otmiza_sgc_new\system\Model.php(183): CodeIgniter\Database\BaseBuilder->get()
#5 C:\xampp\htdocs\otmiza_sgc_new\system\BaseModel.php(584): CodeIgniter\Model->doFindAll(0, 0)
#6 C:\xampp\htdocs\otmiza_sgc_new\app\Models\EstoqueModel.php(47): CodeIgniter\BaseModel->findAll()
#7 C:\xampp\htdocs\otmiza_sgc_new\app\Controllers\Estoque.php(34): App\Models\EstoqueModel->getAllClientes()
#8 C:\xampp\htdocs\otmiza_sgc_new\system\CodeIgniter.php(825): App\Controllers\Estoque->index()
#9 C:\xampp\htdocs\otmiza_sgc_new\system\CodeIgniter.php(412): CodeIgniter\CodeIgniter->runController(Object(App\Controllers\Estoque))
#10 C:\xampp\htdocs\otmiza_sgc_new\system\CodeIgniter.php(320): CodeIgniter\CodeIgniter->handleRequest(NULL, Object(Config\Cache), false)
#11 C:\xampp\htdocs\otmiza_sgc_new\public\index.php(37): CodeIgniter\CodeIgniter->run()
#12 {main}
ERROR - 2023-01-11 13:42:53 --> Unknown column 'marcas.descricao' in 'field list'
CRITICAL - 2023-01-11 13:42:53 --> Unknown column 'marcas.descricao' in 'field list'
#0 C:\xampp\htdocs\otmiza_sgc_new\system\Database\MySQLi\Connection.php(292): mysqli->query('SELECT `estoque...', 0)
#1 C:\xampp\htdocs\otmiza_sgc_new\system\Database\BaseConnection.php(670): CodeIgniter\Database\MySQLi\Connection->execute('SELECT `estoque...')
#2 C:\xampp\htdocs\otmiza_sgc_new\system\Database\BaseConnection.php(598): CodeIgniter\Database\BaseConnection->simpleQuery('SELECT `estoque...')
#3 C:\xampp\htdocs\otmiza_sgc_new\system\Database\BaseBuilder.php(1455): CodeIgniter\Database\BaseConnection->query('SELECT `estoque...', Array, false)
#4 C:\xampp\htdocs\otmiza_sgc_new\system\Model.php(183): CodeIgniter\Database\BaseBuilder->get()
#5 C:\xampp\htdocs\otmiza_sgc_new\system\BaseModel.php(584): CodeIgniter\Model->doFindAll(0, 0)
#6 C:\xampp\htdocs\otmiza_sgc_new\app\Models\EstoqueModel.php(47): CodeIgniter\BaseModel->findAll()
#7 C:\xampp\htdocs\otmiza_sgc_new\app\Controllers\Estoque.php(34): App\Models\EstoqueModel->getAllClientes()
#8 C:\xampp\htdocs\otmiza_sgc_new\system\CodeIgniter.php(825): App\Controllers\Estoque->index()
#9 C:\xampp\htdocs\otmiza_sgc_new\system\CodeIgniter.php(412): CodeIgniter\CodeIgniter->runController(Object(App\Controllers\Estoque))
#10 C:\xampp\htdocs\otmiza_sgc_new\system\CodeIgniter.php(320): CodeIgniter\CodeIgniter->handleRequest(NULL, Object(Config\Cache), false)
#11 C:\xampp\htdocs\otmiza_sgc_new\public\index.php(37): CodeIgniter\CodeIgniter->run()
#12 {main}
ERROR - 2023-01-11 13:46:20 --> Unknown column 'tecidos.tipo' in 'field list'
CRITICAL - 2023-01-11 13:46:20 --> Unknown column 'tecidos.tipo' in 'field list'
#0 C:\xampp\htdocs\otmiza_sgc_new\system\Database\MySQLi\Connection.php(292): mysqli->query('SELECT `estoque...', 0)
#1 C:\xampp\htdocs\otmiza_sgc_new\system\Database\BaseConnection.php(670): CodeIgniter\Database\MySQLi\Connection->execute('SELECT `estoque...')
#2 C:\xampp\htdocs\otmiza_sgc_new\system\Database\BaseConnection.php(598): CodeIgniter\Database\BaseConnection->simpleQuery('SELECT `estoque...')
#3 C:\xampp\htdocs\otmiza_sgc_new\system\Database\BaseBuilder.php(1455): CodeIgniter\Database\BaseConnection->query('SELECT `estoque...', Array, false)
#4 C:\xampp\htdocs\otmiza_sgc_new\system\Model.php(183): CodeIgniter\Database\BaseBuilder->get()
#5 C:\xampp\htdocs\otmiza_sgc_new\system\BaseModel.php(584): CodeIgniter\Model->doFindAll(0, 0)
#6 C:\xampp\htdocs\otmiza_sgc_new\app\Models\EstoqueModel.php(47): CodeIgniter\BaseModel->findAll()
#7 C:\xampp\htdocs\otmiza_sgc_new\app\Controllers\Estoque.php(34): App\Models\EstoqueModel->getAllClientes()
#8 C:\xampp\htdocs\otmiza_sgc_new\system\CodeIgniter.php(825): App\Controllers\Estoque->index()
#9 C:\xampp\htdocs\otmiza_sgc_new\system\CodeIgniter.php(412): CodeIgniter\CodeIgniter->runController(Object(App\Controllers\Estoque))
#10 C:\xampp\htdocs\otmiza_sgc_new\system\CodeIgniter.php(320): CodeIgniter\CodeIgniter->handleRequest(NULL, Object(Config\Cache), false)
#11 C:\xampp\htdocs\otmiza_sgc_new\public\index.php(37): CodeIgniter\CodeIgniter->run()
#12 {main}
CRITICAL - 2023-01-11 18:47:47 --> Undefined array key "estoque_id"
#0 C:\xampp\htdocs\otmiza_sgc_new\app\Views\estoque\index.php(76): CodeIgniter\Debug\Exceptions->errorHandler(2, 'Undefined array...', 'C:\\xampp\\htdocs...', 76)
#1 C:\xampp\htdocs\otmiza_sgc_new\system\View\View.php(210): include('C:\\xampp\\htdocs...')
#2 C:\xampp\htdocs\otmiza_sgc_new\system\View\View.php(213): CodeIgniter\View\View->CodeIgniter\View\{closure}()
#3 C:\xampp\htdocs\otmiza_sgc_new\system\Common.php(1089): CodeIgniter\View\View->render('estoque/index', Array, true)
#4 C:\xampp\htdocs\otmiza_sgc_new\app\Controllers\Estoque.php(50): view('estoque/index', Array)
#5 C:\xampp\htdocs\otmiza_sgc_new\system\CodeIgniter.php(825): App\Controllers\Estoque->index()
#6 C:\xampp\htdocs\otmiza_sgc_new\system\CodeIgniter.php(412): CodeIgniter\CodeIgniter->runController(Object(App\Controllers\Estoque))
#7 C:\xampp\htdocs\otmiza_sgc_new\system\CodeIgniter.php(320): CodeIgniter\CodeIgniter->handleRequest(NULL, Object(Config\Cache), false)
#8 C:\xampp\htdocs\otmiza_sgc_new\public\index.php(37): CodeIgniter\CodeIgniter->run()
#9 {main}
CRITICAL - 2023-01-11 18:51:11 --> Undefined array key "tecidos_marca_descricao"
#0 C:\xampp\htdocs\otmiza_sgc_new\app\Views\estoque\index.php(69): CodeIgniter\Debug\Exceptions->errorHandler(2, 'Undefined array...', 'C:\\xampp\\htdocs...', 69)
#1 C:\xampp\htdocs\otmiza_sgc_new\system\View\View.php(210): include('C:\\xampp\\htdocs...')
#2 C:\xampp\htdocs\otmiza_sgc_new\system\View\View.php(213): CodeIgniter\View\View->CodeIgniter\View\{closure}()
#3 C:\xampp\htdocs\otmiza_sgc_new\system\Common.php(1089): CodeIgniter\View\View->render('estoque/index', Array, true)
#4 C:\xampp\htdocs\otmiza_sgc_new\app\Controllers\Estoque.php(50): view('estoque/index', Array)
#5 C:\xampp\htdocs\otmiza_sgc_new\system\CodeIgniter.php(825): App\Controllers\Estoque->index()
#6 C:\xampp\htdocs\otmiza_sgc_new\system\CodeIgniter.php(412): CodeIgniter\CodeIgniter->runController(Object(App\Controllers\Estoque))
#7 C:\xampp\htdocs\otmiza_sgc_new\system\CodeIgniter.php(320): CodeIgniter\CodeIgniter->handleRequest(NULL, Object(Config\Cache), false)
#8 C:\xampp\htdocs\otmiza_sgc_new\public\index.php(37): CodeIgniter\CodeIgniter->run()
#9 {main}
CRITICAL - 2023-01-11 18:52:15 --> Call to a member function getAllTecidos() on array
#0 C:\xampp\htdocs\otmiza_sgc_new\system\CodeIgniter.php(825): App\Controllers\Estoque->index()
#1 C:\xampp\htdocs\otmiza_sgc_new\system\CodeIgniter.php(412): CodeIgniter\CodeIgniter->runController(Object(App\Controllers\Estoque))
#2 C:\xampp\htdocs\otmiza_sgc_new\system\CodeIgniter.php(320): CodeIgniter\CodeIgniter->handleRequest(NULL, Object(Config\Cache), false)
#3 C:\xampp\htdocs\otmiza_sgc_new\public\index.php(37): CodeIgniter\CodeIgniter->run()
#4 {main}
CRITICAL - 2023-01-11 18:53:12 --> Call to a member function getAllMarcas() on array
#0 C:\xampp\htdocs\otmiza_sgc_new\system\CodeIgniter.php(825): App\Controllers\Estoque->index()
#1 C:\xampp\htdocs\otmiza_sgc_new\system\CodeIgniter.php(412): CodeIgniter\CodeIgniter->runController(Object(App\Controllers\Estoque))
#2 C:\xampp\htdocs\otmiza_sgc_new\system\CodeIgniter.php(320): CodeIgniter\CodeIgniter->handleRequest(NULL, Object(Config\Cache), false)
#3 C:\xampp\htdocs\otmiza_sgc_new\public\index.php(37): CodeIgniter\CodeIgniter->run()
#4 {main}
CRITICAL - 2023-01-11 18:55:14 --> Attempt to read property "tecidoModel" on array
#0 C:\xampp\htdocs\otmiza_sgc_new\app\Controllers\Estoque.php(35): CodeIgniter\Debug\Exceptions->errorHandler(2, 'Attempt to read...', 'C:\\xampp\\htdocs...', 35)
#1 C:\xampp\htdocs\otmiza_sgc_new\system\CodeIgniter.php(825): App\Controllers\Estoque->index()
#2 C:\xampp\htdocs\otmiza_sgc_new\system\CodeIgniter.php(412): CodeIgniter\CodeIgniter->runController(Object(App\Controllers\Estoque))
#3 C:\xampp\htdocs\otmiza_sgc_new\system\CodeIgniter.php(320): CodeIgniter\CodeIgniter->handleRequest(NULL, Object(Config\Cache), false)
#4 C:\xampp\htdocs\otmiza_sgc_new\public\index.php(37): CodeIgniter\CodeIgniter->run()
#5 {main}
CRITICAL - 2023-01-11 18:56:21 --> Undefined array key "tecidos_marca_descricao"
#0 C:\xampp\htdocs\otmiza_sgc_new\app\Views\estoque\index.php(69): CodeIgniter\Debug\Exceptions->errorHandler(2, 'Undefined array...', 'C:\\xampp\\htdocs...', 69)
#1 C:\xampp\htdocs\otmiza_sgc_new\system\View\View.php(210): include('C:\\xampp\\htdocs...')
#2 C:\xampp\htdocs\otmiza_sgc_new\system\View\View.php(213): CodeIgniter\View\View->CodeIgniter\View\{closure}()
#3 C:\xampp\htdocs\otmiza_sgc_new\system\Common.php(1089): CodeIgniter\View\View->render('estoque/index', Array, true)
#4 C:\xampp\htdocs\otmiza_sgc_new\app\Controllers\Estoque.php(53): view('estoque/index', Array)
#5 C:\xampp\htdocs\otmiza_sgc_new\system\CodeIgniter.php(825): App\Controllers\Estoque->index()
#6 C:\xampp\htdocs\otmiza_sgc_new\system\CodeIgniter.php(412): CodeIgniter\CodeIgniter->runController(Object(App\Controllers\Estoque))
#7 C:\xampp\htdocs\otmiza_sgc_new\system\CodeIgniter.php(320): CodeIgniter\CodeIgniter->handleRequest(NULL, Object(Config\Cache), false)
#8 C:\xampp\htdocs\otmiza_sgc_new\public\index.php(37): CodeIgniter\CodeIgniter->run()
#9 {main}
CRITICAL - 2023-01-11 18:57:29 --> Undefined array key "tecidos_marca_descricao"
#0 C:\xampp\htdocs\otmiza_sgc_new\app\Views\estoque\index.php(69): CodeIgniter\Debug\Exceptions->errorHandler(2, 'Undefined array...', 'C:\\xampp\\htdocs...', 69)
#1 C:\xampp\htdocs\otmiza_sgc_new\system\View\View.php(210): include('C:\\xampp\\htdocs...')
#2 C:\xampp\htdocs\otmiza_sgc_new\system\View\View.php(213): CodeIgniter\View\View->CodeIgniter\View\{closure}()
#3 C:\xampp\htdocs\otmiza_sgc_new\system\Common.php(1089): CodeIgniter\View\View->render('estoque/index', Array, true)
#4 C:\xampp\htdocs\otmiza_sgc_new\app\Controllers\Estoque.php(53): view('estoque/index', Array)
#5 C:\xampp\htdocs\otmiza_sgc_new\system\CodeIgniter.php(825): App\Controllers\Estoque->index()
#6 C:\xampp\htdocs\otmiza_sgc_new\system\CodeIgniter.php(412): CodeIgniter\CodeIgniter->runController(Object(App\Controllers\Estoque))
#7 C:\xampp\htdocs\otmiza_sgc_new\system\CodeIgniter.php(320): CodeIgniter\CodeIgniter->handleRequest(NULL, Object(Config\Cache), false)
#8 C:\xampp\htdocs\otmiza_sgc_new\public\index.php(37): CodeIgniter\CodeIgniter->run()
#9 {main}
ERROR - 2023-01-11 19:11:42 --> Unknown column 'tecidos.tipo' in 'field list'
CRITICAL - 2023-01-11 19:11:42 --> Unknown column 'tecidos.tipo' in 'field list'
#0 C:\xampp\htdocs\otmiza_sgc_new\system\Database\MySQLi\Connection.php(292): mysqli->query('SELECT `estoque...', 0)
#1 C:\xampp\htdocs\otmiza_sgc_new\system\Database\BaseConnection.php(670): CodeIgniter\Database\MySQLi\Connection->execute('SELECT `estoque...')
#2 C:\xampp\htdocs\otmiza_sgc_new\system\Database\BaseConnection.php(598): CodeIgniter\Database\BaseConnection->simpleQuery('SELECT `estoque...')
#3 C:\xampp\htdocs\otmiza_sgc_new\system\Database\BaseBuilder.php(1455): CodeIgniter\Database\BaseConnection->query('SELECT `estoque...', Array, false)
#4 C:\xampp\htdocs\otmiza_sgc_new\system\Model.php(183): CodeIgniter\Database\BaseBuilder->get()
#5 C:\xampp\htdocs\otmiza_sgc_new\system\BaseModel.php(584): CodeIgniter\Model->doFindAll(0, 0)
#6 C:\xampp\htdocs\otmiza_sgc_new\app\Models\EstoqueModel.php(47): CodeIgniter\BaseModel->findAll()
#7 C:\xampp\htdocs\otmiza_sgc_new\app\Controllers\Estoque.php(34): App\Models\EstoqueModel->getAllClientes()
#8 C:\xampp\htdocs\otmiza_sgc_new\system\CodeIgniter.php(825): App\Controllers\Estoque->index()
#9 C:\xampp\htdocs\otmiza_sgc_new\system\CodeIgniter.php(412): CodeIgniter\CodeIgniter->runController(Object(App\Controllers\Estoque))
#10 C:\xampp\htdocs\otmiza_sgc_new\system\CodeIgniter.php(320): CodeIgniter\CodeIgniter->handleRequest(NULL, Object(Config\Cache), false)
#11 C:\xampp\htdocs\otmiza_sgc_new\public\index.php(37): CodeIgniter\CodeIgniter->run()
#12 {main}
ERROR - 2023-01-11 19:13:01 --> Unknown column 'tecidos.tipo' in 'field list'
CRITICAL - 2023-01-11 19:13:01 --> Unknown column 'tecidos.tipo' in 'field list'
#0 C:\xampp\htdocs\otmiza_sgc_new\system\Database\MySQLi\Connection.php(292): mysqli->query('SELECT `estoque...', 0)
#1 C:\xampp\htdocs\otmiza_sgc_new\system\Database\BaseConnection.php(670): CodeIgniter\Database\MySQLi\Connection->execute('SELECT `estoque...')
#2 C:\xampp\htdocs\otmiza_sgc_new\system\Database\BaseConnection.php(598): CodeIgniter\Database\BaseConnection->simpleQuery('SELECT `estoque...')
#3 C:\xampp\htdocs\otmiza_sgc_new\system\Database\BaseBuilder.php(1455): CodeIgniter\Database\BaseConnection->query('SELECT `estoque...', Array, false)
#4 C:\xampp\htdocs\otmiza_sgc_new\system\Model.php(183): CodeIgniter\Database\BaseBuilder->get()
#5 C:\xampp\htdocs\otmiza_sgc_new\system\BaseModel.php(584): CodeIgniter\Model->doFindAll(0, 0)
#6 C:\xampp\htdocs\otmiza_sgc_new\app\Models\EstoqueModel.php(47): CodeIgniter\BaseModel->findAll()
#7 C:\xampp\htdocs\otmiza_sgc_new\app\Controllers\Estoque.php(34): App\Models\EstoqueModel->getAllClientes()
#8 C:\xampp\htdocs\otmiza_sgc_new\system\CodeIgniter.php(825): App\Controllers\Estoque->index()
#9 C:\xampp\htdocs\otmiza_sgc_new\system\CodeIgniter.php(412): CodeIgniter\CodeIgniter->runController(Object(App\Controllers\Estoque))
#10 C:\xampp\htdocs\otmiza_sgc_new\system\CodeIgniter.php(320): CodeIgniter\CodeIgniter->handleRequest(NULL, Object(Config\Cache), false)
#11 C:\xampp\htdocs\otmiza_sgc_new\public\index.php(37): CodeIgniter\CodeIgniter->run()
#12 {main}
ERROR - 2023-01-11 19:13:03 --> Unknown column 'tecidos.tipo' in 'field list'
CRITICAL - 2023-01-11 19:13:03 --> Unknown column 'tecidos.tipo' in 'field list'
#0 C:\xampp\htdocs\otmiza_sgc_new\system\Database\MySQLi\Connection.php(292): mysqli->query('SELECT `estoque...', 0)
#1 C:\xampp\htdocs\otmiza_sgc_new\system\Database\BaseConnection.php(670): CodeIgniter\Database\MySQLi\Connection->execute('SELECT `estoque...')
#2 C:\xampp\htdocs\otmiza_sgc_new\system\Database\BaseConnection.php(598): CodeIgniter\Database\BaseConnection->simpleQuery('SELECT `estoque...')
#3 C:\xampp\htdocs\otmiza_sgc_new\system\Database\BaseBuilder.php(1455): CodeIgniter\Database\BaseConnection->query('SELECT `estoque...', Array, false)
#4 C:\xampp\htdocs\otmiza_sgc_new\system\Model.php(183): CodeIgniter\Database\BaseBuilder->get()
#5 C:\xampp\htdocs\otmiza_sgc_new\system\BaseModel.php(584): CodeIgniter\Model->doFindAll(0, 0)
#6 C:\xampp\htdocs\otmiza_sgc_new\app\Models\EstoqueModel.php(47): CodeIgniter\BaseModel->findAll()
#7 C:\xampp\htdocs\otmiza_sgc_new\app\Controllers\Estoque.php(34): App\Models\EstoqueModel->getAllClientes()
#8 C:\xampp\htdocs\otmiza_sgc_new\system\CodeIgniter.php(825): App\Controllers\Estoque->index()
#9 C:\xampp\htdocs\otmiza_sgc_new\system\CodeIgniter.php(412): CodeIgniter\CodeIgniter->runController(Object(App\Controllers\Estoque))
#10 C:\xampp\htdocs\otmiza_sgc_new\system\CodeIgniter.php(320): CodeIgniter\CodeIgniter->handleRequest(NULL, Object(Config\Cache), false)
#11 C:\xampp\htdocs\otmiza_sgc_new\public\index.php(37): CodeIgniter\CodeIgniter->run()
#12 {main}
CRITICAL - 2023-01-11 19:22:17 --> Call to undefined method App\Models\EstoqueModel::getAllClientesTecidos
#0 C:\xampp\htdocs\otmiza_sgc_new\app\Controllers\Estoque.php(34): CodeIgniter\Model->__call('getAllClientesT...', Array)
#1 C:\xampp\htdocs\otmiza_sgc_new\system\CodeIgniter.php(825): App\Controllers\Estoque->index()
#2 C:\xampp\htdocs\otmiza_sgc_new\system\CodeIgniter.php(412): CodeIgniter\CodeIgniter->runController(Object(App\Controllers\Estoque))
#3 C:\xampp\htdocs\otmiza_sgc_new\system\CodeIgniter.php(320): CodeIgniter\CodeIgniter->handleRequest(NULL, Object(Config\Cache), false)
#4 C:\xampp\htdocs\otmiza_sgc_new\public\index.php(37): CodeIgniter\CodeIgniter->run()
#5 {main}
ERROR - 2023-01-11 19:22:50 --> Unknown column 'tecidos.marca_id as tecidos_marca_id marcas.descricao' in 'field list'
CRITICAL - 2023-01-11 19:22:50 --> Unknown column 'tecidos.marca_id as tecidos_marca_id marcas.descricao' in 'field list'
#0 C:\xampp\htdocs\otmiza_sgc_new\system\Database\MySQLi\Connection.php(292): mysqli->query('SELECT `estoque...', 0)
#1 C:\xampp\htdocs\otmiza_sgc_new\system\Database\BaseConnection.php(670): CodeIgniter\Database\MySQLi\Connection->execute('SELECT `estoque...')
#2 C:\xampp\htdocs\otmiza_sgc_new\system\Database\BaseConnection.php(598): CodeIgniter\Database\BaseConnection->simpleQuery('SELECT `estoque...')
#3 C:\xampp\htdocs\otmiza_sgc_new\system\Database\BaseBuilder.php(1455): CodeIgniter\Database\BaseConnection->query('SELECT `estoque...', Array, false)
#4 C:\xampp\htdocs\otmiza_sgc_new\system\Model.php(183): CodeIgniter\Database\BaseBuilder->get()
#5 C:\xampp\htdocs\otmiza_sgc_new\system\BaseModel.php(584): CodeIgniter\Model->doFindAll(0, 0)
#6 C:\xampp\htdocs\otmiza_sgc_new\app\Models\EstoqueModel.php(49): CodeIgniter\BaseModel->findAll()
#7 C:\xampp\htdocs\otmiza_sgc_new\app\Controllers\Estoque.php(34): App\Models\EstoqueModel->getAllClientesTecidos()
#8 C:\xampp\htdocs\otmiza_sgc_new\system\CodeIgniter.php(825): App\Controllers\Estoque->index()
#9 C:\xampp\htdocs\otmiza_sgc_new\system\CodeIgniter.php(412): CodeIgniter\CodeIgniter->runController(Object(App\Controllers\Estoque))
#10 C:\xampp\htdocs\otmiza_sgc_new\system\CodeIgniter.php(320): CodeIgniter\CodeIgniter->handleRequest(NULL, Object(Config\Cache), false)
#11 C:\xampp\htdocs\otmiza_sgc_new\public\index.php(37): CodeIgniter\CodeIgniter->run()
#12 {main}
ERROR - 2023-01-11 19:24:30 --> Unknown column 'marcas.descricao' in 'field list'
CRITICAL - 2023-01-11 19:24:30 --> Unknown column 'marcas.descricao' in 'field list'
#0 C:\xampp\htdocs\otmiza_sgc_new\system\Database\MySQLi\Connection.php(292): mysqli->query('SELECT `estoque...', 0)
#1 C:\xampp\htdocs\otmiza_sgc_new\system\Database\BaseConnection.php(670): CodeIgniter\Database\MySQLi\Connection->execute('SELECT `estoque...')
#2 C:\xampp\htdocs\otmiza_sgc_new\system\Database\BaseConnection.php(598): CodeIgniter\Database\BaseConnection->simpleQuery('SELECT `estoque...')
#3 C:\xampp\htdocs\otmiza_sgc_new\system\Database\BaseBuilder.php(1455): CodeIgniter\Database\BaseConnection->query('SELECT `estoque...', Array, false)
#4 C:\xampp\htdocs\otmiza_sgc_new\system\Model.php(183): CodeIgniter\Database\BaseBuilder->get()
#5 C:\xampp\htdocs\otmiza_sgc_new\system\BaseModel.php(584): CodeIgniter\Model->doFindAll(0, 0)
#6 C:\xampp\htdocs\otmiza_sgc_new\app\Models\EstoqueModel.php(48): CodeIgniter\BaseModel->findAll()
#7 C:\xampp\htdocs\otmiza_sgc_new\app\Controllers\Estoque.php(34): App\Models\EstoqueModel->getAllClientesTecidos()
#8 C:\xampp\htdocs\otmiza_sgc_new\system\CodeIgniter.php(825): App\Controllers\Estoque->index()
#9 C:\xampp\htdocs\otmiza_sgc_new\system\CodeIgniter.php(412): CodeIgniter\CodeIgniter->runController(Object(App\Controllers\Estoque))
#10 C:\xampp\htdocs\otmiza_sgc_new\system\CodeIgniter.php(320): CodeIgniter\CodeIgniter->handleRequest(NULL, Object(Config\Cache), false)
#11 C:\xampp\htdocs\otmiza_sgc_new\public\index.php(37): CodeIgniter\CodeIgniter->run()
#12 {main}
ERROR - 2023-01-11 19:24:56 --> Unknown column 'marcas.descricao' in 'field list'
CRITICAL - 2023-01-11 19:24:56 --> Unknown column 'marcas.descricao' in 'field list'
#0 C:\xampp\htdocs\otmiza_sgc_new\system\Database\MySQLi\Connection.php(292): mysqli->query('SELECT `estoque...', 0)
#1 C:\xampp\htdocs\otmiza_sgc_new\system\Database\BaseConnection.php(670): CodeIgniter\Database\MySQLi\Connection->execute('SELECT `estoque...')
#2 C:\xampp\htdocs\otmiza_sgc_new\system\Database\BaseConnection.php(598): CodeIgniter\Database\BaseConnection->simpleQuery('SELECT `estoque...')
#3 C:\xampp\htdocs\otmiza_sgc_new\system\Database\BaseBuilder.php(1455): CodeIgniter\Database\BaseConnection->query('SELECT `estoque...', Array, false)
#4 C:\xampp\htdocs\otmiza_sgc_new\system\Model.php(183): CodeIgniter\Database\BaseBuilder->get()
#5 C:\xampp\htdocs\otmiza_sgc_new\system\BaseModel.php(584): CodeIgniter\Model->doFindAll(0, 0)
#6 C:\xampp\htdocs\otmiza_sgc_new\app\Models\EstoqueModel.php(49): CodeIgniter\BaseModel->findAll()
#7 C:\xampp\htdocs\otmiza_sgc_new\app\Controllers\Estoque.php(34): App\Models\EstoqueModel->getAllClientesTecidos()
#8 C:\xampp\htdocs\otmiza_sgc_new\system\CodeIgniter.php(825): App\Controllers\Estoque->index()
#9 C:\xampp\htdocs\otmiza_sgc_new\system\CodeIgniter.php(412): CodeIgniter\CodeIgniter->runController(Object(App\Controllers\Estoque))
#10 C:\xampp\htdocs\otmiza_sgc_new\system\CodeIgniter.php(320): CodeIgniter\CodeIgniter->handleRequest(NULL, Object(Config\Cache), false)
#11 C:\xampp\htdocs\otmiza_sgc_new\public\index.php(37): CodeIgniter\CodeIgniter->run()
#12 {main}
ERROR - 2023-01-11 19:25:11 --> Unknown column 'marcas.descricao' in 'field list'
CRITICAL - 2023-01-11 19:25:11 --> Unknown column 'marcas.descricao' in 'field list'
#0 C:\xampp\htdocs\otmiza_sgc_new\system\Database\MySQLi\Connection.php(292): mysqli->query('SELECT `estoque...', 0)
#1 C:\xampp\htdocs\otmiza_sgc_new\system\Database\BaseConnection.php(670): CodeIgniter\Database\MySQLi\Connection->execute('SELECT `estoque...')
#2 C:\xampp\htdocs\otmiza_sgc_new\system\Database\BaseConnection.php(598): CodeIgniter\Database\BaseConnection->simpleQuery('SELECT `estoque...')
#3 C:\xampp\htdocs\otmiza_sgc_new\system\Database\BaseBuilder.php(1455): CodeIgniter\Database\BaseConnection->query('SELECT `estoque...', Array, false)
#4 C:\xampp\htdocs\otmiza_sgc_new\system\Model.php(183): CodeIgniter\Database\BaseBuilder->get()
#5 C:\xampp\htdocs\otmiza_sgc_new\system\BaseModel.php(584): CodeIgniter\Model->doFindAll(0, 0)
#6 C:\xampp\htdocs\otmiza_sgc_new\app\Models\EstoqueModel.php(49): CodeIgniter\BaseModel->findAll()
#7 C:\xampp\htdocs\otmiza_sgc_new\app\Controllers\Estoque.php(34): App\Models\EstoqueModel->getAllClientesTecidos()
#8 C:\xampp\htdocs\otmiza_sgc_new\system\CodeIgniter.php(825): App\Controllers\Estoque->index()
#9 C:\xampp\htdocs\otmiza_sgc_new\system\CodeIgniter.php(412): CodeIgniter\CodeIgniter->runController(Object(App\Controllers\Estoque))
#10 C:\xampp\htdocs\otmiza_sgc_new\system\CodeIgniter.php(320): CodeIgniter\CodeIgniter->handleRequest(NULL, Object(Config\Cache), false)
#11 C:\xampp\htdocs\otmiza_sgc_new\public\index.php(37): CodeIgniter\CodeIgniter->run()
#12 {main}
ERROR - 2023-01-11 19:25:13 --> Unknown column 'marcas.descricao' in 'field list'
CRITICAL - 2023-01-11 19:25:13 --> Unknown column 'marcas.descricao' in 'field list'
#0 C:\xampp\htdocs\otmiza_sgc_new\system\Database\MySQLi\Connection.php(292): mysqli->query('SELECT `estoque...', 0)
#1 C:\xampp\htdocs\otmiza_sgc_new\system\Database\BaseConnection.php(670): CodeIgniter\Database\MySQLi\Connection->execute('SELECT `estoque...')
#2 C:\xampp\htdocs\otmiza_sgc_new\system\Database\BaseConnection.php(598): CodeIgniter\Database\BaseConnection->simpleQuery('SELECT `estoque...')
#3 C:\xampp\htdocs\otmiza_sgc_new\system\Database\BaseBuilder.php(1455): CodeIgniter\Database\BaseConnection->query('SELECT `estoque...', Array, false)
#4 C:\xampp\htdocs\otmiza_sgc_new\system\Model.php(183): CodeIgniter\Database\BaseBuilder->get()
#5 C:\xampp\htdocs\otmiza_sgc_new\system\BaseModel.php(584): CodeIgniter\Model->doFindAll(0, 0)
#6 C:\xampp\htdocs\otmiza_sgc_new\app\Models\EstoqueModel.php(49): CodeIgniter\BaseModel->findAll()
#7 C:\xampp\htdocs\otmiza_sgc_new\app\Controllers\Estoque.php(34): App\Models\EstoqueModel->getAllClientesTecidos()
#8 C:\xampp\htdocs\otmiza_sgc_new\system\CodeIgniter.php(825): App\Controllers\Estoque->index()
#9 C:\xampp\htdocs\otmiza_sgc_new\system\CodeIgniter.php(412): CodeIgniter\CodeIgniter->runController(Object(App\Controllers\Estoque))
#10 C:\xampp\htdocs\otmiza_sgc_new\system\CodeIgniter.php(320): CodeIgniter\CodeIgniter->handleRequest(NULL, Object(Config\Cache), false)
#11 C:\xampp\htdocs\otmiza_sgc_new\public\index.php(37): CodeIgniter\CodeIgniter->run()
#12 {main}
CRITICAL - 2023-01-11 22:59:56 --> Call to undefined method App\Models\EstoqueModel::getAllClientesTecidos
#0 C:\xampp\htdocs\otmiza_sgc_new\app\Controllers\Estoque.php(34): CodeIgniter\Model->__call('getAllClientesT...', Array)
#1 C:\xampp\htdocs\otmiza_sgc_new\system\CodeIgniter.php(825): App\Controllers\Estoque->index()
#2 C:\xampp\htdocs\otmiza_sgc_new\system\CodeIgniter.php(412): CodeIgniter\CodeIgniter->runController(Object(App\Controllers\Estoque))
#3 C:\xampp\htdocs\otmiza_sgc_new\system\CodeIgniter.php(320): CodeIgniter\CodeIgniter->handleRequest(NULL, Object(Config\Cache), false)
#4 C:\xampp\htdocs\otmiza_sgc_new\public\index.php(37): CodeIgniter\CodeIgniter->run()
#5 {main}
