CRITICAL - 2022-12-05 19:53:27 --> Undefined array key "grade_tamanho"
#0 C:\xampp\htdocs\otmiza_sgc_new\app\Views\modelo_teste\index.php(32): CodeIgniter\Debug\Exceptions->errorHandler(2, 'Undefined array...', 'C:\\xampp\\htdocs...', 32)
#1 C:\xampp\htdocs\otmiza_sgc_new\system\View\View.php(210): include('C:\\xampp\\htdocs...')
#2 C:\xampp\htdocs\otmiza_sgc_new\system\View\View.php(213): CodeIgniter\View\View->CodeIgniter\View\{closure}()
#3 C:\xampp\htdocs\otmiza_sgc_new\system\Common.php(1089): CodeIgniter\View\View->render('modelo_teste/in...', Array, true)
#4 C:\xampp\htdocs\otmiza_sgc_new\app\Controllers\ModeloTeste.php(56): view('modelo_teste/in...', Array)
#5 C:\xampp\htdocs\otmiza_sgc_new\system\CodeIgniter.php(825): App\Controllers\ModeloTeste->index()
#6 C:\xampp\htdocs\otmiza_sgc_new\system\CodeIgniter.php(412): CodeIgniter\CodeIgniter->runController(Object(App\Controllers\ModeloTeste))
#7 C:\xampp\htdocs\otmiza_sgc_new\system\CodeIgniter.php(320): CodeIgniter\CodeIgniter->handleRequest(NULL, Object(Config\Cache), false)
#8 C:\xampp\htdocs\otmiza_sgc_new\public\index.php(37): CodeIgniter\CodeIgniter->run()
#9 {main}
CRITICAL - 2022-12-05 19:56:39 --> Undefined array key "grade"
#0 C:\xampp\htdocs\otmiza_sgc_new\app\Views\modelo_teste\index.php(31): CodeIgniter\Debug\Exceptions->errorHandler(2, 'Undefined array...', 'C:\\xampp\\htdocs...', 31)
#1 C:\xampp\htdocs\otmiza_sgc_new\system\View\View.php(210): include('C:\\xampp\\htdocs...')
#2 C:\xampp\htdocs\otmiza_sgc_new\system\View\View.php(213): CodeIgniter\View\View->CodeIgniter\View\{closure}()
#3 C:\xampp\htdocs\otmiza_sgc_new\system\Common.php(1089): CodeIgniter\View\View->render('modelo_teste/in...', Array, true)
#4 C:\xampp\htdocs\otmiza_sgc_new\app\Controllers\ModeloTeste.php(56): view('modelo_teste/in...', Array)
#5 C:\xampp\htdocs\otmiza_sgc_new\system\CodeIgniter.php(825): App\Controllers\ModeloTeste->index()
#6 C:\xampp\htdocs\otmiza_sgc_new\system\CodeIgniter.php(412): CodeIgniter\CodeIgniter->runController(Object(App\Controllers\ModeloTeste))
#7 C:\xampp\htdocs\otmiza_sgc_new\system\CodeIgniter.php(320): CodeIgniter\CodeIgniter->handleRequest(NULL, Object(Config\Cache), false)
#8 C:\xampp\htdocs\otmiza_sgc_new\public\index.php(37): CodeIgniter\CodeIgniter->run()
#9 {main}
CRITICAL - 2022-12-05 19:56:57 --> Undefined array key "grades"
#0 C:\xampp\htdocs\otmiza_sgc_new\app\Views\modelo_teste\index.php(31): CodeIgniter\Debug\Exceptions->errorHandler(2, 'Undefined array...', 'C:\\xampp\\htdocs...', 31)
#1 C:\xampp\htdocs\otmiza_sgc_new\system\View\View.php(210): include('C:\\xampp\\htdocs...')
#2 C:\xampp\htdocs\otmiza_sgc_new\system\View\View.php(213): CodeIgniter\View\View->CodeIgniter\View\{closure}()
#3 C:\xampp\htdocs\otmiza_sgc_new\system\Common.php(1089): CodeIgniter\View\View->render('modelo_teste/in...', Array, true)
#4 C:\xampp\htdocs\otmiza_sgc_new\app\Controllers\ModeloTeste.php(56): view('modelo_teste/in...', Array)
#5 C:\xampp\htdocs\otmiza_sgc_new\system\CodeIgniter.php(825): App\Controllers\ModeloTeste->index()
#6 C:\xampp\htdocs\otmiza_sgc_new\system\CodeIgniter.php(412): CodeIgniter\CodeIgniter->runController(Object(App\Controllers\ModeloTeste))
#7 C:\xampp\htdocs\otmiza_sgc_new\system\CodeIgniter.php(320): CodeIgniter\CodeIgniter->handleRequest(NULL, Object(Config\Cache), false)
#8 C:\xampp\htdocs\otmiza_sgc_new\public\index.php(37): CodeIgniter\CodeIgniter->run()
#9 {main}
CRITICAL - 2022-12-05 19:58:17 --> Undefined array key "modelo_id"
#0 C:\xampp\htdocs\otmiza_sgc_new\app\Views\modelo_teste\index.php(27): CodeIgniter\Debug\Exceptions->errorHandler(2, 'Undefined array...', 'C:\\xampp\\htdocs...', 27)
#1 C:\xampp\htdocs\otmiza_sgc_new\system\View\View.php(210): include('C:\\xampp\\htdocs...')
#2 C:\xampp\htdocs\otmiza_sgc_new\system\View\View.php(213): CodeIgniter\View\View->CodeIgniter\View\{closure}()
#3 C:\xampp\htdocs\otmiza_sgc_new\system\Common.php(1089): CodeIgniter\View\View->render('modelo_teste/in...', Array, true)
#4 C:\xampp\htdocs\otmiza_sgc_new\app\Controllers\ModeloTeste.php(56): view('modelo_teste/in...', Array)
#5 C:\xampp\htdocs\otmiza_sgc_new\system\CodeIgniter.php(825): App\Controllers\ModeloTeste->index()
#6 C:\xampp\htdocs\otmiza_sgc_new\system\CodeIgniter.php(412): CodeIgniter\CodeIgniter->runController(Object(App\Controllers\ModeloTeste))
#7 C:\xampp\htdocs\otmiza_sgc_new\system\CodeIgniter.php(320): CodeIgniter\CodeIgniter->handleRequest(NULL, Object(Config\Cache), false)
#8 C:\xampp\htdocs\otmiza_sgc_new\public\index.php(37): CodeIgniter\CodeIgniter->run()
#9 {main}
CRITICAL - 2022-12-05 19:59:56 --> Undefined array key "grades"
#0 C:\xampp\htdocs\otmiza_sgc_new\app\Views\modelo_teste\index.php(31): CodeIgniter\Debug\Exceptions->errorHandler(2, 'Undefined array...', 'C:\\xampp\\htdocs...', 31)
#1 C:\xampp\htdocs\otmiza_sgc_new\system\View\View.php(210): include('C:\\xampp\\htdocs...')
#2 C:\xampp\htdocs\otmiza_sgc_new\system\View\View.php(213): CodeIgniter\View\View->CodeIgniter\View\{closure}()
#3 C:\xampp\htdocs\otmiza_sgc_new\system\Common.php(1089): CodeIgniter\View\View->render('modelo_teste/in...', Array, true)
#4 C:\xampp\htdocs\otmiza_sgc_new\app\Controllers\ModeloTeste.php(57): view('modelo_teste/in...', Array)
#5 C:\xampp\htdocs\otmiza_sgc_new\system\CodeIgniter.php(825): App\Controllers\ModeloTeste->index()
#6 C:\xampp\htdocs\otmiza_sgc_new\system\CodeIgniter.php(412): CodeIgniter\CodeIgniter->runController(Object(App\Controllers\ModeloTeste))
#7 C:\xampp\htdocs\otmiza_sgc_new\system\CodeIgniter.php(320): CodeIgniter\CodeIgniter->handleRequest(NULL, Object(Config\Cache), false)
#8 C:\xampp\htdocs\otmiza_sgc_new\public\index.php(37): CodeIgniter\CodeIgniter->run()
#9 {main}
CRITICAL - 2022-12-05 20:01:16 --> Undefined array key "grades"
#0 C:\xampp\htdocs\otmiza_sgc_new\app\Views\modelo_teste\index.php(31): CodeIgniter\Debug\Exceptions->errorHandler(2, 'Undefined array...', 'C:\\xampp\\htdocs...', 31)
#1 C:\xampp\htdocs\otmiza_sgc_new\system\View\View.php(210): include('C:\\xampp\\htdocs...')
#2 C:\xampp\htdocs\otmiza_sgc_new\system\View\View.php(213): CodeIgniter\View\View->CodeIgniter\View\{closure}()
#3 C:\xampp\htdocs\otmiza_sgc_new\system\Common.php(1089): CodeIgniter\View\View->render('modelo_teste/in...', Array, true)
#4 C:\xampp\htdocs\otmiza_sgc_new\app\Controllers\ModeloTeste.php(57): view('modelo_teste/in...', Array)
#5 C:\xampp\htdocs\otmiza_sgc_new\system\CodeIgniter.php(825): App\Controllers\ModeloTeste->index()
#6 C:\xampp\htdocs\otmiza_sgc_new\system\CodeIgniter.php(412): CodeIgniter\CodeIgniter->runController(Object(App\Controllers\ModeloTeste))
#7 C:\xampp\htdocs\otmiza_sgc_new\system\CodeIgniter.php(320): CodeIgniter\CodeIgniter->handleRequest(NULL, Object(Config\Cache), false)
#8 C:\xampp\htdocs\otmiza_sgc_new\public\index.php(37): CodeIgniter\CodeIgniter->run()
#9 {main}
CRITICAL - 2022-12-05 20:05:04 --> Undefined array key "tamanho"
#0 C:\xampp\htdocs\otmiza_sgc_new\app\Views\modelo_teste\index.php(32): CodeIgniter\Debug\Exceptions->errorHandler(2, 'Undefined array...', 'C:\\xampp\\htdocs...', 32)
#1 C:\xampp\htdocs\otmiza_sgc_new\system\View\View.php(210): include('C:\\xampp\\htdocs...')
#2 C:\xampp\htdocs\otmiza_sgc_new\system\View\View.php(213): CodeIgniter\View\View->CodeIgniter\View\{closure}()
#3 C:\xampp\htdocs\otmiza_sgc_new\system\Common.php(1089): CodeIgniter\View\View->render('modelo_teste/in...', Array, true)
#4 C:\xampp\htdocs\otmiza_sgc_new\app\Controllers\ModeloTeste.php(57): view('modelo_teste/in...', Array)
#5 C:\xampp\htdocs\otmiza_sgc_new\system\CodeIgniter.php(825): App\Controllers\ModeloTeste->index()
#6 C:\xampp\htdocs\otmiza_sgc_new\system\CodeIgniter.php(412): CodeIgniter\CodeIgniter->runController(Object(App\Controllers\ModeloTeste))
#7 C:\xampp\htdocs\otmiza_sgc_new\system\CodeIgniter.php(320): CodeIgniter\CodeIgniter->handleRequest(NULL, Object(Config\Cache), false)
#8 C:\xampp\htdocs\otmiza_sgc_new\public\index.php(37): CodeIgniter\CodeIgniter->run()
#9 {main}
CRITICAL - 2022-12-05 20:44:34 --> Undefined array key "grade"
#0 C:\xampp\htdocs\otmiza_sgc_new\app\Views\modelo_teste\index.php(30): CodeIgniter\Debug\Exceptions->errorHandler(2, 'Undefined array...', 'C:\\xampp\\htdocs...', 30)
#1 C:\xampp\htdocs\otmiza_sgc_new\system\View\View.php(210): include('C:\\xampp\\htdocs...')
#2 C:\xampp\htdocs\otmiza_sgc_new\system\View\View.php(213): CodeIgniter\View\View->CodeIgniter\View\{closure}()
#3 C:\xampp\htdocs\otmiza_sgc_new\system\Common.php(1089): CodeIgniter\View\View->render('modelo_teste/in...', Array, true)
#4 C:\xampp\htdocs\otmiza_sgc_new\app\Controllers\ModeloTeste.php(57): view('modelo_teste/in...', Array)
#5 C:\xampp\htdocs\otmiza_sgc_new\system\CodeIgniter.php(825): App\Controllers\ModeloTeste->index()
#6 C:\xampp\htdocs\otmiza_sgc_new\system\CodeIgniter.php(412): CodeIgniter\CodeIgniter->runController(Object(App\Controllers\ModeloTeste))
#7 C:\xampp\htdocs\otmiza_sgc_new\system\CodeIgniter.php(320): CodeIgniter\CodeIgniter->handleRequest(NULL, Object(Config\Cache), false)
#8 C:\xampp\htdocs\otmiza_sgc_new\public\index.php(37): CodeIgniter\CodeIgniter->run()
#9 {main}
CRITICAL - 2022-12-05 20:45:06 --> Undefined array key "grades"
#0 C:\xampp\htdocs\otmiza_sgc_new\app\Views\modelo_teste\index.php(30): CodeIgniter\Debug\Exceptions->errorHandler(2, 'Undefined array...', 'C:\\xampp\\htdocs...', 30)
#1 C:\xampp\htdocs\otmiza_sgc_new\system\View\View.php(210): include('C:\\xampp\\htdocs...')
#2 C:\xampp\htdocs\otmiza_sgc_new\system\View\View.php(213): CodeIgniter\View\View->CodeIgniter\View\{closure}()
#3 C:\xampp\htdocs\otmiza_sgc_new\system\Common.php(1089): CodeIgniter\View\View->render('modelo_teste/in...', Array, true)
#4 C:\xampp\htdocs\otmiza_sgc_new\app\Controllers\ModeloTeste.php(57): view('modelo_teste/in...', Array)
#5 C:\xampp\htdocs\otmiza_sgc_new\system\CodeIgniter.php(825): App\Controllers\ModeloTeste->index()
#6 C:\xampp\htdocs\otmiza_sgc_new\system\CodeIgniter.php(412): CodeIgniter\CodeIgniter->runController(Object(App\Controllers\ModeloTeste))
#7 C:\xampp\htdocs\otmiza_sgc_new\system\CodeIgniter.php(320): CodeIgniter\CodeIgniter->handleRequest(NULL, Object(Config\Cache), false)
#8 C:\xampp\htdocs\otmiza_sgc_new\public\index.php(37): CodeIgniter\CodeIgniter->run()
#9 {main}
CRITICAL - 2022-12-05 20:45:48 --> Undefined array key "modelo_id"
#0 C:\xampp\htdocs\otmiza_sgc_new\app\Views\modelo_teste\index.php(27): CodeIgniter\Debug\Exceptions->errorHandler(2, 'Undefined array...', 'C:\\xampp\\htdocs...', 27)
#1 C:\xampp\htdocs\otmiza_sgc_new\system\View\View.php(210): include('C:\\xampp\\htdocs...')
#2 C:\xampp\htdocs\otmiza_sgc_new\system\View\View.php(213): CodeIgniter\View\View->CodeIgniter\View\{closure}()
#3 C:\xampp\htdocs\otmiza_sgc_new\system\Common.php(1089): CodeIgniter\View\View->render('modelo_teste/in...', Array, true)
#4 C:\xampp\htdocs\otmiza_sgc_new\app\Controllers\ModeloTeste.php(57): view('modelo_teste/in...', Array)
#5 C:\xampp\htdocs\otmiza_sgc_new\system\CodeIgniter.php(825): App\Controllers\ModeloTeste->index()
#6 C:\xampp\htdocs\otmiza_sgc_new\system\CodeIgniter.php(412): CodeIgniter\CodeIgniter->runController(Object(App\Controllers\ModeloTeste))
#7 C:\xampp\htdocs\otmiza_sgc_new\system\CodeIgniter.php(320): CodeIgniter\CodeIgniter->handleRequest(NULL, Object(Config\Cache), false)
#8 C:\xampp\htdocs\otmiza_sgc_new\public\index.php(37): CodeIgniter\CodeIgniter->run()
#9 {main}
CRITICAL - 2022-12-05 20:50:13 --> Undefined variable $ModelosTeste2
#0 C:\xampp\htdocs\otmiza_sgc_new\app\Views\modelo_teste\index.php(29): CodeIgniter\Debug\Exceptions->errorHandler(2, 'Undefined varia...', 'C:\\xampp\\htdocs...', 29)
#1 C:\xampp\htdocs\otmiza_sgc_new\system\View\View.php(210): include('C:\\xampp\\htdocs...')
#2 C:\xampp\htdocs\otmiza_sgc_new\system\View\View.php(213): CodeIgniter\View\View->CodeIgniter\View\{closure}()
#3 C:\xampp\htdocs\otmiza_sgc_new\system\Common.php(1089): CodeIgniter\View\View->render('modelo_teste/in...', Array, true)
#4 C:\xampp\htdocs\otmiza_sgc_new\app\Controllers\ModeloTeste.php(57): view('modelo_teste/in...', Array)
#5 C:\xampp\htdocs\otmiza_sgc_new\system\CodeIgniter.php(825): App\Controllers\ModeloTeste->index()
#6 C:\xampp\htdocs\otmiza_sgc_new\system\CodeIgniter.php(412): CodeIgniter\CodeIgniter->runController(Object(App\Controllers\ModeloTeste))
#7 C:\xampp\htdocs\otmiza_sgc_new\system\CodeIgniter.php(320): CodeIgniter\CodeIgniter->handleRequest(NULL, Object(Config\Cache), false)
#8 C:\xampp\htdocs\otmiza_sgc_new\public\index.php(37): CodeIgniter\CodeIgniter->run()
#9 {main}
CRITICAL - 2022-12-05 20:58:52 --> syntax error, unexpected end of file
#0 C:\xampp\htdocs\otmiza_sgc_new\system\View\View.php(213): CodeIgniter\View\View->CodeIgniter\View\{closure}()
#1 C:\xampp\htdocs\otmiza_sgc_new\system\Common.php(1089): CodeIgniter\View\View->render('modelo_teste/in...', Array, true)
#2 C:\xampp\htdocs\otmiza_sgc_new\app\Controllers\ModeloTeste.php(57): view('modelo_teste/in...', Array)
#3 C:\xampp\htdocs\otmiza_sgc_new\system\CodeIgniter.php(825): App\Controllers\ModeloTeste->index()
#4 C:\xampp\htdocs\otmiza_sgc_new\system\CodeIgniter.php(412): CodeIgniter\CodeIgniter->runController(Object(App\Controllers\ModeloTeste))
#5 C:\xampp\htdocs\otmiza_sgc_new\system\CodeIgniter.php(320): CodeIgniter\CodeIgniter->handleRequest(NULL, Object(Config\Cache), false)
#6 C:\xampp\htdocs\otmiza_sgc_new\public\index.php(37): CodeIgniter\CodeIgniter->run()
#7 {main}
CRITICAL - 2022-12-05 20:59:10 --> Undefined array key "modelo_id"
#0 C:\xampp\htdocs\otmiza_sgc_new\app\Views\modelo_teste\index.php(27): CodeIgniter\Debug\Exceptions->errorHandler(2, 'Undefined array...', 'C:\\xampp\\htdocs...', 27)
#1 C:\xampp\htdocs\otmiza_sgc_new\system\View\View.php(210): include('C:\\xampp\\htdocs...')
#2 C:\xampp\htdocs\otmiza_sgc_new\system\View\View.php(213): CodeIgniter\View\View->CodeIgniter\View\{closure}()
#3 C:\xampp\htdocs\otmiza_sgc_new\system\Common.php(1089): CodeIgniter\View\View->render('modelo_teste/in...', Array, true)
#4 C:\xampp\htdocs\otmiza_sgc_new\app\Controllers\ModeloTeste.php(57): view('modelo_teste/in...', Array)
#5 C:\xampp\htdocs\otmiza_sgc_new\system\CodeIgniter.php(825): App\Controllers\ModeloTeste->index()
#6 C:\xampp\htdocs\otmiza_sgc_new\system\CodeIgniter.php(412): CodeIgniter\CodeIgniter->runController(Object(App\Controllers\ModeloTeste))
#7 C:\xampp\htdocs\otmiza_sgc_new\system\CodeIgniter.php(320): CodeIgniter\CodeIgniter->handleRequest(NULL, Object(Config\Cache), false)
#8 C:\xampp\htdocs\otmiza_sgc_new\public\index.php(37): CodeIgniter\CodeIgniter->run()
#9 {main}
