CRITICAL - 2022-01-16 07:37:01 --> Undefined array key "permissao"
#0 C:\xampp\htdocs\otmiza_sgc_new\app\Views\usuario\index.php(57): CodeIgniter\Debug\Exceptions->errorHandler(2, 'Undefined array...', 'C:\\xampp\\htdocs...', 57)
#1 C:\xampp\htdocs\otmiza_sgc_new\system\View\View.php(210): include('C:\\xampp\\htdocs...')
#2 C:\xampp\htdocs\otmiza_sgc_new\system\View\View.php(213): CodeIgniter\View\View->CodeIgniter\View\{closure}()
#3 C:\xampp\htdocs\otmiza_sgc_new\system\Common.php(1089): CodeIgniter\View\View->render('usuario/index', Array, true)
#4 C:\xampp\htdocs\otmiza_sgc_new\app\Controllers\Usuario.php(44): view('usuario/index', Array)
#5 C:\xampp\htdocs\otmiza_sgc_new\system\CodeIgniter.php(825): App\Controllers\Usuario->index()
#6 C:\xampp\htdocs\otmiza_sgc_new\system\CodeIgniter.php(412): CodeIgniter\CodeIgniter->runController(Object(App\Controllers\Usuario))
#7 C:\xampp\htdocs\otmiza_sgc_new\system\CodeIgniter.php(320): CodeIgniter\CodeIgniter->handleRequest(NULL, Object(Config\Cache), false)
#8 C:\xampp\htdocs\otmiza_sgc_new\public\index.php(37): CodeIgniter\CodeIgniter->run()
#9 {main}
CRITICAL - 2022-01-16 07:38:23 --> Undefined array key "permissao"
#0 C:\xampp\htdocs\otmiza_sgc_new\app\Views\usuario\index.php(58): CodeIgniter\Debug\Exceptions->errorHandler(2, 'Undefined array...', 'C:\\xampp\\htdocs...', 58)
#1 C:\xampp\htdocs\otmiza_sgc_new\system\View\View.php(210): include('C:\\xampp\\htdocs...')
#2 C:\xampp\htdocs\otmiza_sgc_new\system\View\View.php(213): CodeIgniter\View\View->CodeIgniter\View\{closure}()
#3 C:\xampp\htdocs\otmiza_sgc_new\system\Common.php(1089): CodeIgniter\View\View->render('usuario/index', Array, true)
#4 C:\xampp\htdocs\otmiza_sgc_new\app\Controllers\Usuario.php(44): view('usuario/index', Array)
#5 C:\xampp\htdocs\otmiza_sgc_new\system\CodeIgniter.php(825): App\Controllers\Usuario->index()
#6 C:\xampp\htdocs\otmiza_sgc_new\system\CodeIgniter.php(412): CodeIgniter\CodeIgniter->runController(Object(App\Controllers\Usuario))
#7 C:\xampp\htdocs\otmiza_sgc_new\system\CodeIgniter.php(320): CodeIgniter\CodeIgniter->handleRequest(NULL, Object(Config\Cache), false)
#8 C:\xampp\htdocs\otmiza_sgc_new\public\index.php(37): CodeIgniter\CodeIgniter->run()
#9 {main}
CRITICAL - 2022-01-16 07:48:12 --> Invalid file: _common/layout_form.php
#0 C:\xampp\htdocs\otmiza_sgc_new\system\View\View.php(198): CodeIgniter\Exceptions\FrameworkException::forInvalidFile('_common/layout_...')
#1 C:\xampp\htdocs\otmiza_sgc_new\system\View\View.php(424): CodeIgniter\View\View->render('_common/layout_...', NULL, true)
#2 C:\xampp\htdocs\otmiza_sgc_new\app\Views\usuario\index.php(5): CodeIgniter\View\View->include('_common/layout_...')
#3 C:\xampp\htdocs\otmiza_sgc_new\system\View\View.php(210): include('C:\\xampp\\htdocs...')
#4 C:\xampp\htdocs\otmiza_sgc_new\system\View\View.php(213): CodeIgniter\View\View->CodeIgniter\View\{closure}()
#5 C:\xampp\htdocs\otmiza_sgc_new\system\Common.php(1089): CodeIgniter\View\View->render('usuario/index', Array, true)
#6 C:\xampp\htdocs\otmiza_sgc_new\app\Controllers\Usuario.php(44): view('usuario/index', Array)
#7 C:\xampp\htdocs\otmiza_sgc_new\system\CodeIgniter.php(825): App\Controllers\Usuario->index()
#8 C:\xampp\htdocs\otmiza_sgc_new\system\CodeIgniter.php(412): CodeIgniter\CodeIgniter->runController(Object(App\Controllers\Usuario))
#9 C:\xampp\htdocs\otmiza_sgc_new\system\CodeIgniter.php(320): CodeIgniter\CodeIgniter->handleRequest(NULL, Object(Config\Cache), false)
#10 C:\xampp\htdocs\otmiza_sgc_new\public\index.php(37): CodeIgniter\CodeIgniter->run()
#11 {main}
CRITICAL - 2022-01-16 07:49:08 --> Invalid file: _common/footer_form.php
#0 C:\xampp\htdocs\otmiza_sgc_new\system\View\View.php(198): CodeIgniter\Exceptions\FrameworkException::forInvalidFile('_common/footer_...')
#1 C:\xampp\htdocs\otmiza_sgc_new\system\View\View.php(424): CodeIgniter\View\View->render('_common/footer_...', NULL, true)
#2 C:\xampp\htdocs\otmiza_sgc_new\app\Views\usuario\form.php(91): CodeIgniter\View\View->include('_common/footer_...')
#3 C:\xampp\htdocs\otmiza_sgc_new\system\View\View.php(210): include('C:\\xampp\\htdocs...')
#4 C:\xampp\htdocs\otmiza_sgc_new\system\View\View.php(213): CodeIgniter\View\View->CodeIgniter\View\{closure}()
#5 C:\xampp\htdocs\otmiza_sgc_new\system\Common.php(1089): CodeIgniter\View\View->render('usuario/form', Array, true)
#6 C:\xampp\htdocs\otmiza_sgc_new\app\Controllers\Usuario.php(76): view('usuario/form', Array)
#7 C:\xampp\htdocs\otmiza_sgc_new\system\CodeIgniter.php(825): App\Controllers\Usuario->formulario()
#8 C:\xampp\htdocs\otmiza_sgc_new\system\CodeIgniter.php(412): CodeIgniter\CodeIgniter->runController(Object(App\Controllers\Usuario))
#9 C:\xampp\htdocs\otmiza_sgc_new\system\CodeIgniter.php(320): CodeIgniter\CodeIgniter->handleRequest(NULL, Object(Config\Cache), false)
#10 C:\xampp\htdocs\otmiza_sgc_new\public\index.php(37): CodeIgniter\CodeIgniter->run()
#11 {main}
CRITICAL - 2022-01-16 07:49:12 --> Invalid file: _common/layout_form.php
#0 C:\xampp\htdocs\otmiza_sgc_new\system\View\View.php(198): CodeIgniter\Exceptions\FrameworkException::forInvalidFile('_common/layout_...')
#1 C:\xampp\htdocs\otmiza_sgc_new\system\View\View.php(424): CodeIgniter\View\View->render('_common/layout_...', NULL, true)
#2 C:\xampp\htdocs\otmiza_sgc_new\app\Views\usuario\index.php(5): CodeIgniter\View\View->include('_common/layout_...')
#3 C:\xampp\htdocs\otmiza_sgc_new\system\View\View.php(210): include('C:\\xampp\\htdocs...')
#4 C:\xampp\htdocs\otmiza_sgc_new\system\View\View.php(213): CodeIgniter\View\View->CodeIgniter\View\{closure}()
#5 C:\xampp\htdocs\otmiza_sgc_new\system\Common.php(1089): CodeIgniter\View\View->render('usuario/index', Array, true)
#6 C:\xampp\htdocs\otmiza_sgc_new\app\Controllers\Usuario.php(44): view('usuario/index', Array)
#7 C:\xampp\htdocs\otmiza_sgc_new\system\CodeIgniter.php(825): App\Controllers\Usuario->index()
#8 C:\xampp\htdocs\otmiza_sgc_new\system\CodeIgniter.php(412): CodeIgniter\CodeIgniter->runController(Object(App\Controllers\Usuario))
#9 C:\xampp\htdocs\otmiza_sgc_new\system\CodeIgniter.php(320): CodeIgniter\CodeIgniter->handleRequest(NULL, Object(Config\Cache), false)
#10 C:\xampp\htdocs\otmiza_sgc_new\public\index.php(37): CodeIgniter\CodeIgniter->run()
#11 {main}
CRITICAL - 2022-01-16 07:49:36 --> Invalid file: _common/layout_form.php
#0 C:\xampp\htdocs\otmiza_sgc_new\system\View\View.php(198): CodeIgniter\Exceptions\FrameworkException::forInvalidFile('_common/layout_...')
#1 C:\xampp\htdocs\otmiza_sgc_new\system\View\View.php(424): CodeIgniter\View\View->render('_common/layout_...', NULL, true)
#2 C:\xampp\htdocs\otmiza_sgc_new\app\Views\usuario\index.php(5): CodeIgniter\View\View->include('_common/layout_...')
#3 C:\xampp\htdocs\otmiza_sgc_new\system\View\View.php(210): include('C:\\xampp\\htdocs...')
#4 C:\xampp\htdocs\otmiza_sgc_new\system\View\View.php(213): CodeIgniter\View\View->CodeIgniter\View\{closure}()
#5 C:\xampp\htdocs\otmiza_sgc_new\system\Common.php(1089): CodeIgniter\View\View->render('usuario/index', Array, true)
#6 C:\xampp\htdocs\otmiza_sgc_new\app\Controllers\Usuario.php(44): view('usuario/index', Array)
#7 C:\xampp\htdocs\otmiza_sgc_new\system\CodeIgniter.php(825): App\Controllers\Usuario->index()
#8 C:\xampp\htdocs\otmiza_sgc_new\system\CodeIgniter.php(412): CodeIgniter\CodeIgniter->runController(Object(App\Controllers\Usuario))
#9 C:\xampp\htdocs\otmiza_sgc_new\system\CodeIgniter.php(320): CodeIgniter\CodeIgniter->handleRequest(NULL, Object(Config\Cache), false)
#10 C:\xampp\htdocs\otmiza_sgc_new\public\index.php(37): CodeIgniter\CodeIgniter->run()
#11 {main}
CRITICAL - 2022-01-16 12:39:25 --> Undefined variable $paginas
#0 C:\xampp\htdocs\otmiza_sgc_new\app\Views\usuario\index.php(84): CodeIgniter\Debug\Exceptions->errorHandler(2, 'Undefined varia...', 'C:\\xampp\\htdocs...', 84)
#1 C:\xampp\htdocs\otmiza_sgc_new\system\View\View.php(210): include('C:\\xampp\\htdocs...')
#2 C:\xampp\htdocs\otmiza_sgc_new\system\View\View.php(213): CodeIgniter\View\View->CodeIgniter\View\{closure}()
#3 C:\xampp\htdocs\otmiza_sgc_new\system\Common.php(1089): CodeIgniter\View\View->render('usuario/index', Array, true)
#4 C:\xampp\htdocs\otmiza_sgc_new\app\Controllers\Usuario.php(47): view('usuario/index', Array)
#5 C:\xampp\htdocs\otmiza_sgc_new\system\CodeIgniter.php(825): App\Controllers\Usuario->index()
#6 C:\xampp\htdocs\otmiza_sgc_new\system\CodeIgniter.php(412): CodeIgniter\CodeIgniter->runController(Object(App\Controllers\Usuario))
#7 C:\xampp\htdocs\otmiza_sgc_new\system\CodeIgniter.php(320): CodeIgniter\CodeIgniter->handleRequest(NULL, Object(Config\Cache), false)
#8 C:\xampp\htdocs\otmiza_sgc_new\public\index.php(37): CodeIgniter\CodeIgniter->run()
#9 {main}
CRITICAL - 2022-01-16 12:40:05 --> Undefined variable $paginas
#0 C:\xampp\htdocs\otmiza_sgc_new\app\Views\usuario\index.php(84): CodeIgniter\Debug\Exceptions->errorHandler(2, 'Undefined varia...', 'C:\\xampp\\htdocs...', 84)
#1 C:\xampp\htdocs\otmiza_sgc_new\system\View\View.php(210): include('C:\\xampp\\htdocs...')
#2 C:\xampp\htdocs\otmiza_sgc_new\system\View\View.php(213): CodeIgniter\View\View->CodeIgniter\View\{closure}()
#3 C:\xampp\htdocs\otmiza_sgc_new\system\Common.php(1089): CodeIgniter\View\View->render('usuario/index', Array, true)
#4 C:\xampp\htdocs\otmiza_sgc_new\app\Controllers\Usuario.php(47): view('usuario/index', Array)
#5 C:\xampp\htdocs\otmiza_sgc_new\system\CodeIgniter.php(825): App\Controllers\Usuario->index()
#6 C:\xampp\htdocs\otmiza_sgc_new\system\CodeIgniter.php(412): CodeIgniter\CodeIgniter->runController(Object(App\Controllers\Usuario))
#7 C:\xampp\htdocs\otmiza_sgc_new\system\CodeIgniter.php(320): CodeIgniter\CodeIgniter->handleRequest(NULL, Object(Config\Cache), false)
#8 C:\xampp\htdocs\otmiza_sgc_new\public\index.php(37): CodeIgniter\CodeIgniter->run()
#9 {main}
CRITICAL - 2022-01-16 12:41:08 --> Undefined variable $paginas
#0 C:\xampp\htdocs\otmiza_sgc_new\app\Views\usuario\index.php(84): CodeIgniter\Debug\Exceptions->errorHandler(2, 'Undefined varia...', 'C:\\xampp\\htdocs...', 84)
#1 C:\xampp\htdocs\otmiza_sgc_new\system\View\View.php(210): include('C:\\xampp\\htdocs...')
#2 C:\xampp\htdocs\otmiza_sgc_new\system\View\View.php(213): CodeIgniter\View\View->CodeIgniter\View\{closure}()
#3 C:\xampp\htdocs\otmiza_sgc_new\system\Common.php(1089): CodeIgniter\View\View->render('usuario/index', Array, true)
#4 C:\xampp\htdocs\otmiza_sgc_new\app\Controllers\Usuario.php(47): view('usuario/index', Array)
#5 C:\xampp\htdocs\otmiza_sgc_new\system\CodeIgniter.php(825): App\Controllers\Usuario->index()
#6 C:\xampp\htdocs\otmiza_sgc_new\system\CodeIgniter.php(412): CodeIgniter\CodeIgniter->runController(Object(App\Controllers\Usuario))
#7 C:\xampp\htdocs\otmiza_sgc_new\system\CodeIgniter.php(320): CodeIgniter\CodeIgniter->handleRequest(NULL, Object(Config\Cache), false)
#8 C:\xampp\htdocs\otmiza_sgc_new\public\index.php(37): CodeIgniter\CodeIgniter->run()
#9 {main}
CRITICAL - 2022-01-16 12:42:18 --> Invalid file: _common\pager\booststrapPager.php
#0 C:\xampp\htdocs\otmiza_sgc_new\system\View\View.php(198): CodeIgniter\Exceptions\FrameworkException::forInvalidFile('_common\\pager\\b...')
#1 C:\xampp\htdocs\otmiza_sgc_new\system\Pager\Pager.php(125): CodeIgniter\View\View->render('_common\\pager\\b...')
#2 C:\xampp\htdocs\otmiza_sgc_new\system\Pager\Pager.php(83): CodeIgniter\Pager\Pager->displayLinks('default', 'bootstrap_pager')
#3 C:\xampp\htdocs\otmiza_sgc_new\app\Views\usuario\index.php(84): CodeIgniter\Pager\Pager->links('default', 'bootstrap_pager')
#4 C:\xampp\htdocs\otmiza_sgc_new\system\View\View.php(210): include('C:\\xampp\\htdocs...')
#5 C:\xampp\htdocs\otmiza_sgc_new\system\View\View.php(213): CodeIgniter\View\View->CodeIgniter\View\{closure}()
#6 C:\xampp\htdocs\otmiza_sgc_new\system\Common.php(1089): CodeIgniter\View\View->render('usuario/index', Array, true)
#7 C:\xampp\htdocs\otmiza_sgc_new\app\Controllers\Usuario.php(47): view('usuario/index', Array)
#8 C:\xampp\htdocs\otmiza_sgc_new\system\CodeIgniter.php(825): App\Controllers\Usuario->index()
#9 C:\xampp\htdocs\otmiza_sgc_new\system\CodeIgniter.php(412): CodeIgniter\CodeIgniter->runController(Object(App\Controllers\Usuario))
#10 C:\xampp\htdocs\otmiza_sgc_new\system\CodeIgniter.php(320): CodeIgniter\CodeIgniter->handleRequest(NULL, Object(Config\Cache), false)
#11 C:\xampp\htdocs\otmiza_sgc_new\public\index.php(37): CodeIgniter\CodeIgniter->run()
#12 {main}
CRITICAL - 2022-01-16 12:43:05 --> bootstrapPager is not a valid Pager template.
#0 C:\xampp\htdocs\otmiza_sgc_new\system\Pager\Pager.php(120): CodeIgniter\Pager\Exceptions\PagerException::forInvalidTemplate('bootstrapPager')
#1 C:\xampp\htdocs\otmiza_sgc_new\system\Pager\Pager.php(83): CodeIgniter\Pager\Pager->displayLinks('default', 'bootstrapPager')
#2 C:\xampp\htdocs\otmiza_sgc_new\app\Views\usuario\index.php(84): CodeIgniter\Pager\Pager->links('default', 'bootstrapPager')
#3 C:\xampp\htdocs\otmiza_sgc_new\system\View\View.php(210): include('C:\\xampp\\htdocs...')
#4 C:\xampp\htdocs\otmiza_sgc_new\system\View\View.php(213): CodeIgniter\View\View->CodeIgniter\View\{closure}()
#5 C:\xampp\htdocs\otmiza_sgc_new\system\Common.php(1089): CodeIgniter\View\View->render('usuario/index', Array, true)
#6 C:\xampp\htdocs\otmiza_sgc_new\app\Controllers\Usuario.php(47): view('usuario/index', Array)
#7 C:\xampp\htdocs\otmiza_sgc_new\system\CodeIgniter.php(825): App\Controllers\Usuario->index()
#8 C:\xampp\htdocs\otmiza_sgc_new\system\CodeIgniter.php(412): CodeIgniter\CodeIgniter->runController(Object(App\Controllers\Usuario))
#9 C:\xampp\htdocs\otmiza_sgc_new\system\CodeIgniter.php(320): CodeIgniter\CodeIgniter->handleRequest(NULL, Object(Config\Cache), false)
#10 C:\xampp\htdocs\otmiza_sgc_new\public\index.php(37): CodeIgniter\CodeIgniter->run()
#11 {main}
CRITICAL - 2022-01-16 12:44:04 --> Invalid file: _common\pager\booststrapPager.php
#0 C:\xampp\htdocs\otmiza_sgc_new\system\View\View.php(198): CodeIgniter\Exceptions\FrameworkException::forInvalidFile('_common\\pager\\b...')
#1 C:\xampp\htdocs\otmiza_sgc_new\system\Pager\Pager.php(125): CodeIgniter\View\View->render('_common\\pager\\b...')
#2 C:\xampp\htdocs\otmiza_sgc_new\system\Pager\Pager.php(83): CodeIgniter\Pager\Pager->displayLinks('default', 'bootstrap_pager')
#3 C:\xampp\htdocs\otmiza_sgc_new\app\Views\usuario\index.php(84): CodeIgniter\Pager\Pager->links('default', 'bootstrap_pager')
#4 C:\xampp\htdocs\otmiza_sgc_new\system\View\View.php(210): include('C:\\xampp\\htdocs...')
#5 C:\xampp\htdocs\otmiza_sgc_new\system\View\View.php(213): CodeIgniter\View\View->CodeIgniter\View\{closure}()
#6 C:\xampp\htdocs\otmiza_sgc_new\system\Common.php(1089): CodeIgniter\View\View->render('usuario/index', Array, true)
#7 C:\xampp\htdocs\otmiza_sgc_new\app\Controllers\Usuario.php(47): view('usuario/index', Array)
#8 C:\xampp\htdocs\otmiza_sgc_new\system\CodeIgniter.php(825): App\Controllers\Usuario->index()
#9 C:\xampp\htdocs\otmiza_sgc_new\system\CodeIgniter.php(412): CodeIgniter\CodeIgniter->runController(Object(App\Controllers\Usuario))
#10 C:\xampp\htdocs\otmiza_sgc_new\system\CodeIgniter.php(320): CodeIgniter\CodeIgniter->handleRequest(NULL, Object(Config\Cache), false)
#11 C:\xampp\htdocs\otmiza_sgc_new\public\index.php(37): CodeIgniter\CodeIgniter->run()
#12 {main}
CRITICAL - 2022-01-16 16:16:17 --> date_default_timezone_set(): Timezone ID 'America/SãoPaulo' is invalid
#0 [internal function]: CodeIgniter\Debug\Exceptions->errorHandler(8, 'date_default_ti...', 'C:\\xampp\\htdocs...', 184)
#1 C:\xampp\htdocs\otmiza_sgc_new\system\CodeIgniter.php(184): date_default_timezone_set('America/S\xC3\xA3oPau...')
#2 C:\xampp\htdocs\otmiza_sgc_new\system\bootstrap.php(146): CodeIgniter\CodeIgniter->initialize()
#3 C:\xampp\htdocs\otmiza_sgc_new\public\index.php(28): require('C:\\xampp\\htdocs...')
#4 {main}
CRITICAL - 2022-01-16 16:16:57 --> date_default_timezone_set(): Timezone ID 'America/São_Paulo' is invalid
#0 [internal function]: CodeIgniter\Debug\Exceptions->errorHandler(8, 'date_default_ti...', 'C:\\xampp\\htdocs...', 184)
#1 C:\xampp\htdocs\otmiza_sgc_new\system\CodeIgniter.php(184): date_default_timezone_set('America/S\xC3\xA3o_Pa...')
#2 C:\xampp\htdocs\otmiza_sgc_new\system\bootstrap.php(146): CodeIgniter\CodeIgniter->initialize()
#3 C:\xampp\htdocs\otmiza_sgc_new\public\index.php(28): require('C:\\xampp\\htdocs...')
#4 {main}
CRITICAL - 2022-01-16 16:47:14 --> Undefined array key "active btn btn-sm btn-primary"
#0 C:\xampp\htdocs\otmiza_sgc_new\app\Views\_common\Pager\bootstrapPager.php(27): CodeIgniter\Debug\Exceptions->errorHandler(2, 'Undefined array...', 'C:\\xampp\\htdocs...', 27)
#1 C:\xampp\htdocs\otmiza_sgc_new\system\View\View.php(210): include('C:\\xampp\\htdocs...')
#2 C:\xampp\htdocs\otmiza_sgc_new\system\View\View.php(213): CodeIgniter\View\View->CodeIgniter\View\{closure}()
#3 C:\xampp\htdocs\otmiza_sgc_new\system\Pager\Pager.php(125): CodeIgniter\View\View->render('_common\\pager\\b...')
#4 C:\xampp\htdocs\otmiza_sgc_new\system\Pager\Pager.php(83): CodeIgniter\Pager\Pager->displayLinks('default', 'bootstrap_pager')
#5 C:\xampp\htdocs\otmiza_sgc_new\app\Views\usuario\index.php(85): CodeIgniter\Pager\Pager->links('default', 'bootstrap_pager')
#6 C:\xampp\htdocs\otmiza_sgc_new\system\View\View.php(210): include('C:\\xampp\\htdocs...')
#7 C:\xampp\htdocs\otmiza_sgc_new\system\View\View.php(213): CodeIgniter\View\View->CodeIgniter\View\{closure}()
#8 C:\xampp\htdocs\otmiza_sgc_new\system\Common.php(1089): CodeIgniter\View\View->render('usuario/index', Array, true)
#9 C:\xampp\htdocs\otmiza_sgc_new\app\Controllers\Usuario.php(47): view('usuario/index', Array)
#10 C:\xampp\htdocs\otmiza_sgc_new\system\CodeIgniter.php(825): App\Controllers\Usuario->index()
#11 C:\xampp\htdocs\otmiza_sgc_new\system\CodeIgniter.php(412): CodeIgniter\CodeIgniter->runController(Object(App\Controllers\Usuario))
#12 C:\xampp\htdocs\otmiza_sgc_new\system\CodeIgniter.php(320): CodeIgniter\CodeIgniter->handleRequest(NULL, Object(Config\Cache), false)
#13 C:\xampp\htdocs\otmiza_sgc_new\public\index.php(37): CodeIgniter\CodeIgniter->run()
#14 {main}
