CRITICAL - 2022-10-26 22:49:54 --> Too few arguments to function App\Controllers\Modelo::index(), 0 passed in C:\xampp\htdocs\otmiza_sgc_new\system\CodeIgniter.php on line 825 and exactly 2 expected
#0 C:\xampp\htdocs\otmiza_sgc_new\system\CodeIgniter.php(825): App\Controllers\Modelo->index()
#1 C:\xampp\htdocs\otmiza_sgc_new\system\CodeIgniter.php(412): CodeIgniter\CodeIgniter->runController(Object(App\Controllers\Modelo))
#2 C:\xampp\htdocs\otmiza_sgc_new\system\CodeIgniter.php(320): CodeIgniter\CodeIgniter->handleRequest(NULL, Object(Config\Cache), false)
#3 C:\xampp\htdocs\otmiza_sgc_new\public\index.php(37): CodeIgniter\CodeIgniter->run()
#4 {main}
CRITICAL - 2022-10-26 22:51:04 --> Too few arguments to function App\Controllers\Modelo::index(), 0 passed in C:\xampp\htdocs\otmiza_sgc_new\system\CodeIgniter.php on line 825 and exactly 2 expected
#0 C:\xampp\htdocs\otmiza_sgc_new\system\CodeIgniter.php(825): App\Controllers\Modelo->index()
#1 C:\xampp\htdocs\otmiza_sgc_new\system\CodeIgniter.php(412): CodeIgniter\CodeIgniter->runController(Object(App\Controllers\Modelo))
#2 C:\xampp\htdocs\otmiza_sgc_new\system\CodeIgniter.php(320): CodeIgniter\CodeIgniter->handleRequest(NULL, Object(Config\Cache), false)
#3 C:\xampp\htdocs\otmiza_sgc_new\public\index.php(37): CodeIgniter\CodeIgniter->run()
#4 {main}
CRITICAL - 2022-10-26 22:54:05 --> Too few arguments to function App\Controllers\Modelo::index(), 0 passed in C:\xampp\htdocs\otmiza_sgc_new\system\CodeIgniter.php on line 825 and exactly 2 expected
#0 C:\xampp\htdocs\otmiza_sgc_new\system\CodeIgniter.php(825): App\Controllers\Modelo->index()
#1 C:\xampp\htdocs\otmiza_sgc_new\system\CodeIgniter.php(412): CodeIgniter\CodeIgniter->runController(Object(App\Controllers\Modelo))
#2 C:\xampp\htdocs\otmiza_sgc_new\system\CodeIgniter.php(320): CodeIgniter\CodeIgniter->handleRequest(NULL, Object(Config\Cache), false)
#3 C:\xampp\htdocs\otmiza_sgc_new\public\index.php(37): CodeIgniter\CodeIgniter->run()
#4 {main}
CRITICAL - 2022-10-26 22:58:03 --> Call to a member function addPesquisar() on array
#0 C:\xampp\htdocs\otmiza_sgc_new\system\CodeIgniter.php(825): App\Controllers\Modelo->index()
#1 C:\xampp\htdocs\otmiza_sgc_new\system\CodeIgniter.php(412): CodeIgniter\CodeIgniter->runController(Object(App\Controllers\Modelo))
#2 C:\xampp\htdocs\otmiza_sgc_new\system\CodeIgniter.php(320): CodeIgniter\CodeIgniter->handleRequest(NULL, Object(Config\Cache), false)
#3 C:\xampp\htdocs\otmiza_sgc_new\public\index.php(37): CodeIgniter\CodeIgniter->run()
#4 {main}
CRITICAL - 2022-10-26 22:58:47 --> Call to a member function find() on array
#0 C:\xampp\htdocs\otmiza_sgc_new\system\CodeIgniter.php(825): App\Controllers\Modelo->index()
#1 C:\xampp\htdocs\otmiza_sgc_new\system\CodeIgniter.php(412): CodeIgniter\CodeIgniter->runController(Object(App\Controllers\Modelo))
#2 C:\xampp\htdocs\otmiza_sgc_new\system\CodeIgniter.php(320): CodeIgniter\CodeIgniter->handleRequest(NULL, Object(Config\Cache), false)
#3 C:\xampp\htdocs\otmiza_sgc_new\public\index.php(37): CodeIgniter\CodeIgniter->run()
#4 {main}
CRITICAL - 2022-10-26 23:05:29 --> Call to a member function find() on array
#0 C:\xampp\htdocs\otmiza_sgc_new\system\CodeIgniter.php(825): App\Controllers\Modelo->index()
#1 C:\xampp\htdocs\otmiza_sgc_new\system\CodeIgniter.php(412): CodeIgniter\CodeIgniter->runController(Object(App\Controllers\Modelo))
#2 C:\xampp\htdocs\otmiza_sgc_new\system\CodeIgniter.php(320): CodeIgniter\CodeIgniter->handleRequest(NULL, Object(Config\Cache), false)
#3 C:\xampp\htdocs\otmiza_sgc_new\public\index.php(37): CodeIgniter\CodeIgniter->run()
#4 {main}
CRITICAL - 2022-10-26 23:06:20 --> Too few arguments to function App\Controllers\Modelo::index(), 0 passed in C:\xampp\htdocs\otmiza_sgc_new\system\CodeIgniter.php on line 825 and exactly 1 expected
#0 C:\xampp\htdocs\otmiza_sgc_new\system\CodeIgniter.php(825): App\Controllers\Modelo->index()
#1 C:\xampp\htdocs\otmiza_sgc_new\system\CodeIgniter.php(412): CodeIgniter\CodeIgniter->runController(Object(App\Controllers\Modelo))
#2 C:\xampp\htdocs\otmiza_sgc_new\system\CodeIgniter.php(320): CodeIgniter\CodeIgniter->handleRequest(NULL, Object(Config\Cache), false)
#3 C:\xampp\htdocs\otmiza_sgc_new\public\index.php(37): CodeIgniter\CodeIgniter->run()
#4 {main}
CRITICAL - 2022-10-26 23:07:00 --> Undefined array key "id"
#0 C:\xampp\htdocs\otmiza_sgc_new\app\Controllers\Modelo.php(42): CodeIgniter\Debug\Exceptions->errorHandler(2, 'Undefined array...', 'C:\\xampp\\htdocs...', 42)
#1 C:\xampp\htdocs\otmiza_sgc_new\system\CodeIgniter.php(825): App\Controllers\Modelo->index()
#2 C:\xampp\htdocs\otmiza_sgc_new\system\CodeIgniter.php(412): CodeIgniter\CodeIgniter->runController(Object(App\Controllers\Modelo))
#3 C:\xampp\htdocs\otmiza_sgc_new\system\CodeIgniter.php(320): CodeIgniter\CodeIgniter->handleRequest(NULL, Object(Config\Cache), false)
#4 C:\xampp\htdocs\otmiza_sgc_new\public\index.php(37): CodeIgniter\CodeIgniter->run()
#5 {main}
CRITICAL - 2022-10-26 23:07:24 --> Undefined array key "tamanho"
#0 C:\xampp\htdocs\otmiza_sgc_new\app\Controllers\Modelo.php(40): CodeIgniter\Debug\Exceptions->errorHandler(2, 'Undefined array...', 'C:\\xampp\\htdocs...', 40)
#1 C:\xampp\htdocs\otmiza_sgc_new\system\CodeIgniter.php(825): App\Controllers\Modelo->index()
#2 C:\xampp\htdocs\otmiza_sgc_new\system\CodeIgniter.php(412): CodeIgniter\CodeIgniter->runController(Object(App\Controllers\Modelo))
#3 C:\xampp\htdocs\otmiza_sgc_new\system\CodeIgniter.php(320): CodeIgniter\CodeIgniter->handleRequest(NULL, Object(Config\Cache), false)
#4 C:\xampp\htdocs\otmiza_sgc_new\public\index.php(37): CodeIgniter\CodeIgniter->run()
#5 {main}
CRITICAL - 2022-10-26 23:07:47 --> Undefined array key "id"
#0 C:\xampp\htdocs\otmiza_sgc_new\app\Controllers\Modelo.php(40): CodeIgniter\Debug\Exceptions->errorHandler(2, 'Undefined array...', 'C:\\xampp\\htdocs...', 40)
#1 C:\xampp\htdocs\otmiza_sgc_new\system\CodeIgniter.php(825): App\Controllers\Modelo->index()
#2 C:\xampp\htdocs\otmiza_sgc_new\system\CodeIgniter.php(412): CodeIgniter\CodeIgniter->runController(Object(App\Controllers\Modelo))
#3 C:\xampp\htdocs\otmiza_sgc_new\system\CodeIgniter.php(320): CodeIgniter\CodeIgniter->handleRequest(NULL, Object(Config\Cache), false)
#4 C:\xampp\htdocs\otmiza_sgc_new\public\index.php(37): CodeIgniter\CodeIgniter->run()
#5 {main}
CRITICAL - 2022-10-26 23:08:17 --> Undefined array key "id"
#0 C:\xampp\htdocs\otmiza_sgc_new\app\Controllers\Modelo.php(40): CodeIgniter\Debug\Exceptions->errorHandler(2, 'Undefined array...', 'C:\\xampp\\htdocs...', 40)
#1 C:\xampp\htdocs\otmiza_sgc_new\system\CodeIgniter.php(825): App\Controllers\Modelo->index()
#2 C:\xampp\htdocs\otmiza_sgc_new\system\CodeIgniter.php(412): CodeIgniter\CodeIgniter->runController(Object(App\Controllers\Modelo))
#3 C:\xampp\htdocs\otmiza_sgc_new\system\CodeIgniter.php(320): CodeIgniter\CodeIgniter->handleRequest(NULL, Object(Config\Cache), false)
#4 C:\xampp\htdocs\otmiza_sgc_new\public\index.php(37): CodeIgniter\CodeIgniter->run()
#5 {main}
CRITICAL - 2022-10-26 23:10:43 --> Too few arguments to function App\Models\GradeModel::getByIdModelo(), 0 passed in C:\xampp\htdocs\otmiza_sgc_new\app\Controllers\Modelo.php on line 40 and exactly 1 expected
#0 C:\xampp\htdocs\otmiza_sgc_new\app\Controllers\Modelo.php(40): App\Models\GradeModel->getByIdModelo()
#1 C:\xampp\htdocs\otmiza_sgc_new\system\CodeIgniter.php(825): App\Controllers\Modelo->index()
#2 C:\xampp\htdocs\otmiza_sgc_new\system\CodeIgniter.php(412): CodeIgniter\CodeIgniter->runController(Object(App\Controllers\Modelo))
#3 C:\xampp\htdocs\otmiza_sgc_new\system\CodeIgniter.php(320): CodeIgniter\CodeIgniter->handleRequest(NULL, Object(Config\Cache), false)
#4 C:\xampp\htdocs\otmiza_sgc_new\public\index.php(37): CodeIgniter\CodeIgniter->run()
#5 {main}
CRITICAL - 2022-10-26 23:19:30 --> Undefined array key "id"
#0 C:\xampp\htdocs\otmiza_sgc_new\app\Controllers\Modelo.php(40): CodeIgniter\Debug\Exceptions->errorHandler(2, 'Undefined array...', 'C:\\xampp\\htdocs...', 40)
#1 C:\xampp\htdocs\otmiza_sgc_new\system\CodeIgniter.php(825): App\Controllers\Modelo->index()
#2 C:\xampp\htdocs\otmiza_sgc_new\system\CodeIgniter.php(412): CodeIgniter\CodeIgniter->runController(Object(App\Controllers\Modelo))
#3 C:\xampp\htdocs\otmiza_sgc_new\system\CodeIgniter.php(320): CodeIgniter\CodeIgniter->handleRequest(NULL, Object(Config\Cache), false)
#4 C:\xampp\htdocs\otmiza_sgc_new\public\index.php(37): CodeIgniter\CodeIgniter->run()
#5 {main}
CRITICAL - 2022-10-26 23:19:43 --> Undefined array key "id_modelo"
#0 C:\xampp\htdocs\otmiza_sgc_new\app\Controllers\Modelo.php(40): CodeIgniter\Debug\Exceptions->errorHandler(2, 'Undefined array...', 'C:\\xampp\\htdocs...', 40)
#1 C:\xampp\htdocs\otmiza_sgc_new\system\CodeIgniter.php(825): App\Controllers\Modelo->index()
#2 C:\xampp\htdocs\otmiza_sgc_new\system\CodeIgniter.php(412): CodeIgniter\CodeIgniter->runController(Object(App\Controllers\Modelo))
#3 C:\xampp\htdocs\otmiza_sgc_new\system\CodeIgniter.php(320): CodeIgniter\CodeIgniter->handleRequest(NULL, Object(Config\Cache), false)
#4 C:\xampp\htdocs\otmiza_sgc_new\public\index.php(37): CodeIgniter\CodeIgniter->run()
#5 {main}
CRITICAL - 2022-10-26 23:19:56 --> Undefined array key "modelo_id"
#0 C:\xampp\htdocs\otmiza_sgc_new\app\Controllers\Modelo.php(40): CodeIgniter\Debug\Exceptions->errorHandler(2, 'Undefined array...', 'C:\\xampp\\htdocs...', 40)
#1 C:\xampp\htdocs\otmiza_sgc_new\system\CodeIgniter.php(825): App\Controllers\Modelo->index()
#2 C:\xampp\htdocs\otmiza_sgc_new\system\CodeIgniter.php(412): CodeIgniter\CodeIgniter->runController(Object(App\Controllers\Modelo))
#3 C:\xampp\htdocs\otmiza_sgc_new\system\CodeIgniter.php(320): CodeIgniter\CodeIgniter->handleRequest(NULL, Object(Config\Cache), false)
#4 C:\xampp\htdocs\otmiza_sgc_new\public\index.php(37): CodeIgniter\CodeIgniter->run()
#5 {main}
CRITICAL - 2022-10-26 23:20:00 --> Undefined array key "modelo_id"
#0 C:\xampp\htdocs\otmiza_sgc_new\app\Controllers\Modelo.php(40): CodeIgniter\Debug\Exceptions->errorHandler(2, 'Undefined array...', 'C:\\xampp\\htdocs...', 40)
#1 C:\xampp\htdocs\otmiza_sgc_new\system\CodeIgniter.php(825): App\Controllers\Modelo->index()
#2 C:\xampp\htdocs\otmiza_sgc_new\system\CodeIgniter.php(412): CodeIgniter\CodeIgniter->runController(Object(App\Controllers\Modelo))
#3 C:\xampp\htdocs\otmiza_sgc_new\system\CodeIgniter.php(320): CodeIgniter\CodeIgniter->handleRequest(NULL, Object(Config\Cache), false)
#4 C:\xampp\htdocs\otmiza_sgc_new\public\index.php(37): CodeIgniter\CodeIgniter->run()
#5 {main}
